<?xml version="1.0" encoding="UTF-8"?>
<!-- Generated by org.testng.reporters.JUnitXMLReporter -->
<testsuite ignored="0" hostname="DESKTOP-6RSBDQK" failures="0" tests="3" name="Default test" time="29.584" errors="0" timestamp="2025-09-18T19:36:14 IST">
  <testcase classname="test.ScrollExample" name="amazonScrolling" time="6.473"/>
  <testcase classname="test.ScrollExample" name="githubScrolling" time="9.343"/>
  <testcase classname="test.ScrollExample" name="youtubeScrolling" time="12.043"/>
</testsuite> <!-- Default test -->
