<?xml version="1.0" encoding="UTF-8"?>
<!-- Generated by org.testng.reporters.JUnitXMLReporter -->
<testsuite ignored="1" hostname="DESKTOP-6RSBDQK" failures="0" tests="1" name="Default test" time="4.412" errors="0" timestamp="2025-08-29T14:14:15 IST">
  <testcase classname="test.WebElementCommand" name="facebook_elementAction" time="4.113"/>
  <testcase classname="test.WebElementCommand" name="facebook_ButtonAttribute" time="0.0">
    <ignored/>
  </testcase> <!-- facebook_ButtonAttribute -->
</testsuite> <!-- Default test -->
