<?xml version="1.0" encoding="UTF-8"?>
<!-- Generated by org.testng.reporters.JUnitXMLReporter -->
<testsuite ignored="1" hostname="DESKTOP-6RSBDQK" failures="0" tests="57" name="Test" time="402.887" errors="0" timestamp="2025-09-26T18:04:22 IST">
  <testcase classname="test.AlertExample" name="InternetSite_alertDemo" time="4.4"/>
  <testcase classname="test.AllAnnotationExample" name="T1" time="0.006"/>
  <testcase classname="test.AllAnnotationExample" name="T2" time="0.004"/>
  <testcase classname="test.BrowserCommand" name="Google_Browsercommand" time="3.593"/>
  <testcase classname="test.BrowserCommand" name="Youtube_Navigation" time="9.018"/>
  <testcase classname="test.BrowserCommand" name="GoogleSignClick" time="2.54"/>
  <testcase classname="test.BrowserCommand" name="Google_navDemo" time="11.97"/>
  <testcase classname="test.DataproviderExample" name="validLogin" time="0.003"/>
  <testcase classname="test.DataproviderExample" name="validLogin" time="0.002"/>
  <testcase classname="test.DataproviderExample" name="validLogin" time="0.003"/>
  <testcase classname="test.DependacyExample" name="Createuser" time="0.002"/>
  <testcase classname="test.DependacyExample" name="Updatepassword" time="0.002"/>
  <testcase classname="test.DependacyExample" name="Deleteuser" time="0.001"/>
  <testcase classname="test.DependacyExample" name="Read" time="0.003"/>
  <testcase classname="test.Dummy" name="Amzon_software" time="15.19"/>
  <testcase classname="test.GoogleLogin" name="Google_LoginTC" time="11.62"/>
  <testcase classname="test.GroupsExample" name="Deleteuser" time="0.003"/>
  <testcase classname="test.GroupsExample" name="Read" time="0.004"/>
  <testcase classname="test.GroupsExample" name="Read1" time="0.003"/>
  <testcase classname="test.GroupsExample" name="Updatepassword" time="0.003"/>
  <testcase classname="test.GroupsExample" name="a1" time="0.003"/>
  <testcase classname="test.GroupsTesting" name="Deleteuser" time="0.003"/>
  <testcase classname="test.GroupsTesting" name="Read" time="0.004"/>
  <testcase classname="test.GroupsTesting" name="Updatepassword" time="0.003"/>
  <testcase classname="test.GroupsTesting" name="a1" time="0.006"/>
  <testcase classname="test.HardAssertExample" name="tc1" time="0.007"/>
  <testcase classname="test.HardAssertExample" name="tc2" time="0.004"/>
  <testcase classname="test.IframeExample" name="Internet_iframeDemo" time="33.892"/>
  <testcase classname="test.List_WebElement_Amazon" name="Amazon_locatoramazon" time="104.262"/>
  <testcase classname="test.List_WebElement_Amazon" name="Amazon_product_scrolling" time="19.674"/>
  <testcase classname="test.ParametersExample" name="ValidusrnameValidPasswordTest" time="0.01"/>
  <testcase classname="test.Para_Example" name="InvalidLogin" time="0.003"/>
  <testcase classname="test.Para_Example" name="validLogin" time="0.004"/>
  <testcase classname="test.ReadExcel" name="Facebook_login" time="8.415"/>
  <testcase classname="test.ReadExcel" name="downloadfile" time="0.835"/>
  <testcase classname="test.RobotExample" name="tinypng_robotExample" time="16.334"/>
  <testcase classname="test.Rollsroyce" name="Rolls_royce_mediaNavigation" time="11.225"/>
  <testcase classname="test.ScrollExample" name="amazonScrolling" time="34.244"/>
  <testcase classname="test.ScrollExample" name="githubScrolling" time="9.768"/>
  <testcase classname="test.ScrollExample" name="youtubeScrolling" time="13.297"/>
  <testcase classname="test.SoftAssertExample" name="tc1" time="0.005"/>
  <testcase classname="test.SoftAssertExample" name="tc2" time="0.004"/>
  <testcase classname="test.Testing" name="OpenAmazon" time="36.332"/>
  <testcase classname="test.Testing" name="OpenFacebook" time="1.159"/>
  <testcase classname="test.TestPriorityExample" name="a1" time="0.007"/>
  <testcase classname="test.TestPriorityExample" name="a4" time="0.007"/>
  <testcase classname="test.TestPriorityExample" name="a2" time="0.004"/>
  <testcase classname="test.TestPriorityExample" name="a3" time="0.005"/>
  <testcase classname="test.TestRelatedExample" name="ValidUsernameandPassword" time="0.002"/>
  <testcase classname="test.TestRelatedExample" name="ValidUsernameandPassword1" time="0.002"/>
  <testcase classname="test.TestRelatedExample" name="ValidUsernameandPassword2" time="0.002"/>
  <testcase classname="test.Test_facebook" name="facebook_locator" time="2.3"/>
  <testcase classname="test.Test_facebook" name="openFacebook" time="3.133"/>
  <testcase classname="test.WaitExample" name="facebook_explitcitWaitExample" time="11.369"/>
  <testcase classname="test.WebElementCommand" name="facebook_elementAction" time="2.196"/>
  <testcase classname="test.WebElementCommand" name="facebook_ButtonAttribute" time="0.829"/>
  <testcase classname="test.WindowManagementExample" name="facebook_WindowHandlesdemo" time="10.359"/>
  <testcase classname="test.ReadExcel" name="WriteExcel" time="0.0">
    <ignored/>
  </testcase> <!-- WriteExcel -->
</testsuite> <!-- Test -->
