<?xml version="1.0" encoding="UTF-8"?>
<!-- Generated by org.testng.reporters.JUnitXMLReporter -->
<testsuite ignored="2" hostname="DESKTOP-6RSBDQK" failures="0" tests="56" name="Test" time="302.283" errors="0" timestamp="2025-09-09T18:19:16 IST">
  <testcase classname="test.AlertExample" name="InternetSite_alertDemo" time="5.323"/>
  <testcase classname="test.AllAnnotationExample" name="T1" time="0.0"/>
  <testcase classname="test.AllAnnotationExample" name="T2" time="0.003"/>
  <testcase classname="test.BrowserCommand" name="Google_Browsercommand" time="4.253"/>
  <testcase classname="test.BrowserCommand" name="Youtube_Navigation" time="10.924"/>
  <testcase classname="test.BrowserCommand" name="GoogleSignClick" time="2.923"/>
  <testcase classname="test.BrowserCommand" name="Google_navDemo" time="12.488"/>
  <testcase classname="test.DataproviderExample" name="validLogin" time="0.004"/>
  <testcase classname="test.DataproviderExample" name="validLogin" time="0.002"/>
  <testcase classname="test.DataproviderExample" name="validLogin" time="0.002"/>
  <testcase classname="test.DependacyExample" name="Createuser" time="0.002"/>
  <testcase classname="test.DependacyExample" name="Updatepassword" time="0.003"/>
  <testcase classname="test.DependacyExample" name="Deleteuser" time="0.002"/>
  <testcase classname="test.DependacyExample" name="Read" time="0.002"/>
  <testcase classname="test.Dummy" name="Amzon_software" time="8.421"/>
  <testcase classname="test.GoogleLogin" name="Google_LoginTC" time="13.952"/>
  <testcase classname="test.GroupsExample" name="Deleteuser" time="0.003"/>
  <testcase classname="test.GroupsExample" name="Read" time="0.004"/>
  <testcase classname="test.GroupsExample" name="Read1" time="0.002"/>
  <testcase classname="test.GroupsExample" name="Updatepassword" time="0.002"/>
  <testcase classname="test.GroupsExample" name="a1" time="0.002"/>
  <testcase classname="test.GroupsTesting" name="Deleteuser" time="0.003"/>
  <testcase classname="test.GroupsTesting" name="Read" time="0.002"/>
  <testcase classname="test.GroupsTesting" name="Updatepassword" time="0.004"/>
  <testcase classname="test.GroupsTesting" name="a1" time="0.002"/>
  <testcase classname="test.HardAssertExample" name="tc1" time="0.007"/>
  <testcase classname="test.HardAssertExample" name="tc2" time="0.002"/>
  <testcase classname="test.IframeExample" name="Internet_iframeDemo" time="34.349"/>
  <testcase classname="test.List_WebElement_Amazon" name="Amazon_locatoramazon" time="3.592"/>
  <testcase classname="test.List_WebElement_Amazon" name="Amazon_product_scrolling" time="18.54"/>
  <testcase classname="test.ParametersExample" name="ValidusrnameValidPasswordTest" time="0.016"/>
  <testcase classname="test.Para_Example" name="InvalidLogin" time="0.004"/>
  <testcase classname="test.Para_Example" name="validLogin" time="0.002"/>
  <testcase classname="test.ReadExcel" name="Facebook_login" time="12.484"/>
  <testcase classname="test.ReadExcel" name="downloadfile" time="0.904"/>
  <testcase classname="test.RobotExample" name="tinypng_robotExample" time="16.277"/>
  <testcase classname="test.ScrollExample" name="amazonScrolling" time="33.038"/>
  <testcase classname="test.ScrollExample" name="githubScrolling" time="11.861"/>
  <testcase classname="test.ScrollExample" name="youtubeScrolling" time="14.38"/>
  <testcase classname="test.SoftAssertExample" name="tc1" time="0.005"/>
  <testcase classname="test.SoftAssertExample" name="tc2" time="0.003"/>
  <testcase classname="test.Testing" name="OpenAmazon" time="8.715"/>
  <testcase classname="test.Testing" name="OpenFacebook" time="2.641"/>
  <testcase classname="test.TestPriorityExample" name="a1" time="0.003"/>
  <testcase classname="test.TestPriorityExample" name="a4" time="0.005"/>
  <testcase classname="test.TestPriorityExample" name="a2" time="0.0"/>
  <testcase classname="test.TestPriorityExample" name="a3" time="0.004"/>
  <testcase classname="test.TestRelatedExample" name="ValidUsernameandPassword" time="0.005"/>
  <testcase classname="test.TestRelatedExample" name="ValidUsernameandPassword1" time="0.002"/>
  <testcase classname="test.TestRelatedExample" name="ValidUsernameandPassword2" time="0.0"/>
  <testcase classname="test.Test_facebook" name="facebook_locator" time="4.856"/>
  <testcase classname="test.Test_facebook" name="openFacebook" time="4.991"/>
  <testcase classname="test.WaitExample" name="facebook_explitcitWaitExample" time="12.812"/>
  <testcase classname="test.WebElementCommand" name="facebook_elementAction" time="4.487"/>
  <testcase classname="test.WebElementCommand" name="facebook_ButtonAttribute" time="1.421"/>
  <testcase classname="test.WindowManagementExample" name="facebook_WindowHandlesdemo" time="11.228"/>
  <testcase classname="test.Rollsroyce" name="Rolls_royce_mediaNavigation" time="0.0">
    <ignored/>
  </testcase> <!-- Rolls_royce_mediaNavigation -->
  <testcase classname="test.ReadExcel" name="WriteExcel" time="0.0">
    <ignored/>
  </testcase> <!-- WriteExcel -->
</testsuite> <!-- Test -->
