<?xml version="1.0" encoding="UTF-8"?>
<!-- Generated by org.testng.reporters.JUnitXMLReporter -->
<testsuite ignored="2" hostname="DESKTOP-6RSBDQK" failures="1" tests="56" name="Test" time="790.104" errors="0" timestamp="2025-08-20T15:08:24 IST">
  <testcase classname="test.AlertExample" name="alertDemo" time="59.806"/>
  <testcase classname="test.AllAnnotationExample" name="T1" time="0.004"/>
  <testcase classname="test.AllAnnotationExample" name="T2" time="0.002"/>
  <testcase classname="test.BrowserCommand" name="Browsercommand" time="17.391"/>
  <testcase classname="test.BrowserCommand" name="Navigation" time="141.918"/>
  <testcase classname="test.BrowserCommand" name="GoogleSignClick" time="16.041"/>
  <testcase classname="test.BrowserCommand" name="navDemo" time="97.036"/>
  <testcase classname="test.DataproviderExample" name="validLogin" time="0.005"/>
  <testcase classname="test.DataproviderExample" name="validLogin" time="0.002"/>
  <testcase classname="test.DataproviderExample" name="validLogin" time="0.002"/>
  <testcase classname="test.DependacyExample" name="Createuser" time="0.002"/>
  <testcase classname="test.DependacyExample" name="Updatepassword" time="0.004"/>
  <testcase classname="test.DependacyExample" name="Deleteuser" time="0.001"/>
  <testcase classname="test.DependacyExample" name="Read" time="0.002"/>
  <testcase classname="test.Dummy" name="software" time="24.098"/>
  <testcase classname="test.GoogleLogin" name="LoginTestcase" time="67.853">
    <failure type="org.openqa.selenium.NoSuchElementException" message="no such element: Unable to locate element: {&amp;quot;method&amp;quot;:&amp;quot;xpath&amp;quot;,&amp;quot;selector&amp;quot;:&amp;quot;//span[@class=&amp;apos;VfPpkd-StrnGf-rymPhb-b9t22c&amp;apos;]&amp;quot;}
  (Session info: chrome=139.0.7258.128)
For documentation on this error, please visit: https://www.selenium.dev/documentation/webdriver/troubleshooting/errors#no-such-element-exception
Build info: version: &amp;apos;4.34.0&amp;apos;, revision: &amp;apos;707dcb4246*&amp;apos;
System info: os.name: &amp;apos;Windows 11&amp;apos;, os.arch: &amp;apos;amd64&amp;apos;, os.version: &amp;apos;10.0&amp;apos;, java.version: &amp;apos;21.0.4&amp;apos;
Driver info: org.openqa.selenium.chrome.ChromeDriver
Command: [132e53374fcbceccd31833f7ac9f5d47, findElement {value=//span[@class=&amp;apos;VfPpkd-StrnGf-rymPhb-b9t22c&amp;apos;], using=xpath}]
Capabilities {acceptInsecureCerts: false, browserName: chrome, browserVersion: 139.0.7258.128, chrome: {chromedriverVersion: 139.0.7258.138 (884e54ea8d4..., userDataDir: C:\Users\DELLEN~1\AppData\L...}, fedcm:accounts: true, goog:chromeOptions: {debuggerAddress: localhost:51728}, networkConnectionEnabled: false, pageLoadStrategy: normal, platformName: windows, proxy: Proxy(), se:cdp: ws://localhost:51728/devtoo..., se:cdpVersion: 139.0.7258.128, setWindowRect: true, strictFileInteractability: false, timeouts: {implicit: 0, pageLoad: 300000, script: 30000}, unhandledPromptBehavior: dismiss and notify, webauthn:extension:credBlob: true, webauthn:extension:largeBlob: true, webauthn:extension:minPinLength: true, webauthn:extension:prf: true, webauthn:virtualAuthenticators: true}
Session ID: 132e53374fcbceccd31833f7ac9f5d47">
      <![CDATA[org.openqa.selenium.NoSuchElementException: no such element: Unable to locate element: {"method":"xpath","selector":"//span[@class='VfPpkd-StrnGf-rymPhb-b9t22c']"}
  (Session info: chrome=139.0.7258.128)
For documentation on this error, please visit: https://www.selenium.dev/documentation/webdriver/troubleshooting/errors#no-such-element-exception
Build info: version: '4.34.0', revision: '707dcb4246*'
System info: os.name: 'Windows 11', os.arch: 'amd64', os.version: '10.0', java.version: '21.0.4'
Driver info: org.openqa.selenium.chrome.ChromeDriver
Command: [132e53374fcbceccd31833f7ac9f5d47, findElement {value=//span[@class='VfPpkd-StrnGf-rymPhb-b9t22c'], using=xpath}]
Capabilities {acceptInsecureCerts: false, browserName: chrome, browserVersion: 139.0.7258.128, chrome: {chromedriverVersion: 139.0.7258.138 (884e54ea8d4..., userDataDir: C:\Users\DELLEN~1\AppData\L...}, fedcm:accounts: true, goog:chromeOptions: {debuggerAddress: localhost:51728}, networkConnectionEnabled: false, pageLoadStrategy: normal, platformName: windows, proxy: Proxy(), se:cdp: ws://localhost:51728/devtoo..., se:cdpVersion: 139.0.7258.128, setWindowRect: true, strictFileInteractability: false, timeouts: {implicit: 0, pageLoad: 300000, script: 30000}, unhandledPromptBehavior: dismiss and notify, webauthn:extension:credBlob: true, webauthn:extension:largeBlob: true, webauthn:extension:minPinLength: true, webauthn:extension:prf: true, webauthn:virtualAuthenticators: true}
Session ID: 132e53374fcbceccd31833f7ac9f5d47
at org.openqa.selenium.remote.ErrorCodec.decode(ErrorCodec.java:167)
at org.openqa.selenium.remote.codec.w3c.W3CHttpResponseCodec.decode(W3CHttpResponseCodec.java:138)
at org.openqa.selenium.remote.codec.w3c.W3CHttpResponseCodec.decode(W3CHttpResponseCodec.java:50)
at org.openqa.selenium.remote.HttpCommandExecutor.execute(HttpCommandExecutor.java:215)
at org.openqa.selenium.remote.service.DriverCommandExecutor.invokeExecute(DriverCommandExecutor.java:216)
at org.openqa.selenium.remote.service.DriverCommandExecutor.execute(DriverCommandExecutor.java:174)
at org.openqa.selenium.remote.RemoteWebDriver.execute(RemoteWebDriver.java:544)
at org.openqa.selenium.remote.ElementLocation$ElementFinder$2.findElement(ElementLocation.java:165)
at org.openqa.selenium.remote.ElementLocation.findElement(ElementLocation.java:59)
at org.openqa.selenium.remote.RemoteWebDriver.findElement(RemoteWebDriver.java:367)
at org.openqa.selenium.remote.RemoteWebDriver.findElement(RemoteWebDriver.java:361)
at test.GoogleLogin.LoginTestcase(GoogleLogin.java:61)
at java.base/java.util.ArrayList.forEach(ArrayList.java:1596)
... Removed 32 stack frames]]>
    </failure>
  </testcase> <!-- LoginTestcase -->
  <testcase classname="test.GroupsExample" name="Deleteuser" time="0.004"/>
  <testcase classname="test.GroupsExample" name="Read" time="0.001"/>
  <testcase classname="test.GroupsExample" name="Read1" time="0.001"/>
  <testcase classname="test.GroupsExample" name="Updatepassword" time="0.004"/>
  <testcase classname="test.GroupsExample" name="a1" time="0.001"/>
  <testcase classname="test.GroupsTesting" name="Deleteuser" time="0.002"/>
  <testcase classname="test.GroupsTesting" name="Read" time="0.002"/>
  <testcase classname="test.GroupsTesting" name="Updatepassword" time="0.002"/>
  <testcase classname="test.GroupsTesting" name="a1" time="0.001"/>
  <testcase classname="test.HardAssertExample" name="tc1" time="0.009"/>
  <testcase classname="test.HardAssertExample" name="tc2" time="0.002"/>
  <testcase classname="test.IframeExample" name="iframeDemo" time="105.269"/>
  <testcase classname="test.List_WebElement_Amazon" name="locatoramazon" time="55.62"/>
  <testcase classname="test.List_WebElement_Amazon" name="software" time="53.073"/>
  <testcase classname="test.ParametersExample" name="ValidusrnameValidPasswordTest" time="0.003"/>
  <testcase classname="test.Para_Example" name="InvalidLogin" time="0.002"/>
  <testcase classname="test.Para_Example" name="validLogin" time="0.004"/>
  <testcase classname="test.ReadExcel" name="Readfile" time="21.03"/>
  <testcase classname="test.RobotExample" name="robotExample" time="35.449"/>
  <testcase classname="test.ScrollExample" name="amazonScrolling" time="7.123"/>
  <testcase classname="test.ScrollExample" name="githubScrolling" time="10.332"/>
  <testcase classname="test.ScrollExample" name="youtubeScrolling" time="10.879"/>
  <testcase classname="test.SoftAssertExample" name="tc1" time="0.005"/>
  <testcase classname="test.SoftAssertExample" name="tc2" time="0.003"/>
  <testcase classname="test.Testing" name="OpenAmazon" time="12.03"/>
  <testcase classname="test.Testing" name="OpenFacebook" time="2.227"/>
  <testcase classname="test.TestPriorityExample" name="a1" time="0.001"/>
  <testcase classname="test.TestPriorityExample" name="a4" time="0.001"/>
  <testcase classname="test.TestPriorityExample" name="a2" time="0.002"/>
  <testcase classname="test.TestPriorityExample" name="a3" time="0.001"/>
  <testcase classname="test.TestRelatedExample" name="ValidUsernameandPassword" time="0.002"/>
  <testcase classname="test.TestRelatedExample" name="ValidUsernameandPassword1" time="0.002"/>
  <testcase classname="test.TestRelatedExample" name="ValidUsernameandPassword2" time="0.002"/>
  <testcase classname="test.Test_facebook" name="locator" time="7.402"/>
  <testcase classname="test.Test_facebook" name="openFacebook" time="7.067"/>
  <testcase classname="test.WaitExample" name="explitcitWaitExample" time="12.258"/>
  <testcase classname="test.WebElementCommand" name="AletExample" time="6.977"/>
  <testcase classname="test.WebElementCommand" name="elementAction" time="2.944"/>
  <testcase classname="test.WebElementCommand" name="ButtonAttribute" time="2.491"/>
  <testcase classname="test.WindowManagementExample" name="WindowHandlesdemo" time="12.267"/>
  <testcase classname="test.ReadExcel" name="WriteExcel" time="0.0">
    <ignored/>
  </testcase> <!-- WriteExcel -->
  <testcase classname="test.Rollsroyce" name="mediaNavigation" time="0.0">
    <ignored/>
  </testcase> <!-- mediaNavigation -->
</testsuite> <!-- Test -->
