<?xml version="1.0" encoding="UTF-8"?>
<!-- Generated by org.testng.reporters.JUnitXMLReporter -->
<testsuite ignored="1" hostname="DESKTOP-6RSBDQK" failures="1" tests="55" name="Test" time="442.763" errors="0" timestamp="2026-01-21T18:15:28 IST">
  <testcase classname="test.AlertExample" name="InternetSite_alertDemo" time="8.284"/>
  <testcase classname="test.AllAnnotationExample" name="T1" time="0.003"/>
  <testcase classname="test.AllAnnotationExample" name="T2" time="0.001"/>
  <testcase classname="test.BrowserCommand" name="Google_Browsercommand" time="3.799"/>
  <testcase classname="test.BrowserCommand" name="Youtube_Navigation" time="9.281"/>
  <testcase classname="test.BrowserCommand" name="GoogleSignClick" time="2.646"/>
  <testcase classname="test.BrowserCommand" name="Google_navDemo" time="11.104"/>
  <testcase classname="test.DataproviderExample" name="validLogin" time="0.003"/>
  <testcase classname="test.DataproviderExample" name="validLogin" time="0.001"/>
  <testcase classname="test.DataproviderExample" name="validLogin" time="0.002"/>
  <testcase classname="test.DependacyExample" name="Createuser" time="0.001"/>
  <testcase classname="test.DependacyExample" name="Updatepassword" time="0.002"/>
  <testcase classname="test.DependacyExample" name="Deleteuser" time="0.002"/>
  <testcase classname="test.DependacyExample" name="Read" time="0.001"/>
  <testcase classname="test.Dummy" name="Amzon_software" time="15.219"/>
  <testcase classname="test.GoogleLogin" name="Google_LoginTC" time="20.185"/>
  <testcase classname="test.GroupsExample" name="Deleteuser" time="0.002"/>
  <testcase classname="test.GroupsExample" name="Read" time="0.002"/>
  <testcase classname="test.GroupsExample" name="Read1" time="0.002"/>
  <testcase classname="test.GroupsExample" name="Updatepassword" time="0.001"/>
  <testcase classname="test.GroupsExample" name="a1" time="0.001"/>
  <testcase classname="test.GroupsTesting" name="Deleteuser" time="0.001"/>
  <testcase classname="test.GroupsTesting" name="Read" time="0.002"/>
  <testcase classname="test.GroupsTesting" name="Updatepassword" time="0.002"/>
  <testcase classname="test.GroupsTesting" name="a1" time="0.002"/>
  <testcase classname="test.HardAssertExample" name="tc1" time="0.007"/>
  <testcase classname="test.HardAssertExample" name="tc2" time="0.001"/>
  <testcase classname="test.IframeExample" name="Internet_iframeDemo" time="43.303"/>
  <testcase classname="test.List_WebElement_Amazon" name="Amazon_locatoramazon" time="102.42"/>
  <testcase classname="test.List_WebElement_Amazon" name="Amazon_product_scrolling" time="18.145"/>
  <testcase classname="test.ParametersExample" name="ValidusrnameValidPasswordTest" time="0.008"/>
  <testcase classname="test.Para_Example" name="InvalidLogin" time="0.004"/>
  <testcase classname="test.Para_Example" name="validLogin" time="0.004"/>
  <testcase classname="test.ReadExcel" name="Facebook_login" time="8.043"/>
  <testcase classname="test.ReadExcel" name="downloadfile" time="0.884"/>
  <testcase classname="test.RobotExample" name="tinypng_robotExample" time="16.933"/>
  <testcase classname="test.Rollsroyce" name="Rolls_royce_mediaNavigation" time="13.9"/>
  <testcase classname="test.ScrollExample" name="amazonScrolling" time="35.295"/>
  <testcase classname="test.ScrollExample" name="githubScrolling" time="10.999"/>
  <testcase classname="test.ScrollExample" name="youtubeScrolling" time="11.489"/>
  <testcase classname="test.SoftAssertExample" name="tc1" time="0.005"/>
  <testcase classname="test.SoftAssertExample" name="tc2" time="0.002"/>
  <testcase classname="test.Testing" name="Amazon_hiddenElement" time="35.223"/>
  <testcase classname="test.TestPriorityExample" name="a1" time="0.003"/>
  <testcase classname="test.TestPriorityExample" name="a4" time="0.003"/>
  <testcase classname="test.TestPriorityExample" name="a2" time="0.004"/>
  <testcase classname="test.TestPriorityExample" name="a3" time="0.002"/>
  <testcase classname="test.TestRelatedExample" name="ValidUsernameandPassword" time="0.003"/>
  <testcase classname="test.TestRelatedExample" name="ValidUsernameandPassword1" time="0.002"/>
  <testcase classname="test.TestRelatedExample" name="ValidUsernameandPassword2" time="0.003"/>
  <testcase classname="test.Test_facebook" name="facebook_locator" time="5.088"/>
  <testcase classname="test.WaitExample" name="facebook_explitcitWaitExample" time="31.34">
    <failure type="org.openqa.selenium.NoSuchElementException" message="no such element: Unable to locate element: {&amp;quot;method&amp;quot;:&amp;quot;css selector&amp;quot;,&amp;quot;selector&amp;quot;:&amp;quot;#email&amp;quot;}
  (Session info: chrome=144.0.7559.59)
For documentation on this error, please visit: https://www.selenium.dev/documentation/webdriver/troubleshooting/errors#nosuchelementexception
Build info: version: &amp;apos;4.40.0&amp;apos;, revision: &amp;apos;b3333f1&amp;apos;
System info: os.name: &amp;apos;Windows 11&amp;apos;, os.arch: &amp;apos;amd64&amp;apos;, os.version: &amp;apos;10.0&amp;apos;, java.version: &amp;apos;21.0.4&amp;apos;
Driver info: org.openqa.selenium.chrome.ChromeDriver
Command: [ddc0e0f0082226c1ed9db2d725d3a705, findElement {value=email, using=id}]
Capabilities {acceptInsecureCerts: false, browserName: chrome, browserVersion: 144.0.7559.59, chrome: {chromedriverVersion: 144.0.7559.96 (d7b80622cfab..., userDataDir: C:\Users\DELLEN~1\AppData\L...}, fedcm:accounts: true, goog:chromeOptions: {debuggerAddress: localhost:57545}, goog:processID: 20328, networkConnectionEnabled: false, pageLoadStrategy: normal, platformName: windows, proxy: Proxy(), se:cdp: ws://localhost:57545/devtoo..., se:cdpVersion: 144.0.7559.59, setWindowRect: true, strictFileInteractability: false, timeouts: {implicit: 0, pageLoad: 300000, script: 30000}, unhandledPromptBehavior: dismiss and notify, webauthn:extension:credBlob: true, webauthn:extension:largeBlob: true, webauthn:extension:minPinLength: true, webauthn:extension:prf: true, webauthn:virtualAuthenticators: true}
Session ID: ddc0e0f0082226c1ed9db2d725d3a705">
      <![CDATA[org.openqa.selenium.NoSuchElementException: no such element: Unable to locate element: {"method":"css selector","selector":"#email"}
  (Session info: chrome=144.0.7559.59)
For documentation on this error, please visit: https://www.selenium.dev/documentation/webdriver/troubleshooting/errors#nosuchelementexception
Build info: version: '4.40.0', revision: 'b3333f1'
System info: os.name: 'Windows 11', os.arch: 'amd64', os.version: '10.0', java.version: '21.0.4'
Driver info: org.openqa.selenium.chrome.ChromeDriver
Command: [ddc0e0f0082226c1ed9db2d725d3a705, findElement {value=email, using=id}]
Capabilities {acceptInsecureCerts: false, browserName: chrome, browserVersion: 144.0.7559.59, chrome: {chromedriverVersion: 144.0.7559.96 (d7b80622cfab..., userDataDir: C:\Users\DELLEN~1\AppData\L...}, fedcm:accounts: true, goog:chromeOptions: {debuggerAddress: localhost:57545}, goog:processID: 20328, networkConnectionEnabled: false, pageLoadStrategy: normal, platformName: windows, proxy: Proxy(), se:cdp: ws://localhost:57545/devtoo..., se:cdpVersion: 144.0.7559.59, setWindowRect: true, strictFileInteractability: false, timeouts: {implicit: 0, pageLoad: 300000, script: 30000}, unhandledPromptBehavior: dismiss and notify, webauthn:extension:credBlob: true, webauthn:extension:largeBlob: true, webauthn:extension:minPinLength: true, webauthn:extension:prf: true, webauthn:virtualAuthenticators: true}
Session ID: ddc0e0f0082226c1ed9db2d725d3a705
at org.openqa.selenium.remote.ErrorCodec.decode(ErrorCodec.java:169)
at org.openqa.selenium.remote.codec.w3c.W3CHttpResponseCodec.decode(W3CHttpResponseCodec.java:142)
at org.openqa.selenium.remote.codec.w3c.W3CHttpResponseCodec.decode(W3CHttpResponseCodec.java:49)
at org.openqa.selenium.remote.HttpCommandExecutor.execute(HttpCommandExecutor.java:223)
at org.openqa.selenium.remote.service.DriverCommandExecutor.invokeExecute(DriverCommandExecutor.java:216)
at org.openqa.selenium.remote.service.DriverCommandExecutor.execute(DriverCommandExecutor.java:174)
at org.openqa.selenium.remote.RemoteWebDriver.execute(RemoteWebDriver.java:601)
at org.openqa.selenium.remote.ElementLocation$ElementFinder$2.findElement(ElementLocation.java:166)
at org.openqa.selenium.remote.ElementLocation.findElement(ElementLocation.java:67)
at org.openqa.selenium.remote.RemoteWebDriver.findElement(RemoteWebDriver.java:424)
at org.openqa.selenium.remote.RemoteWebDriver.findElement(RemoteWebDriver.java:418)
at test.WaitExample.facebook_explitcitWaitExample(WaitExample.java:22)
at java.base/java.util.ArrayList.forEach(ArrayList.java:1596)
... Removed 29 stack frames]]>
    </failure>
  </testcase> <!-- facebook_explitcitWaitExample -->
  <testcase classname="test.WebElementCommand" name="facebook_elementAction" time="2.168"/>
  <testcase classname="test.WebElementCommand" name="facebook_ButtonAttribute" time="0.961"/>
  <testcase classname="test.WindowManagementExample" name="facebook_WindowHandlesdemo" time="10.419"/>
  <testcase classname="test.ReadExcel" name="WriteExcel" time="0.0">
    <ignored/>
  </testcase> <!-- WriteExcel -->
</testsuite> <!-- Test -->
