<?xml version="1.0" encoding="UTF-8"?>
<testsuite xmlns:xsi="http://www.w3.org/2001/XMLSchema-instance" xsi:noNamespaceSchemaLocation="https://maven.apache.org/surefire/maven-surefire-plugin/xsd/surefire-test-report-3.0.xsd" version="3.0" name="TestSuite" time="445.836" tests="55" errors="0" skipped="0" failures="1">
  <properties>
[...]
</properties>
  <testcase name="InternetSite_alertDemo" classname="test.AlertExample" time="8.282">
    <system-out><![CDATA[from Before Suit 
from Before method 
Browser launched and navigated to site=
I am a JS prompt
]]></system-out>
    <system-err><![CDATA[SLF4J(W): No SLF4J providers were found.
SLF4J(W): Defaulting to no-operation (NOP) logger implementation
SLF4J(W): See https://www.slf4j.org/codes.html#noProviders for further details.
]]></system-err>
  </testcase>
  <testcase name="T1" classname="test.AllAnnotationExample" time="0.004">
    <system-out><![CDATA[Browser closed
from Before Class 
from Before Method
from Method T1
]]></system-out>
  </testcase>
  <testcase name="T2" classname="test.AllAnnotationExample" time="0.002">
    <system-out><![CDATA[from After Method
from Before Method
from Method T2
]]></system-out>
  </testcase>
  <testcase name="Google_Browsercommand" classname="test.BrowserCommand" time="3.806">
    <system-out><![CDATA[from After Method
from after Class 
Browser launched and navigated to site=
]]></system-out>
  </testcase>
  <testcase name="Youtube_Navigation" classname="test.BrowserCommand" time="9.284"/>
  <testcase name="GoogleSignClick" classname="test.BrowserCommand" time="2.647"/>
  <testcase name="Google_navDemo" classname="test.BrowserCommand" time="11.105">
    <system-out><![CDATA[Navigating to youtube page
File Name:trending_2026-01-21-18-08-40
Navigating back to youtube page
File Name:trending_2026-01-21-18-08-41
Navigating forward to youtube page
File Name:trending_2026-01-21-18-08-44
Refresh the youtube page
]]></system-out>
  </testcase>
  <testcase name="validLogin[Software Testing, Method Testing](1)" classname="test.DataproviderExample" time="0.003">
    <system-out><![CDATA[Browser closed
]]></system-out>
  </testcase>
  <testcase name="validLogin[Testing software, testing Method](2)" classname="test.DataproviderExample" time="0.002"/>
  <testcase name="validLogin[Testing software123, testing Method123](3)" classname="test.DataproviderExample" time="0.002"/>
  <testcase name="Createuser" classname="test.DependacyExample" time="0.003">
    <system-out><![CDATA[Inserting User
]]></system-out>
  </testcase>
  <testcase name="Updatepassword" classname="test.DependacyExample" time="0.004">
    <system-out><![CDATA[Update password
]]></system-out>
  </testcase>
  <testcase name="Deleteuser" classname="test.DependacyExample" time="0.004">
    <system-out><![CDATA[Delete user
]]></system-out>
  </testcase>
  <testcase name="Read" classname="test.DependacyExample" time="0.003">
    <system-out><![CDATA[Read
]]></system-out>
  </testcase>
  <testcase name="Amzon_software" classname="test.Dummy" time="15.221">
    <system-out><![CDATA[Found 24 product links:
https://www.amazon.in/dp/B0G1CJNJMN/ref=lajan2026/?_encoding=UTF8&pd_rd_w=k5Cuf&content-id=amzn1.sym.0552fd9e-e2a3-4dda-abb6-f226b6a227f4&pf_rd_p=0552fd9e-e2a3-4dda-abb6-f226b6a227f4&pf_rd_r=KGS014RS83TDNS0ZAB5J&pd_rd_wg=HX8jN&pd_rd_r=42ea9d0c-bc75-425e-a170-22f5a6391378
https://www.amazon.in/dp/B085ZP2M9Q/ref=lajan2026/?_encoding=UTF8&pd_rd_w=k5Cuf&content-id=amzn1.sym.0552fd9e-e2a3-4dda-abb6-f226b6a227f4&pf_rd_p=0552fd9e-e2a3-4dda-abb6-f226b6a227f4&pf_rd_r=KGS014RS83TDNS0ZAB5J&pd_rd_wg=HX8jN&pd_rd_r=42ea9d0c-bc75-425e-a170-22f5a6391378
https://www.amazon.in/dp/B093Q1SLL4/ref=lajan2026/?_encoding=UTF8&pd_rd_w=k5Cuf&content-id=amzn1.sym.0552fd9e-e2a3-4dda-abb6-f226b6a227f4&pf_rd_p=0552fd9e-e2a3-4dda-abb6-f226b6a227f4&pf_rd_r=KGS014RS83TDNS0ZAB5J&pd_rd_wg=HX8jN&pd_rd_r=42ea9d0c-bc75-425e-a170-22f5a6391378
https://www.amazon.in/dp/B0GF1JFPV8/ref=lajan2026/?_encoding=UTF8&pd_rd_w=k5Cuf&content-id=amzn1.sym.0552fd9e-e2a3-4dda-abb6-f226b6a227f4&pf_rd_p=0552fd9e-e2a3-4dda-abb6-f226b6a227f4&pf_rd_r=KGS014RS83TDNS0ZAB5J&pd_rd_wg=HX8jN&pd_rd_r=42ea9d0c-bc75-425e-a170-22f5a6391378
https://www.amazon.in/dp/B0CPJG92ZS/ref=lajan2026/?_encoding=UTF8&pd_rd_w=k5Cuf&content-id=amzn1.sym.0552fd9e-e2a3-4dda-abb6-f226b6a227f4&pf_rd_p=0552fd9e-e2a3-4dda-abb6-f226b6a227f4&pf_rd_r=KGS014RS83TDNS0ZAB5J&pd_rd_wg=HX8jN&pd_rd_r=42ea9d0c-bc75-425e-a170-22f5a6391378
https://www.amazon.in/dp/B0DR327PJK/ref=lajan2026/?_encoding=UTF8&pd_rd_w=k5Cuf&content-id=amzn1.sym.0552fd9e-e2a3-4dda-abb6-f226b6a227f4&pf_rd_p=0552fd9e-e2a3-4dda-abb6-f226b6a227f4&pf_rd_r=KGS014RS83TDNS0ZAB5J&pd_rd_wg=HX8jN&pd_rd_r=42ea9d0c-bc75-425e-a170-22f5a6391378
https://www.amazon.in/dp/B0GCDZCJ7K/ref=lajan2026/?_encoding=UTF8&pd_rd_w=k5Cuf&content-id=amzn1.sym.0552fd9e-e2a3-4dda-abb6-f226b6a227f4&pf_rd_p=0552fd9e-e2a3-4dda-abb6-f226b6a227f4&pf_rd_r=KGS014RS83TDNS0ZAB5J&pd_rd_wg=HX8jN&pd_rd_r=42ea9d0c-bc75-425e-a170-22f5a6391378
https://www.amazon.in/iQOO-Dimensity-Processor-Military-Shock-Resistance/dp/B0FC5XK9WZ?ref=dlx_great_dg_dcl_B0FC5XK9WZ_dt_sl8_b6_pi&pf_rd_r=KGS014RS83TDNS0ZAB5J&pf_rd_p=6ef82f8e-db34-4eaf-899a-2fb70907deb6
https://www.amazon.in/iQOO-Dimensity-Processor-Military-Shock-Resistance/dp/B0FC5XK9WZ?ref=dlx_great_dg_dcl_B0FC5XK9WZ_dt_sl8_b6&pf_rd_r=KGS014RS83TDNS0ZAB5J&pf_rd_p=6ef82f8e-db34-4eaf-899a-2fb70907deb6
https://www.amazon.in/iQOO-Dimensity-Processor-Military-Shock-Resistance/dp/B0FC5XK9WZ?ref=dlx_great_dg_dcl_B0FC5XK9WZ_dt_sl8_b6_cs&pf_rd_r=KGS014RS83TDNS0ZAB5J&pf_rd_p=6ef82f8e-db34-4eaf-899a-2fb70907deb6
https://www.amazon.in/dp/B0GCFKLMV1?ref=dlx_great_dg_dcl_B0GCFKLMV1_dt_sl8_b6_cs&pf_rd_r=KGS014RS83TDNS0ZAB5J&pf_rd_p=6ef82f8e-db34-4eaf-899a-2fb70907deb6
https://www.amazon.in/OnePlus-Nord-MediaTek-Dimensity-Infinity/dp/B0FCMKNCJ4?ref=dlx_great_dg_dcl_B0FCMKNCJ4_dt_sl8_b6_pi&pf_rd_r=KGS014RS83TDNS0ZAB5J&pf_rd_p=6ef82f8e-db34-4eaf-899a-2fb70907deb6
https://www.amazon.in/OnePlus-Nord-MediaTek-Dimensity-Infinity/dp/B0FCMKNCJ4?ref=dlx_great_dg_dcl_B0FCMKNCJ4_dt_sl8_b6&pf_rd_r=KGS014RS83TDNS0ZAB5J&pf_rd_p=6ef82f8e-db34-4eaf-899a-2fb70907deb6
https://www.amazon.in/OnePlus-Nord-MediaTek-Dimensity-Infinity/dp/B0FCMKNCJ4?ref=dlx_great_dg_dcl_B0FCMKNCJ4_dt_sl8_b6_cs&pf_rd_r=KGS014RS83TDNS0ZAB5J&pf_rd_p=6ef82f8e-db34-4eaf-899a-2fb70907deb6
https://www.amazon.in/dp/B0FCMJT7R7?ref=dlx_great_dg_dcl_B0FCMJT7R7_dt_sl8_b6_cs&pf_rd_r=KGS014RS83TDNS0ZAB5J&pf_rd_p=6ef82f8e-db34-4eaf-899a-2fb70907deb6
https://www.amazon.in/dp/B0FC6XHHSV?ref=dlx_great_dg_dcl_B0FC6XHHSV_dt_sl8_b6_cs&pf_rd_r=KGS014RS83TDNS0ZAB5J&pf_rd_p=6ef82f8e-db34-4eaf-899a-2fb70907deb6
https://www.amazon.in/iQOO-Aquamarine-Quad-Curved-Dimensity-Processor/dp/B0FHB4F4TN?ref=dlx_great_dg_dcl_B0FHB4F4TN_dt_sl8_b6_pi&pf_rd_r=KGS014RS83TDNS0ZAB5J&pf_rd_p=6ef82f8e-db34-4eaf-899a-2fb70907deb6
https://www.amazon.in/iQOO-Aquamarine-Quad-Curved-Dimensity-Processor/dp/B0FHB4F4TN?ref=dlx_great_dg_dcl_B0FHB4F4TN_dt_sl8_b6&pf_rd_r=KGS014RS83TDNS0ZAB5J&pf_rd_p=6ef82f8e-db34-4eaf-899a-2fb70907deb6
https://www.amazon.in/iQOO-Aquamarine-Quad-Curved-Dimensity-Processor/dp/B0FHB4F4TN?ref=dlx_great_dg_dcl_B0FHB4F4TN_dt_sl8_b6_cs&pf_rd_r=KGS014RS83TDNS0ZAB5J&pf_rd_p=6ef82f8e-db34-4eaf-899a-2fb70907deb6
https://www.amazon.in/dp/B0FHB5982P?ref=dlx_great_dg_dcl_B0FHB5982P_dt_sl8_b6_cs&pf_rd_r=KGS014RS83TDNS0ZAB5J&pf_rd_p=6ef82f8e-db34-4eaf-899a-2fb70907deb6
https://www.amazon.in/iQOO-Glacier-Snapdragon-Processor-Brightest/dp/B0F2HDWBNK?ref=dlx_great_dg_dcl_B0F2HDWBNK_dt_sl8_b6_pi&pf_rd_r=KGS014RS83TDNS0ZAB5J&pf_rd_p=6ef82f8e-db34-4eaf-899a-2fb70907deb6
https://www.amazon.in/iQOO-Glacier-Snapdragon-Processor-Brightest/dp/B0F2HDWBNK?ref=dlx_great_dg_dcl_B0F2HDWBNK_dt_sl8_b6&pf_rd_r=KGS014RS83TDNS0ZAB5J&pf_rd_p=6ef82f8e-db34-4eaf-899a-2fb70907deb6
https://www.amazon.in/iQOO-Glacier-Snapdragon-Processor-Brightest/dp/B0F2HDWBNK?ref=dlx_great_dg_dcl_B0F2HDWBNK_dt_sl8_b6_cs&pf_rd_r=KGS014RS83TDNS0ZAB5J&pf_rd_p=6ef82f8e-db34-4eaf-899a-2fb70907deb6
https://www.amazon.in/dp/B0F2HBYZ8B?ref=dlx_great_dg_dcl_B0F2HBYZ8B_dt_sl8_b6_cs&pf_rd_r=KGS014RS83TDNS0ZAB5J&pf_rd_p=6ef82f8e-db34-4eaf-899a-2fb70907deb6
]]></system-out>
  </testcase>
  <testcase name="Google_LoginTC" classname="test.GoogleLogin" time="20.183">
    <system-out><![CDATA[Browser launched and navigated to site=
Browser launched and navigated to site=
Enter an email or phone number
For my personal use
For my child
For work or my business
Screenshot saved at: C:\Users\Dell Enterprise\eclipse-workspace\EdurekaTesting\test-output\Screenshot\GoogleMenu1768999166931.jpg
]]></system-out>
  </testcase>
  <testcase name="Deleteuser" classname="test.GroupsExample" time="0.004">
    <system-out><![CDATA[Browser closed
Delete user
]]></system-out>
  </testcase>
  <testcase name="Read" classname="test.GroupsExample" time="0.003">
    <system-out><![CDATA[Read
]]></system-out>
  </testcase>
  <testcase name="Read1" classname="test.GroupsExample" time="0.003">
    <system-out><![CDATA[Read1
]]></system-out>
  </testcase>
  <testcase name="Updatepassword" classname="test.GroupsExample" time="0.004">
    <system-out><![CDATA[Update password
]]></system-out>
  </testcase>
  <testcase name="a1" classname="test.GroupsExample" time="0.003">
    <system-out><![CDATA[Inserting User
]]></system-out>
  </testcase>
  <testcase name="Deleteuser" classname="test.GroupsTesting" time="0.004">
    <system-out><![CDATA[Delete user
]]></system-out>
  </testcase>
  <testcase name="Read" classname="test.GroupsTesting" time="0.004">
    <system-out><![CDATA[Read
]]></system-out>
  </testcase>
  <testcase name="Updatepassword" classname="test.GroupsTesting" time="0.004">
    <system-out><![CDATA[Update password
]]></system-out>
  </testcase>
  <testcase name="a1" classname="test.GroupsTesting" time="0.003">
    <system-out><![CDATA[Inserting User
]]></system-out>
  </testcase>
  <testcase name="tc1" classname="test.HardAssertExample" time="0.009">
    <system-out><![CDATA[From tc1=6
]]></system-out>
  </testcase>
  <testcase name="tc2" classname="test.HardAssertExample" time="0.003"/>
  <testcase name="Internet_iframeDemo" classname="test.IframeExample" time="43.303">
    <system-out><![CDATA[Browser opened
Your content goes here.
An iFrame containing the TinyMCE WYSIWYG Editor
File Name:IframeExample2026-01-21-18-10-11
]]></system-out>
  </testcase>
  <testcase name="Amazon_locatoramazon" classname="test.List_WebElement_Amazon" time="102.421">
    <system-out><![CDATA[Browser closed
Browser opened
elements visilbe : false
]]></system-out>
  </testcase>
  <testcase name="Amazon_product_scrolling" classname="test.List_WebElement_Amazon" time="18.146">
    <system-out><![CDATA[Found 82 product links:
]]></system-out>
  </testcase>
  <testcase name="ValidusrnameValidPasswordTest[software@qa.com, mypassword](1)" classname="test.ParametersExample" time="0.01">
    <system-out><![CDATA[Browser closed
]]></system-out>
  </testcase>
  <testcase name="InvalidLogin[software@qa.com, mypassword](1)" classname="test.Para_Example" time="0.008"/>
  <testcase name="validLogin[software@qa.com, mypassword](1)" classname="test.Para_Example" time="0.008"/>
  <testcase name="Facebook_login" classname="test.ReadExcel" time="8.045">
    <system-out><![CDATA[Browser opened
usename	password	register email	reg password	tom	jerry	1.0	A2& "@ymail.com"	"ymal" & B2	hero	heroin	2.0	A3&"@ymail.com"	"ymal"&B3	A3&C4	B3&C4	3.0	A4&"@ymail.com"	"ymal"&B4	sdfsd
]]></system-out>
  </testcase>
  <testcase name="downloadfile" classname="test.ReadExcel" time="0.887">
    <system-err><![CDATA[Jan 21, 2026 6:12:22 PM org.openqa.selenium.remote.http.WebSocket$Listener onError
WARNING: Connection reset
java.net.SocketException: Connection reset
	at java.base/sun.nio.ch.SocketChannelImpl.throwConnectionReset(SocketChannelImpl.java:401)
	at java.base/sun.nio.ch.SocketChannelImpl.read(SocketChannelImpl.java:434)
	at java.net.http/jdk.internal.net.http.SocketTube.readAvailable(SocketTube.java:1178)
	at java.net.http/jdk.internal.net.http.SocketTube$InternalReadPublisher$InternalReadSubscription.read(SocketTube.java:841)
	at java.net.http/jdk.internal.net.http.SocketTube$SocketFlowTask.run(SocketTube.java:181)
	at java.net.http/jdk.internal.net.http.common.SequentialScheduler$SchedulableTask.run(SequentialScheduler.java:207)
	at java.net.http/jdk.internal.net.http.common.SequentialScheduler.runOrSchedule(SequentialScheduler.java:280)
	at java.net.http/jdk.internal.net.http.common.SequentialScheduler.runOrSchedule(SequentialScheduler.java:233)
	at java.net.http/jdk.internal.net.http.SocketTube$InternalReadPublisher$InternalReadSubscription.signalReadable(SocketTube.java:782)
	at java.net.http/jdk.internal.net.http.SocketTube$InternalReadPublisher$ReadEvent.signalEvent(SocketTube.java:965)
	at java.net.http/jdk.internal.net.http.SocketTube$SocketFlowEvent.handle(SocketTube.java:253)
	at java.net.http/jdk.internal.net.http.HttpClientImpl$SelectorManager.handleEvent(HttpClientImpl.java:1467)
	at java.net.http/jdk.internal.net.http.HttpClientImpl$SelectorManager.lambda$run$3(HttpClientImpl.java:1412)
	at java.base/java.util.ArrayList.forEach(ArrayList.java:1596)
	at java.net.http/jdk.internal.net.http.HttpClientImpl$SelectorManager.run(HttpClientImpl.java:1412)

]]></system-err>
  </testcase>
  <testcase name="tinypng_robotExample" classname="test.RobotExample" time="16.928">
    <system-out><![CDATA[Browser closed
Browser launched and navigated to site=
File Name:RobotExample2026-01-21-18-12-41
]]></system-out>
  </testcase>
  <testcase name="Rolls_royce_mediaNavigation" classname="test.Rollsroyce" time="13.9">
    <system-out><![CDATA[Browser closed
Browser opened
(1382, 736)
File Name:Rollsroyce2026-01-21-18-12-57
]]></system-out>
  </testcase>
  <testcase name="amazonScrolling" classname="test.ScrollExample" time="35.296">
    <system-out><![CDATA[Browser closed
Browser opened
elements visilbe : false
The element is not present on the page.
]]></system-out>
  </testcase>
  <testcase name="githubScrolling" classname="test.ScrollExample" time="11.003">
    <system-out><![CDATA[(1382, 736)
]]></system-out>
  </testcase>
  <testcase name="youtubeScrolling" classname="test.ScrollExample" time="11.492">
    <system-out><![CDATA[(1382, 736)
]]></system-out>
  </testcase>
  <testcase name="tc1" classname="test.SoftAssertExample" time="0.005">
    <system-out><![CDATA[Browser closed
From tc=48
]]></system-out>
  </testcase>
  <testcase name="tc2" classname="test.SoftAssertExample" time="0.004">
    <system-out><![CDATA[From tc2
]]></system-out>
  </testcase>
  <testcase name="Amazon_hiddenElement" classname="test.Testing" time="35.224">
    <system-out><![CDATA[Browser opened
elements visilbe : false
The element is not present on the page.
]]></system-out>
  </testcase>
  <testcase name="a1" classname="test.TestPriorityExample" time="0.004">
    <system-out><![CDATA[Browser closed
Running A1 method
]]></system-out>
  </testcase>
  <testcase name="a4" classname="test.TestPriorityExample" time="0.008">
    <system-out><![CDATA[Running A3 method
]]></system-out>
  </testcase>
  <testcase name="a2" classname="test.TestPriorityExample" time="0.005">
    <system-out><![CDATA[Running A2 method
]]></system-out>
  </testcase>
  <testcase name="a3" classname="test.TestPriorityExample" time="0.006">
    <system-out><![CDATA[Running A4 method
]]></system-out>
  </testcase>
  <testcase name="ValidUsernameandPassword" classname="test.TestRelatedExample" time="0.007">
    <system-out><![CDATA[Running method in the automation
]]></system-out>
  </testcase>
  <testcase name="ValidUsernameandPassword1" classname="test.TestRelatedExample" time="0.004">
    <system-out><![CDATA[Login Valid username for testing
]]></system-out>
  </testcase>
  <testcase name="ValidUsernameandPassword2" classname="test.TestRelatedExample" time="0.005">
    <system-out><![CDATA[Login Valid password for testing
]]></system-out>
  </testcase>
  <testcase name="facebook_locator" classname="test.Test_facebook" time="5.089">
    <system-out><![CDATA[Browser opened
]]></system-out>
  </testcase>
  <testcase name="facebook_explitcitWaitExample" classname="test.WaitExample" time="31.354">
    <failure message="no such element: Unable to locate element: {&quot;method&quot;:&quot;css selector&quot;,&quot;selector&quot;:&quot;#email&quot;}&#10;  (Session info: chrome=144.0.7559.59)&#10;For documentation on this error, please visit: https://www.selenium.dev/documentation/webdriver/troubleshooting/errors#nosuchelementexception&#10;Build info: version: &apos;4.40.0&apos;, revision: &apos;b3333f1&apos;&#10;System info: os.name: &apos;Windows 11&apos;, os.arch: &apos;amd64&apos;, os.version: &apos;10.0&apos;, java.version: &apos;21.0.4&apos;&#10;Driver info: org.openqa.selenium.chrome.ChromeDriver&#10;Command: [ddc0e0f0082226c1ed9db2d725d3a705, findElement {value=email, using=id}]&#10;Capabilities {acceptInsecureCerts: false, browserName: chrome, browserVersion: 144.0.7559.59, chrome: {chromedriverVersion: 144.0.7559.96 (d7b80622cfab..., userDataDir: C:\Users\DELLEN~1\AppData\L...}, fedcm:accounts: true, goog:chromeOptions: {debuggerAddress: localhost:57545}, goog:processID: 20328, networkConnectionEnabled: false, pageLoadStrategy: normal, platformName: windows, proxy: Proxy(), se:cdp: ws://localhost:57545/devtoo..., se:cdpVersion: 144.0.7559.59, setWindowRect: true, strictFileInteractability: false, timeouts: {implicit: 0, pageLoad: 300000, script: 30000}, unhandledPromptBehavior: dismiss and notify, webauthn:extension:credBlob: true, webauthn:extension:largeBlob: true, webauthn:extension:minPinLength: true, webauthn:extension:prf: true, webauthn:virtualAuthenticators: true}&#10;Session ID: ddc0e0f0082226c1ed9db2d725d3a705" type="org.openqa.selenium.NoSuchElementException"><![CDATA[org.openqa.selenium.NoSuchElementException: 
no such element: Unable to locate element: {"method":"css selector","selector":"#email"}
  (Session info: chrome=144.0.7559.59)
For documentation on this error, please visit: https://www.selenium.dev/documentation/webdriver/troubleshooting/errors#nosuchelementexception
Build info: version: '4.40.0', revision: 'b3333f1'
System info: os.name: 'Windows 11', os.arch: 'amd64', os.version: '10.0', java.version: '21.0.4'
Driver info: org.openqa.selenium.chrome.ChromeDriver
Command: [ddc0e0f0082226c1ed9db2d725d3a705, findElement {value=email, using=id}]
Capabilities {acceptInsecureCerts: false, browserName: chrome, browserVersion: 144.0.7559.59, chrome: {chromedriverVersion: 144.0.7559.96 (d7b80622cfab..., userDataDir: C:\Users\DELLEN~1\AppData\L...}, fedcm:accounts: true, goog:chromeOptions: {debuggerAddress: localhost:57545}, goog:processID: 20328, networkConnectionEnabled: false, pageLoadStrategy: normal, platformName: windows, proxy: Proxy(), se:cdp: ws://localhost:57545/devtoo..., se:cdpVersion: 144.0.7559.59, setWindowRect: true, strictFileInteractability: false, timeouts: {implicit: 0, pageLoad: 300000, script: 30000}, unhandledPromptBehavior: dismiss and notify, webauthn:extension:credBlob: true, webauthn:extension:largeBlob: true, webauthn:extension:minPinLength: true, webauthn:extension:prf: true, webauthn:virtualAuthenticators: true}
Session ID: ddc0e0f0082226c1ed9db2d725d3a705
	at org.openqa.selenium.remote.ErrorCodec.decode(ErrorCodec.java:169)
	at org.openqa.selenium.remote.codec.w3c.W3CHttpResponseCodec.decode(W3CHttpResponseCodec.java:142)
	at org.openqa.selenium.remote.codec.w3c.W3CHttpResponseCodec.decode(W3CHttpResponseCodec.java:49)
	at org.openqa.selenium.remote.HttpCommandExecutor.execute(HttpCommandExecutor.java:223)
	at org.openqa.selenium.remote.service.DriverCommandExecutor.invokeExecute(DriverCommandExecutor.java:216)
	at org.openqa.selenium.remote.service.DriverCommandExecutor.execute(DriverCommandExecutor.java:174)
	at org.openqa.selenium.remote.RemoteWebDriver.execute(RemoteWebDriver.java:601)
	at org.openqa.selenium.remote.ElementLocation$ElementFinder$2.findElement(ElementLocation.java:166)
	at org.openqa.selenium.remote.ElementLocation.findElement(ElementLocation.java:67)
	at org.openqa.selenium.remote.RemoteWebDriver.findElement(RemoteWebDriver.java:424)
	at org.openqa.selenium.remote.RemoteWebDriver.findElement(RemoteWebDriver.java:418)
	at test.WaitExample.facebook_explitcitWaitExample(WaitExample.java:22)
	at java.base/jdk.internal.reflect.DirectMethodHandleAccessor.invoke(DirectMethodHandleAccessor.java:103)
	at java.base/java.lang.reflect.Method.invoke(Method.java:580)
	at org.testng.internal.invokers.MethodInvocationHelper.invokeMethod(MethodInvocationHelper.java:141)
	at org.testng.internal.invokers.TestInvoker.invokeMethod(TestInvoker.java:687)
	at org.testng.internal.invokers.TestInvoker.invokeTestMethod(TestInvoker.java:230)
	at org.testng.internal.invokers.MethodRunner.runInSequence(MethodRunner.java:63)
	at org.testng.internal.invokers.TestInvoker$MethodInvocationAgent.invoke(TestInvoker.java:995)
	at org.testng.internal.invokers.TestInvoker.invokeTestMethods(TestInvoker.java:203)
	at org.testng.internal.invokers.TestMethodWorker.invokeTestMethods(TestMethodWorker.java:154)
	at org.testng.internal.invokers.TestMethodWorker.run(TestMethodWorker.java:134)
	at java.base/java.util.ArrayList.forEach(ArrayList.java:1596)
	at org.testng.TestRunner.privateRun(TestRunner.java:741)
	at org.testng.TestRunner.run(TestRunner.java:616)
	at org.testng.SuiteRunner.runTest(SuiteRunner.java:421)
	at org.testng.SuiteRunner.runSequentially(SuiteRunner.java:413)
	at org.testng.SuiteRunner.privateRun(SuiteRunner.java:373)
	at org.testng.SuiteRunner.run(SuiteRunner.java:312)
	at org.testng.SuiteRunnerWorker.runSuite(SuiteRunnerWorker.java:52)
	at org.testng.SuiteRunnerWorker.run(SuiteRunnerWorker.java:95)
	at org.testng.TestNG.runSuitesSequentially(TestNG.java:1274)
	at org.testng.TestNG.runSuitesLocally(TestNG.java:1208)
	at org.testng.TestNG.runSuites(TestNG.java:1112)
	at org.testng.TestNG.run(TestNG.java:1079)
	at org.apache.maven.surefire.testng.TestNGExecutor.run(TestNGExecutor.java:308)
	at org.apache.maven.surefire.testng.TestNGXmlTestSuite.execute(TestNGXmlTestSuite.java:71)
	at org.apache.maven.surefire.testng.TestNGProvider.invoke(TestNGProvider.java:113)
	at org.apache.maven.surefire.booter.ForkedBooter.runSuitesInProcess(ForkedBooter.java:385)
	at org.apache.maven.surefire.booter.ForkedBooter.execute(ForkedBooter.java:162)
	at org.apache.maven.surefire.booter.ForkedBooter.run(ForkedBooter.java:507)
	at org.apache.maven.surefire.booter.ForkedBooter.main(ForkedBooter.java:495)
]]></failure>
    <system-out><![CDATA[Browser closed
Browser opened
]]></system-out>
  </testcase>
  <testcase name="facebook_elementAction" classname="test.WebElementCommand" time="2.17">
    <system-out><![CDATA[Browser closed
Browser opened
]]></system-out>
  </testcase>
  <testcase name="facebook_ButtonAttribute" classname="test.WebElementCommand" time="0.963"/>
  <testcase name="facebook_WindowHandlesdemo" classname="test.WindowManagementExample" time="10.42">
    <system-out><![CDATA[Browser closed
Browser launched and navigated to site=
]]></system-out>
  </testcase>
</testsuite>