<?xml version="1.0" encoding="UTF-8"?>
<testng-results ignored="3" total="41" passed="38" failed="0" skipped="0">
  <reporter-output>
    <line>
      <![CDATA[Username =Software Testing]]>
    </line>
    <line>
      <![CDATA[Passowrd =Method Testing]]>
    </line>
    <line>
      <![CDATA[Username =Testing software]]>
    </line>
    <line>
      <![CDATA[Passowrd =testing Method]]>
    </line>
    <line>
      <![CDATA[Username =Testing software123]]>
    </line>
    <line>
      <![CDATA[Passowrd =testing Method123]]>
    </line>
    <line>
      <![CDATA[Current URL=Email address or mobile number]]>
    </line>
    <line>
      <![CDATA[Tooltips of link=]]>
    </line>
    <line>
      <![CDATA[Login button name=Log in]]>
    </line>
    <line>
      <![CDATA[Button width=546px]]>
    </line>
    <line>
      <![CDATA[Current URL=(768, 333)]]>
    </line>
    <line>
      <![CDATA[768Co-ordinate of controls on page=333]]>
    </line>
    <line>
      <![CDATA[Login size=(546, 44)]]>
    </line>
    <line>
      <![CDATA[44Login button =546]]>
    </line>
    <line>
      <![CDATA[TagName =div]]>
    </line>
    <line>
      <![CDATA[is emaild displayed or not=true]]>
    </line>
    <line>
      <![CDATA[is Email enabled or not=true]]>
    </line>
    <line>
      <![CDATA[Hidden element NOT present in DOM]]>
    </line>
    <line>
      <![CDATA[Enter an email or phone number]]>
    </line>
    <line>
      <![CDATA[Username=software@qa.com]]>
    </line>
    <line>
      <![CDATA[Password=mypassword]]>
    </line>
    <line>
      <![CDATA[a = 6]]>
    </line>
    <line>
      <![CDATA[URL :https://www.amazon.in/ASUS-Vivobook-i5-13420H-Keyboard-X1502VA-BQ1297WS/dp/B0FN97FRVS?ref=dlx_deals_dg_dcl_B0FN97FRVS_dt_sl10_33_pi&pf_rd_r=TJDPJSSF2NFF66B6DVT2&pf_rd_p=a1f490ce-fe55-425e-9932-455f92f72533&sbo=RZvfv%2F%2FHxDF%2BO5021pAnSA%3D%3D]]>
    </line>
    <line>
      <![CDATA[URL :https://www.amazon.in/ASUS-Vivobook-i5-13420H-Keyboard-X1502VA-BQ1297WS/dp/B0FN97FRVS?ref=dlx_deals_dg_dcl_B0FN97FRVS_dt_sl10_33&pf_rd_r=TJDPJSSF2NFF66B6DVT2&pf_rd_p=a1f490ce-fe55-425e-9932-455f92f72533&sbo=RZvfv%2F%2FHxDF%2BO5021pAnSA%3D%3D]]>
    </line>
    <line>
      <![CDATA[URL :https://www.amazon.in/Nothing-Phone-White-16GB-512GB/dp/B0F7R82LHJ?ref=dlx_deals_dg_dcl_B0F7R82LHJ_dt_sl10_33_pi&pf_rd_r=TJDPJSSF2NFF66B6DVT2&pf_rd_p=a1f490ce-fe55-425e-9932-455f92f72533&sbo=RZvfv%2F%2FHxDF%2BO5021pAnSA%3D%3D]]>
    </line>
    <line>
      <![CDATA[URL :https://www.amazon.in/Nothing-Phone-White-16GB-512GB/dp/B0F7R82LHJ?ref=dlx_deals_dg_dcl_B0F7R82LHJ_dt_sl10_33&pf_rd_r=TJDPJSSF2NFF66B6DVT2&pf_rd_p=a1f490ce-fe55-425e-9932-455f92f72533&sbo=RZvfv%2F%2FHxDF%2BO5021pAnSA%3D%3D]]>
    </line>
    <line>
      <![CDATA[URL :https://www.amazon.in/Nothing-Phone-White-16GB-512GB/dp/B0F7R82LHJ?ref=dlx_deals_dg_dcl_B0F7R82LHJ_dt_sl10_33_cs&pf_rd_r=TJDPJSSF2NFF66B6DVT2&pf_rd_p=a1f490ce-fe55-425e-9932-455f92f72533]]>
    </line>
    <line>
      <![CDATA[URL :https://www.amazon.in/dp/B0H8XQ49B8?ref=dlx_deals_dg_dcl_B0H8XQ49B8_dt_sl10_33_cs&pf_rd_r=TJDPJSSF2NFF66B6DVT2&pf_rd_p=a1f490ce-fe55-425e-9932-455f92f72533]]>
    </line>
    <line>
      <![CDATA[URL :https://www.amazon.in/dp/B0H8Y2FFDN?ref=dlx_deals_dg_dcl_B0H8Y2FFDN_dt_sl10_33_cs&pf_rd_r=TJDPJSSF2NFF66B6DVT2&pf_rd_p=a1f490ce-fe55-425e-9932-455f92f72533]]>
    </line>
    <line>
      <![CDATA[URL :https://www.amazon.in/SEZNIK-Cordless-Rechargeable-Mattress-Warranty/dp/B0FKTHKDDZ?ref=dlx_deals_dg_dcl_B0FKTHKDDZ_dt_sl10_33_pi&pf_rd_r=TJDPJSSF2NFF66B6DVT2&pf_rd_p=a1f490ce-fe55-425e-9932-455f92f72533&sbo=RZvfv%2F%2FHxDF%2BO5021pAnSA%3D%3D]]>
    </line>
    <line>
      <![CDATA[URL :https://www.amazon.in/SEZNIK-Cordless-Rechargeable-Mattress-Warranty/dp/B0FKTHKDDZ?ref=dlx_deals_dg_dcl_B0FKTHKDDZ_dt_sl10_33&pf_rd_r=TJDPJSSF2NFF66B6DVT2&pf_rd_p=a1f490ce-fe55-425e-9932-455f92f72533&sbo=RZvfv%2F%2FHxDF%2BO5021pAnSA%3D%3D]]>
    </line>
    <line>
      <![CDATA[URL :https://www.amazon.in/Samsung-Bluetooth-Processor-Monitoring-Anti-oxidant/dp/B0FDQNRHLD?ref=dlx_deals_dg_dcl_B0FDQNRHLD_dt_sl10_33_pi&pf_rd_r=TJDPJSSF2NFF66B6DVT2&pf_rd_p=a1f490ce-fe55-425e-9932-455f92f72533&sbo=RZvfv%2F%2FHxDF%2BO5021pAnSA%3D%3D]]>
    </line>
    <line>
      <![CDATA[URL :https://www.amazon.in/Samsung-Bluetooth-Processor-Monitoring-Anti-oxidant/dp/B0FDQNRHLD?ref=dlx_deals_dg_dcl_B0FDQNRHLD_dt_sl10_33&pf_rd_r=TJDPJSSF2NFF66B6DVT2&pf_rd_p=a1f490ce-fe55-425e-9932-455f92f72533&sbo=RZvfv%2F%2FHxDF%2BO5021pAnSA%3D%3D]]>
    </line>
    <line>
      <![CDATA[URL :https://www.amazon.in/Samsung-Bluetooth-Processor-Monitoring-Anti-oxidant/dp/B0FDQNRHLD?ref=dlx_deals_dg_dcl_B0FDQNRHLD_dt_sl10_33_csml&pf_rd_r=TJDPJSSF2NFF66B6DVT2&pf_rd_p=a1f490ce-fe55-425e-9932-455f92f72533]]>
    </line>
    <line>
      <![CDATA[URL :https://www.amazon.in/Ace-1600-Watt-21-Litre-Stainless-Function/dp/B07RCGTZ4M?ref=dlx_deals_dg_dcl_B07RCGTZ4M_dt_sl10_33_pi&pf_rd_r=TJDPJSSF2NFF66B6DVT2&pf_rd_p=a1f490ce-fe55-425e-9932-455f92f72533&sbo=RZvfv%2F%2FHxDF%2BO5021pAnSA%3D%3D]]>
    </line>
    <line>
      <![CDATA[URL :https://www.amazon.in/Ace-1600-Watt-21-Litre-Stainless-Function/dp/B07RCGTZ4M?ref=dlx_deals_dg_dcl_B07RCGTZ4M_dt_sl10_33&pf_rd_r=TJDPJSSF2NFF66B6DVT2&pf_rd_p=a1f490ce-fe55-425e-9932-455f92f72533&sbo=RZvfv%2F%2FHxDF%2BO5021pAnSA%3D%3D]]>
    </line>
    <line>
      <![CDATA[URL :https://www.amazon.in/Appliances-Ductless-AutoClean-Charcoal-Activated/dp/B0H12143FG?ref=dlx_deals_dg_dcl_B0H12143FG_dt_sl10_33_pi&pf_rd_r=TJDPJSSF2NFF66B6DVT2&pf_rd_p=a1f490ce-fe55-425e-9932-455f92f72533&sbo=RZvfv%2F%2FHxDF%2BO5021pAnSA%3D%3D]]>
    </line>
    <line>
      <![CDATA[URL :https://www.amazon.in/Appliances-Ductless-AutoClean-Charcoal-Activated/dp/B0H12143FG?ref=dlx_deals_dg_dcl_B0H12143FG_dt_sl10_33&pf_rd_r=TJDPJSSF2NFF66B6DVT2&pf_rd_p=a1f490ce-fe55-425e-9932-455f92f72533&sbo=RZvfv%2F%2FHxDF%2BO5021pAnSA%3D%3D]]>
    </line>
    <line>
      <![CDATA[URL :https://www.amazon.in/Appliances-Ductless-AutoClean-Charcoal-Activated/dp/B0H12143FG?ref=dlx_deals_dg_dcl_B0H12143FG_dt_sl10_33_csml&pf_rd_r=TJDPJSSF2NFF66B6DVT2&pf_rd_p=a1f490ce-fe55-425e-9932-455f92f72533]]>
    </line>
    <line>
      <![CDATA[URL :https://www.amazon.in/OnePlus-Real-time-Playback-Charging-Bluetooth/dp/B0H3PQ6MW4?ref=dlx_deals_dg_dcl_B0H3PQ6MW4_dt_sl10_33_pi&pf_rd_r=TJDPJSSF2NFF66B6DVT2&pf_rd_p=a1f490ce-fe55-425e-9932-455f92f72533&sbo=RZvfv%2F%2FHxDF%2BO5021pAnSA%3D%3D]]>
    </line>
    <line>
      <![CDATA[URL :https://www.amazon.in/OnePlus-Real-time-Playback-Charging-Bluetooth/dp/B0H3PQ6MW4?ref=dlx_deals_dg_dcl_B0H3PQ6MW4_dt_sl10_33&pf_rd_r=TJDPJSSF2NFF66B6DVT2&pf_rd_p=a1f490ce-fe55-425e-9932-455f92f72533&sbo=RZvfv%2F%2FHxDF%2BO5021pAnSA%3D%3D]]>
    </line>
    <line>
      <![CDATA[URL :https://www.amazon.in/OnePlus-Real-time-Playback-Charging-Bluetooth/dp/B0H3PQ6MW4?ref=dlx_deals_dg_dcl_B0H3PQ6MW4_dt_sl10_33_cs&pf_rd_r=TJDPJSSF2NFF66B6DVT2&pf_rd_p=a1f490ce-fe55-425e-9932-455f92f72533]]>
    </line>
    <line>
      <![CDATA[URL :https://www.amazon.in/dp/B0H3Q5DPP9?ref=dlx_deals_dg_dcl_B0H3Q5DPP9_dt_sl10_33_cs&pf_rd_r=TJDPJSSF2NFF66B6DVT2&pf_rd_p=a1f490ce-fe55-425e-9932-455f92f72533]]>
    </line>
    <line>
      <![CDATA[URL :https://www.amazon.in/Apple-Watch-Cellular-Titanium-Milanese/dp/B0FQFJLYN9?ref=dlx_deals_dg_dcl_B0FQFJLYN9_dt_sl10_33_pi&pf_rd_r=TJDPJSSF2NFF66B6DVT2&pf_rd_p=a1f490ce-fe55-425e-9932-455f92f72533&sbo=RZvfv%2F%2FHxDF%2BO5021pAnSA%3D%3D]]>
    </line>
    <line>
      <![CDATA[URL :https://www.amazon.in/Apple-Watch-Cellular-Titanium-Milanese/dp/B0FQFJLYN9?ref=dlx_deals_dg_dcl_B0FQFJLYN9_dt_sl10_33&pf_rd_r=TJDPJSSF2NFF66B6DVT2&pf_rd_p=a1f490ce-fe55-425e-9932-455f92f72533&sbo=RZvfv%2F%2FHxDF%2BO5021pAnSA%3D%3D]]>
    </line>
    <line>
      <![CDATA[URL :https://www.amazon.in/ROSIER-Traditional-Bilona-Grassfed-Healthy/dp/B0BLSNB96M?ref=dlx_deals_dg_dcl_B0BLSNB96M_dt_sl10_33_pi&pf_rd_r=TJDPJSSF2NFF66B6DVT2&pf_rd_p=a1f490ce-fe55-425e-9932-455f92f72533&sbo=RZvfv%2F%2FHxDF%2BO5021pAnSA%3D%3D]]>
    </line>
    <line>
      <![CDATA[URL :https://www.amazon.in/ROSIER-Traditional-Bilona-Grassfed-Healthy/dp/B0BLSNB96M?ref=dlx_deals_dg_dcl_B0BLSNB96M_dt_sl10_33&pf_rd_r=TJDPJSSF2NFF66B6DVT2&pf_rd_p=a1f490ce-fe55-425e-9932-455f92f72533&sbo=RZvfv%2F%2FHxDF%2BO5021pAnSA%3D%3D]]>
    </line>
    <line>
      <![CDATA[URL :https://www.amazon.in/ASUS-Vivobook-Metallic-Windows-S3407CA-LY060WS/dp/B0F9YFTS75?ref=dlx_deals_dg_dcl_B0F9YFTS75_dt_sl10_33_pi&pf_rd_r=TJDPJSSF2NFF66B6DVT2&pf_rd_p=a1f490ce-fe55-425e-9932-455f92f72533&sbo=RZvfv%2F%2FHxDF%2BO5021pAnSA%3D%3D]]>
    </line>
    <line>
      <![CDATA[URL :https://www.amazon.in/ASUS-Vivobook-Metallic-Windows-S3407CA-LY060WS/dp/B0F9YFTS75?ref=dlx_deals_dg_dcl_B0F9YFTS75_dt_sl10_33&pf_rd_r=TJDPJSSF2NFF66B6DVT2&pf_rd_p=a1f490ce-fe55-425e-9932-455f92f72533&sbo=RZvfv%2F%2FHxDF%2BO5021pAnSA%3D%3D]]>
    </line>
    <line>
      <![CDATA[product links: [[[FirefoxDriver: firefox on windows (fe2ed7c4-c4b0-4bfa-bb4f-b9e3479a2519)] -> xpath: //a[contains(@href, '/dp/')]], [[FirefoxDriver: firefox on windows (fe2ed7c4-c4b0-4bfa-bb4f-b9e3479a2519)] -> xpath: //a[contains(@href, '/dp/')]], [[FirefoxDriver: firefox on windows (fe2ed7c4-c4b0-4bfa-bb4f-b9e3479a2519)] -> xpath: //a[contains(@href, '/dp/')]], [[FirefoxDriver: firefox on windows (fe2ed7c4-c4b0-4bfa-bb4f-b9e3479a2519)] -> xpath: //a[contains(@href, '/dp/')]], [[FirefoxDriver: firefox on windows (fe2ed7c4-c4b0-4bfa-bb4f-b9e3479a2519)] -> xpath: //a[contains(@href, '/dp/')]], [[FirefoxDriver: firefox on windows (fe2ed7c4-c4b0-4bfa-bb4f-b9e3479a2519)] -> xpath: //a[contains(@href, '/dp/')]], [[FirefoxDriver: firefox on windows (fe2ed7c4-c4b0-4bfa-bb4f-b9e3479a2519)] -> xpath: //a[contains(@href, '/dp/')]], [[FirefoxDriver: firefox on windows (fe2ed7c4-c4b0-4bfa-bb4f-b9e3479a2519)] -> xpath: //a[contains(@href, '/dp/')]], [[FirefoxDriver: firefox on windows (fe2ed7c4-c4b0-4bfa-bb4f-b9e3479a2519)] -> xpath: //a[contains(@href, '/dp/')]], [[FirefoxDriver: firefox on windows (fe2ed7c4-c4b0-4bfa-bb4f-b9e3479a2519)] -> xpath: //a[contains(@href, '/dp/')]], [[FirefoxDriver: firefox on windows (fe2ed7c4-c4b0-4bfa-bb4f-b9e3479a2519)] -> xpath: //a[contains(@href, '/dp/')]], [[FirefoxDriver: firefox on windows (fe2ed7c4-c4b0-4bfa-bb4f-b9e3479a2519)] -> xpath: //a[contains(@href, '/dp/')]], [[FirefoxDriver: firefox on windows (fe2ed7c4-c4b0-4bfa-bb4f-b9e3479a2519)] -> xpath: //a[contains(@href, '/dp/')]], [[FirefoxDriver: firefox on windows (fe2ed7c4-c4b0-4bfa-bb4f-b9e3479a2519)] -> xpath: //a[contains(@href, '/dp/')]], [[FirefoxDriver: firefox on windows (fe2ed7c4-c4b0-4bfa-bb4f-b9e3479a2519)] -> xpath: //a[contains(@href, '/dp/')]], [[FirefoxDriver: firefox on windows (fe2ed7c4-c4b0-4bfa-bb4f-b9e3479a2519)] -> xpath: //a[contains(@href, '/dp/')]], [[FirefoxDriver: firefox on windows (fe2ed7c4-c4b0-4bfa-bb4f-b9e3479a2519)] -> xpath: //a[contains(@href, '/dp/')]], [[FirefoxDriver: firefox on windows (fe2ed7c4-c4b0-4bfa-bb4f-b9e3479a2519)] -> xpath: //a[contains(@href, '/dp/')]], [[FirefoxDriver: firefox on windows (fe2ed7c4-c4b0-4bfa-bb4f-b9e3479a2519)] -> xpath: //a[contains(@href, '/dp/')]], [[FirefoxDriver: firefox on windows (fe2ed7c4-c4b0-4bfa-bb4f-b9e3479a2519)] -> xpath: //a[contains(@href, '/dp/')]], [[FirefoxDriver: firefox on windows (fe2ed7c4-c4b0-4bfa-bb4f-b9e3479a2519)] -> xpath: //a[contains(@href, '/dp/')]], [[FirefoxDriver: firefox on windows (fe2ed7c4-c4b0-4bfa-bb4f-b9e3479a2519)] -> xpath: //a[contains(@href, '/dp/')]], [[FirefoxDriver: firefox on windows (fe2ed7c4-c4b0-4bfa-bb4f-b9e3479a2519)] -> xpath: //a[contains(@href, '/dp/')]], [[FirefoxDriver: firefox on windows (fe2ed7c4-c4b0-4bfa-bb4f-b9e3479a2519)] -> xpath: //a[contains(@href, '/dp/')]], [[FirefoxDriver: firefox on windows (fe2ed7c4-c4b0-4bfa-bb4f-b9e3479a2519)] -> xpath: //a[contains(@href, '/dp/')]], [[FirefoxDriver: firefox on windows (fe2ed7c4-c4b0-4bfa-bb4f-b9e3479a2519)] -> xpath: //a[contains(@href, '/dp/')]], [[FirefoxDriver: firefox on windows (fe2ed7c4-c4b0-4bfa-bb4f-b9e3479a2519)] -> xpath: //a[contains(@href, '/dp/')]], [[FirefoxDriver: firefox on windows (fe2ed7c4-c4b0-4bfa-bb4f-b9e3479a2519)] -> xpath: //a[contains(@href, '/dp/')]], [[FirefoxDriver: firefox on windows (fe2ed7c4-c4b0-4bfa-bb4f-b9e3479a2519)] -> xpath: //a[contains(@href, '/dp/')]], [[FirefoxDriver: firefox on windows (fe2ed7c4-c4b0-4bfa-bb4f-b9e3479a2519)] -> xpath: //a[contains(@href, '/dp/')]], [[FirefoxDriver: firefox on windows (fe2ed7c4-c4b0-4bfa-bb4f-b9e3479a2519)] -> xpath: //a[contains(@href, '/dp/')]], [[FirefoxDriver: firefox on windows (fe2ed7c4-c4b0-4bfa-bb4f-b9e3479a2519)] -> xpath: //a[contains(@href, '/dp/')]], [[FirefoxDriver: firefox on windows (fe2ed7c4-c4b0-4bfa-bb4f-b9e3479a2519)] -> xpath: //a[contains(@href, '/dp/')]], [[FirefoxDriver: firefox on windows (fe2ed7c4-c4b0-4bfa-bb4f-b9e3479a2519)] -> xpath: //a[contains(@href, '/dp/')]], [[FirefoxDriver: firefox on windows (fe2ed7c4-c4b0-4bfa-bb4f-b9e3479a2519)] -> xpath: //a[contains(@href, '/dp/')]], [[FirefoxDriver: firefox on windows (fe2ed7c4-c4b0-4bfa-bb4f-b9e3479a2519)] -> xpath: //a[contains(@href, '/dp/')]], [[FirefoxDriver: firefox on windows (fe2ed7c4-c4b0-4bfa-bb4f-b9e3479a2519)] -> xpath: //a[contains(@href, '/dp/')]], [[FirefoxDriver: firefox on windows (fe2ed7c4-c4b0-4bfa-bb4f-b9e3479a2519)] -> xpath: //a[contains(@href, '/dp/')]], [[FirefoxDriver: firefox on windows (fe2ed7c4-c4b0-4bfa-bb4f-b9e3479a2519)] -> xpath: //a[contains(@href, '/dp/')]], [[FirefoxDriver: firefox on windows (fe2ed7c4-c4b0-4bfa-bb4f-b9e3479a2519)] -> xpath: //a[contains(@href, '/dp/')]]]]]>
    </line>
    <line>
      <![CDATA[found=https://www.amazon.in/Destinio-Large-Umbrella-Women-Close/dp/B089GM5Q7Z?pd_rd_w=jKTyM&content-id=amzn1.sym.ae851f32-bade-4296-8906-358e9c0154ae&pf_rd_p=ae851f32-bade-4296-8906-358e9c0154ae&pf_rd_r=M9P0BQR2EYHGSV613N5B&pd_rd_wg=5pLXn&pd_rd_r=697c8718-6c3b-4c3d-b53c-ac779f7256ec&pd_rd_i=B089GM5Q7Z&ref_=BMSM_primeDeals_B089GM5Q7Z]]>
    </line>
    <line>
      <![CDATA[found=https://www.amazon.in/FLYNGO-Carabiner-Protection-Windproof-Reinforced/dp/B0H7S93Q4Q?pd_rd_w=jKTyM&content-id=amzn1.sym.ae851f32-bade-4296-8906-358e9c0154ae&pf_rd_p=ae851f32-bade-4296-8906-358e9c0154ae&pf_rd_r=M9P0BQR2EYHGSV613N5B&pd_rd_wg=5pLXn&pd_rd_r=697c8718-6c3b-4c3d-b53c-ac779f7256ec&pd_rd_i=B0H7S93Q4Q&ref_=BMSM_primeDeals_B0H7S93Q4Q]]>
    </line>
    <line>
      <![CDATA[found=https://www.amazon.in/ZEEL-Sealed-Raincoat-Waterproof-Carrying/dp/B08947GQCM?pd_rd_w=jKTyM&content-id=amzn1.sym.ae851f32-bade-4296-8906-358e9c0154ae&pf_rd_p=ae851f32-bade-4296-8906-358e9c0154ae&pf_rd_r=M9P0BQR2EYHGSV613N5B&pd_rd_wg=5pLXn&pd_rd_r=697c8718-6c3b-4c3d-b53c-ac779f7256ec&pd_rd_i=B08947GQCM&ref_=BMSM_primeDeals_B08947GQCM]]>
    </line>
    <line>
      <![CDATA[found=https://www.amazon.in/Citizen-Reversible-Raincoat-Matching-Lightweight/dp/B0CPSLYDRD?pd_rd_w=jKTyM&content-id=amzn1.sym.ae851f32-bade-4296-8906-358e9c0154ae&pf_rd_p=ae851f32-bade-4296-8906-358e9c0154ae&pf_rd_r=M9P0BQR2EYHGSV613N5B&pd_rd_wg=5pLXn&pd_rd_r=697c8718-6c3b-4c3d-b53c-ac779f7256ec&pd_rd_i=B0CPSLYDRD&ref_=BMSM_primeDeals_B0CPSLYDRD]]>
    </line>
    <line>
      <![CDATA[found=https://www.amazon.in/Campus-Mens-GC-4035-Clogs-P-GREEN/dp/B0H4DBCKWB?pd_rd_w=jKTyM&content-id=amzn1.sym.ae851f32-bade-4296-8906-358e9c0154ae&pf_rd_p=ae851f32-bade-4296-8906-358e9c0154ae&pf_rd_r=M9P0BQR2EYHGSV613N5B&pd_rd_wg=5pLXn&pd_rd_r=697c8718-6c3b-4c3d-b53c-ac779f7256ec&pd_rd_i=B0H4DBCKWB&ref_=BMSM_primeDeals_B0H4DBCKWB]]>
    </line>
    <line>
      <![CDATA[found=https://www.amazon.in/Crocs-Womens-Platform-Barely-Women/dp/B0G596SGTJ?pd_rd_w=jKTyM&content-id=amzn1.sym.ae851f32-bade-4296-8906-358e9c0154ae&pf_rd_p=ae851f32-bade-4296-8906-358e9c0154ae&pf_rd_r=M9P0BQR2EYHGSV613N5B&pd_rd_wg=5pLXn&pd_rd_r=697c8718-6c3b-4c3d-b53c-ac779f7256ec&pd_rd_i=B0G596SGTJ&ref_=BMSM_primeDeals_B0G596SGTJ]]>
    </line>
    <line>
      <![CDATA[found=https://www.amazon.in/American-Tourister-BACKPACK-COMPARTMENT-ORGANIZER/dp/B0BTD4S4XF?pd_rd_w=jKTyM&content-id=amzn1.sym.ae851f32-bade-4296-8906-358e9c0154ae&pf_rd_p=ae851f32-bade-4296-8906-358e9c0154ae&pf_rd_r=M9P0BQR2EYHGSV613N5B&pd_rd_wg=5pLXn&pd_rd_r=697c8718-6c3b-4c3d-b53c-ac779f7256ec&pd_rd_i=B0BTD4S4XF&ref_=BMSM_primeDeals_B0BTD4S4XF]]>
    </line>
    <line>
      <![CDATA[found=https://www.amazon.in/MAXOSHINE-Microfiber-Bath-Soft-Towel-Absorbent-Bath/dp/B0CCPPTB93?pd_rd_w=jKTyM&content-id=amzn1.sym.ae851f32-bade-4296-8906-358e9c0154ae&pf_rd_p=ae851f32-bade-4296-8906-358e9c0154ae&pf_rd_r=M9P0BQR2EYHGSV613N5B&pd_rd_wg=5pLXn&pd_rd_r=697c8718-6c3b-4c3d-b53c-ac779f7256ec&pd_rd_i=B0CCPPTB93&ref_=BMSM_primeDeals_B0CCPPTB93]]>
    </line>
    <line>
      <![CDATA[found=https://www.amazon.in/LiMETRO-STEEL-Stand-Cloth-Black/dp/B0GNGZ6FBB?pd_rd_w=jKTyM&content-id=amzn1.sym.ae851f32-bade-4296-8906-358e9c0154ae&pf_rd_p=ae851f32-bade-4296-8906-358e9c0154ae&pf_rd_r=M9P0BQR2EYHGSV613N5B&pd_rd_wg=5pLXn&pd_rd_r=697c8718-6c3b-4c3d-b53c-ac779f7256ec&pd_rd_i=B0GNGZ6FBB&ref_=BMSM_primeDeals_B0GNGZ6FBB]]>
    </line>
    <line>
      <![CDATA[found=https://www.amazon.in/ASUS-Vivobook-i5-13420H-Keyboard-X1502VA-BQ1297WS/dp/B0FN97FRVS?ref=dlx_deals_dg_dcl_B0FN97FRVS_dt_sl10_33_pi&pf_rd_r=M9P0BQR2EYHGSV613N5B&pf_rd_p=a1f490ce-fe55-425e-9932-455f92f72533&sbo=RZvfv%2F%2FHxDF%2BO5021pAnSA%3D%3D]]>
    </line>
    <line>
      <![CDATA[found=https://www.amazon.in/ASUS-Vivobook-i5-13420H-Keyboard-X1502VA-BQ1297WS/dp/B0FN97FRVS?ref=dlx_deals_dg_dcl_B0FN97FRVS_dt_sl10_33&pf_rd_r=M9P0BQR2EYHGSV613N5B&pf_rd_p=a1f490ce-fe55-425e-9932-455f92f72533&sbo=RZvfv%2F%2FHxDF%2BO5021pAnSA%3D%3D]]>
    </line>
    <line>
      <![CDATA[found=https://www.amazon.in/Nothing-Phone-White-16GB-512GB/dp/B0F7R82LHJ?ref=dlx_deals_dg_dcl_B0F7R82LHJ_dt_sl10_33_pi&pf_rd_r=M9P0BQR2EYHGSV613N5B&pf_rd_p=a1f490ce-fe55-425e-9932-455f92f72533&sbo=RZvfv%2F%2FHxDF%2BO5021pAnSA%3D%3D]]>
    </line>
    <line>
      <![CDATA[found=https://www.amazon.in/Nothing-Phone-White-16GB-512GB/dp/B0F7R82LHJ?ref=dlx_deals_dg_dcl_B0F7R82LHJ_dt_sl10_33&pf_rd_r=M9P0BQR2EYHGSV613N5B&pf_rd_p=a1f490ce-fe55-425e-9932-455f92f72533&sbo=RZvfv%2F%2FHxDF%2BO5021pAnSA%3D%3D]]>
    </line>
    <line>
      <![CDATA[found=https://www.amazon.in/Nothing-Phone-White-16GB-512GB/dp/B0F7R82LHJ?ref=dlx_deals_dg_dcl_B0F7R82LHJ_dt_sl10_33_cs&pf_rd_r=M9P0BQR2EYHGSV613N5B&pf_rd_p=a1f490ce-fe55-425e-9932-455f92f72533]]>
    </line>
    <line>
      <![CDATA[found=https://www.amazon.in/dp/B0H8XQ49B8?ref=dlx_deals_dg_dcl_B0H8XQ49B8_dt_sl10_33_cs&pf_rd_r=M9P0BQR2EYHGSV613N5B&pf_rd_p=a1f490ce-fe55-425e-9932-455f92f72533]]>
    </line>
    <line>
      <![CDATA[found=https://www.amazon.in/dp/B0H8Y2FFDN?ref=dlx_deals_dg_dcl_B0H8Y2FFDN_dt_sl10_33_cs&pf_rd_r=M9P0BQR2EYHGSV613N5B&pf_rd_p=a1f490ce-fe55-425e-9932-455f92f72533]]>
    </line>
    <line>
      <![CDATA[found=https://www.amazon.in/SEZNIK-Cordless-Rechargeable-Mattress-Warranty/dp/B0FKTHKDDZ?ref=dlx_deals_dg_dcl_B0FKTHKDDZ_dt_sl10_33_pi&pf_rd_r=M9P0BQR2EYHGSV613N5B&pf_rd_p=a1f490ce-fe55-425e-9932-455f92f72533&sbo=RZvfv%2F%2FHxDF%2BO5021pAnSA%3D%3D]]>
    </line>
    <line>
      <![CDATA[found=https://www.amazon.in/SEZNIK-Cordless-Rechargeable-Mattress-Warranty/dp/B0FKTHKDDZ?ref=dlx_deals_dg_dcl_B0FKTHKDDZ_dt_sl10_33&pf_rd_r=M9P0BQR2EYHGSV613N5B&pf_rd_p=a1f490ce-fe55-425e-9932-455f92f72533&sbo=RZvfv%2F%2FHxDF%2BO5021pAnSA%3D%3D]]>
    </line>
    <line>
      <![CDATA[found=https://www.amazon.in/Samsung-Bluetooth-Processor-Monitoring-Anti-oxidant/dp/B0FDQNRHLD?ref=dlx_deals_dg_dcl_B0FDQNRHLD_dt_sl10_33_pi&pf_rd_r=M9P0BQR2EYHGSV613N5B&pf_rd_p=a1f490ce-fe55-425e-9932-455f92f72533&sbo=RZvfv%2F%2FHxDF%2BO5021pAnSA%3D%3D]]>
    </line>
    <line>
      <![CDATA[found=https://www.amazon.in/Samsung-Bluetooth-Processor-Monitoring-Anti-oxidant/dp/B0FDQNRHLD?ref=dlx_deals_dg_dcl_B0FDQNRHLD_dt_sl10_33&pf_rd_r=M9P0BQR2EYHGSV613N5B&pf_rd_p=a1f490ce-fe55-425e-9932-455f92f72533&sbo=RZvfv%2F%2FHxDF%2BO5021pAnSA%3D%3D]]>
    </line>
    <line>
      <![CDATA[found=https://www.amazon.in/Samsung-Bluetooth-Processor-Monitoring-Anti-oxidant/dp/B0FDQNRHLD?ref=dlx_deals_dg_dcl_B0FDQNRHLD_dt_sl10_33_csml&pf_rd_r=M9P0BQR2EYHGSV613N5B&pf_rd_p=a1f490ce-fe55-425e-9932-455f92f72533]]>
    </line>
    <line>
      <![CDATA[found=https://www.amazon.in/Ace-1600-Watt-21-Litre-Stainless-Function/dp/B07RCGTZ4M?ref=dlx_deals_dg_dcl_B07RCGTZ4M_dt_sl10_33_pi&pf_rd_r=M9P0BQR2EYHGSV613N5B&pf_rd_p=a1f490ce-fe55-425e-9932-455f92f72533&sbo=RZvfv%2F%2FHxDF%2BO5021pAnSA%3D%3D]]>
    </line>
    <line>
      <![CDATA[found=https://www.amazon.in/Ace-1600-Watt-21-Litre-Stainless-Function/dp/B07RCGTZ4M?ref=dlx_deals_dg_dcl_B07RCGTZ4M_dt_sl10_33&pf_rd_r=M9P0BQR2EYHGSV613N5B&pf_rd_p=a1f490ce-fe55-425e-9932-455f92f72533&sbo=RZvfv%2F%2FHxDF%2BO5021pAnSA%3D%3D]]>
    </line>
    <line>
      <![CDATA[found=https://www.amazon.in/Appliances-Ductless-AutoClean-Charcoal-Activated/dp/B0H12143FG?ref=dlx_deals_dg_dcl_B0H12143FG_dt_sl10_33_pi&pf_rd_r=M9P0BQR2EYHGSV613N5B&pf_rd_p=a1f490ce-fe55-425e-9932-455f92f72533&sbo=RZvfv%2F%2FHxDF%2BO5021pAnSA%3D%3D]]>
    </line>
    <line>
      <![CDATA[found=https://www.amazon.in/Appliances-Ductless-AutoClean-Charcoal-Activated/dp/B0H12143FG?ref=dlx_deals_dg_dcl_B0H12143FG_dt_sl10_33&pf_rd_r=M9P0BQR2EYHGSV613N5B&pf_rd_p=a1f490ce-fe55-425e-9932-455f92f72533&sbo=RZvfv%2F%2FHxDF%2BO5021pAnSA%3D%3D]]>
    </line>
    <line>
      <![CDATA[found=https://www.amazon.in/Appliances-Ductless-AutoClean-Charcoal-Activated/dp/B0H12143FG?ref=dlx_deals_dg_dcl_B0H12143FG_dt_sl10_33_csml&pf_rd_r=M9P0BQR2EYHGSV613N5B&pf_rd_p=a1f490ce-fe55-425e-9932-455f92f72533]]>
    </line>
    <line>
      <![CDATA[found=https://www.amazon.in/OnePlus-Real-time-Playback-Charging-Bluetooth/dp/B0H3PQ6MW4?ref=dlx_deals_dg_dcl_B0H3PQ6MW4_dt_sl10_33_pi&pf_rd_r=M9P0BQR2EYHGSV613N5B&pf_rd_p=a1f490ce-fe55-425e-9932-455f92f72533&sbo=RZvfv%2F%2FHxDF%2BO5021pAnSA%3D%3D]]>
    </line>
    <line>
      <![CDATA[found=https://www.amazon.in/OnePlus-Real-time-Playback-Charging-Bluetooth/dp/B0H3PQ6MW4?ref=dlx_deals_dg_dcl_B0H3PQ6MW4_dt_sl10_33&pf_rd_r=M9P0BQR2EYHGSV613N5B&pf_rd_p=a1f490ce-fe55-425e-9932-455f92f72533&sbo=RZvfv%2F%2FHxDF%2BO5021pAnSA%3D%3D]]>
    </line>
    <line>
      <![CDATA[found=https://www.amazon.in/OnePlus-Real-time-Playback-Charging-Bluetooth/dp/B0H3PQ6MW4?ref=dlx_deals_dg_dcl_B0H3PQ6MW4_dt_sl10_33_cs&pf_rd_r=M9P0BQR2EYHGSV613N5B&pf_rd_p=a1f490ce-fe55-425e-9932-455f92f72533]]>
    </line>
    <line>
      <![CDATA[found=https://www.amazon.in/dp/B0H3Q5DPP9?ref=dlx_deals_dg_dcl_B0H3Q5DPP9_dt_sl10_33_cs&pf_rd_r=M9P0BQR2EYHGSV613N5B&pf_rd_p=a1f490ce-fe55-425e-9932-455f92f72533]]>
    </line>
    <line>
      <![CDATA[found=https://www.amazon.in/Apple-Watch-Cellular-Titanium-Milanese/dp/B0FQFJLYN9?ref=dlx_deals_dg_dcl_B0FQFJLYN9_dt_sl10_33_pi&pf_rd_r=M9P0BQR2EYHGSV613N5B&pf_rd_p=a1f490ce-fe55-425e-9932-455f92f72533&sbo=RZvfv%2F%2FHxDF%2BO5021pAnSA%3D%3D]]>
    </line>
    <line>
      <![CDATA[found=https://www.amazon.in/Apple-Watch-Cellular-Titanium-Milanese/dp/B0FQFJLYN9?ref=dlx_deals_dg_dcl_B0FQFJLYN9_dt_sl10_33&pf_rd_r=M9P0BQR2EYHGSV613N5B&pf_rd_p=a1f490ce-fe55-425e-9932-455f92f72533&sbo=RZvfv%2F%2FHxDF%2BO5021pAnSA%3D%3D]]>
    </line>
    <line>
      <![CDATA[found=https://www.amazon.in/ROSIER-Traditional-Bilona-Grassfed-Healthy/dp/B0BLSNB96M?ref=dlx_deals_dg_dcl_B0BLSNB96M_dt_sl10_33_pi&pf_rd_r=M9P0BQR2EYHGSV613N5B&pf_rd_p=a1f490ce-fe55-425e-9932-455f92f72533&sbo=RZvfv%2F%2FHxDF%2BO5021pAnSA%3D%3D]]>
    </line>
    <line>
      <![CDATA[found=https://www.amazon.in/ROSIER-Traditional-Bilona-Grassfed-Healthy/dp/B0BLSNB96M?ref=dlx_deals_dg_dcl_B0BLSNB96M_dt_sl10_33&pf_rd_r=M9P0BQR2EYHGSV613N5B&pf_rd_p=a1f490ce-fe55-425e-9932-455f92f72533&sbo=RZvfv%2F%2FHxDF%2BO5021pAnSA%3D%3D]]>
    </line>
    <line>
      <![CDATA[found=https://www.amazon.in/ASUS-Vivobook-Metallic-Windows-S3407CA-LY060WS/dp/B0F9YFTS75?ref=dlx_deals_dg_dcl_B0F9YFTS75_dt_sl10_33_pi&pf_rd_r=M9P0BQR2EYHGSV613N5B&pf_rd_p=a1f490ce-fe55-425e-9932-455f92f72533&sbo=RZvfv%2F%2FHxDF%2BO5021pAnSA%3D%3D]]>
    </line>
    <line>
      <![CDATA[found=https://www.amazon.in/ASUS-Vivobook-Metallic-Windows-S3407CA-LY060WS/dp/B0F9YFTS75?ref=dlx_deals_dg_dcl_B0F9YFTS75_dt_sl10_33&pf_rd_r=M9P0BQR2EYHGSV613N5B&pf_rd_p=a1f490ce-fe55-425e-9932-455f92f72533&sbo=RZvfv%2F%2FHxDF%2BO5021pAnSA%3D%3D]]>
    </line>
    <line>
      <![CDATA[a = 48]]>
    </line>
    <line>
      <![CDATA[page title:  Facebook]]>
    </line>
    <line>
      <![CDATA[current window id - 3ea3d7af-00e8-4f41-803e-a44ff992a261]]>
    </line>
    <line>
      <![CDATA[total window id's [3ea3d7af-00e8-4f41-803e-a44ff992a261]]]>
    </line>
    <line>
      <![CDATA[
********************* After opening the insta page ********************************]]>
    </line>
    <line>
      <![CDATA[page title: Instagram]]>
    </line>
    <line>
      <![CDATA[current window id - 3ea3d7af-00e8-4f41-803e-a44ff992a261]]>
    </line>
    <line>
      <![CDATA[total window id's [3ea3d7af-00e8-4f41-803e-a44ff992a261, a7620b5c-ccca-4175-9e08-05f4f9d91e1e]]]>
    </line>
    <line>
      <![CDATA[
********************* After switching to the insta page ********************************]]>
    </line>
    <line>
      <![CDATA[page title: Instagram]]>
    </line>
    <line>
      <![CDATA[current window id - 3ea3d7af-00e8-4f41-803e-a44ff992a261]]>
    </line>
    <line>
      <![CDATA[total window id's [3ea3d7af-00e8-4f41-803e-a44ff992a261, a7620b5c-ccca-4175-9e08-05f4f9d91e1e]]]>
    </line>
    <line>
      <![CDATA[
********************* After switching to the fb page ********************************]]>
    </line>
    <line>
      <![CDATA[page title: Instagram]]>
    </line>
    <line>
      <![CDATA[current window id - 3ea3d7af-00e8-4f41-803e-a44ff992a261]]>
    </line>
    <line>
      <![CDATA[total window id's [3ea3d7af-00e8-4f41-803e-a44ff992a261, a7620b5c-ccca-4175-9e08-05f4f9d91e1e]]]>
    </line>
    <line>
      <![CDATA[The element with the reference 9d1d4489-a22f-44b9-b56b-5f0a7aec4dc5 is stale; either its node document is not the active document, or it is no longer connected to the DOM
For documentation on this error, please visit: https://www.selenium.dev/documentation/webdriver/troubleshooting/errors#staleelementreferenceexception
Build info: version: '4.48.0', revision: '27f5213 27f5213055e28398a5105b7892b7a3bb2012a6ef'
System info: os.name: 'Windows 11', os.arch: 'amd64', os.version: '10.0', java.version: '21.0.4'
Driver info: org.openqa.selenium.firefox.FirefoxDriver
Command: [71faba36-3649-4634-a185-6d97d7587972, clickElement {id=9d1d4489-a22f-44b9-b56b-5f0a7aec4dc5}]
Capabilities {acceptInsecureCerts: true, browserName: firefox, browserVersion: 154.0.1, moz:accessibilityChecks: false, moz:buildID: 20260824154132, moz:geckodriverVersion: 0.37.1, moz:headless: false, moz:platformVersion: 10.0, moz:processID: 12700, moz:profile: C:\Users\DELLEN~1\AppData\L..., moz:shutdownTimeout: 60000, moz:webdriverClick: true, moz:windowless: false, pageLoadStrategy: normal, platformName: windows, proxy: Proxy(), setWindowRect: true, strictFileInteractability: false, timeouts: {implicit: 0, pageLoad: 300000, script: 30000}, unhandledPromptBehavior: dismiss and notify, userAgent: Mozilla/5.0 (Windows NT 10....}
Element: [[FirefoxDriver: firefox on windows (71faba36-3649-4634-a185-6d97d7587972)] -> name: email]
Session ID: 71faba36-3649-4634-a185-6d97d7587972]]>
    </line>
  </reporter-output>
  <suite started-at="2026-09-03T16:08:15 IST" name="Suite" finished-at="2026-09-03T16:16:01 IST" duration-ms="465953">
    <groups>
      <group name="Aws.bug">
        <method signature="Sr1_Groups.Read()[pri:0, instance:test.Sr1_Groups@723e88f9]" name="Read" class="test.Sr1_Groups"/>
        <method signature="Sr1_Groups.Updatepassword()[pri:0, instance:test.Sr1_Groups@723e88f9]" name="Updatepassword" class="test.Sr1_Groups"/>
      </group> <!-- Aws.bug -->
      <group name="Bug">
        <method signature="Sr1_Groups.Read()[pri:0, instance:test.Sr1_Groups@723e88f9]" name="Read" class="test.Sr1_Groups"/>
        <method signature="Sr1_Groups.Read1()[pri:0, instance:test.Sr1_Groups@723e88f9]" name="Read1" class="test.Sr1_Groups"/>
      </group> <!-- Bug -->
      <group name="Regression">
        <method signature="GroupsTesting.Read()[pri:0, instance:test.GroupsTesting@7f284218]" name="Read" class="test.GroupsTesting"/>
        <method signature="GroupsTesting.Updatepassword()[pri:0, instance:test.GroupsTesting@7f284218]" name="Updatepassword" class="test.GroupsTesting"/>
        <method signature="GroupsTesting.a1()[pri:0, instance:test.GroupsTesting@7f284218]" name="a1" class="test.GroupsTesting"/>
      </group> <!-- Regression -->
      <group name="Smoke">
        <method signature="GroupsTesting.Deleteuser()[pri:0, instance:test.GroupsTesting@7f284218]" name="Deleteuser" class="test.GroupsTesting"/>
        <method signature="GroupsTesting.Read()[pri:0, instance:test.GroupsTesting@7f284218]" name="Read" class="test.GroupsTesting"/>
        <method signature="GroupsTesting.Updatepassword()[pri:0, instance:test.GroupsTesting@7f284218]" name="Updatepassword" class="test.GroupsTesting"/>
        <method signature="Sr1_Groups.Deleteuser()[pri:0, instance:test.Sr1_Groups@723e88f9]" name="Deleteuser" class="test.Sr1_Groups"/>
        <method signature="Sr1_Groups.Updatepassword()[pri:0, instance:test.Sr1_Groups@723e88f9]" name="Updatepassword" class="test.Sr1_Groups"/>
      </group> <!-- Smoke -->
    </groups>
    <test started-at="2026-09-03T16:08:15 IST" name="Test" finished-at="2026-09-03T16:16:01 IST" duration-ms="465953">
      <class name="test.GroupsTesting">
        <test-method signature="Deleteuser()[pri:0, instance:test.GroupsTesting@7f284218]" started-at="2026-09-03T16:09:51 IST" name="Deleteuser" finished-at="2026-09-03T16:09:51 IST" duration-ms="4" status="PASS">
          <reporter-output>
          </reporter-output>
        </test-method> <!-- Deleteuser -->
        <test-method signature="Read()[pri:0, instance:test.GroupsTesting@7f284218]" started-at="2026-09-03T16:09:51 IST" name="Read" finished-at="2026-09-03T16:09:51 IST" duration-ms="3" status="PASS">
          <reporter-output>
          </reporter-output>
        </test-method> <!-- Read -->
        <test-method signature="Updatepassword()[pri:0, instance:test.GroupsTesting@7f284218]" started-at="2026-09-03T16:09:51 IST" name="Updatepassword" finished-at="2026-09-03T16:09:51 IST" duration-ms="3" status="PASS">
          <reporter-output>
          </reporter-output>
        </test-method> <!-- Updatepassword -->
        <test-method signature="a1()[pri:0, instance:test.GroupsTesting@7f284218]" started-at="2026-09-03T16:09:51 IST" name="a1" finished-at="2026-09-03T16:09:51 IST" duration-ms="1" status="PASS">
          <reporter-output>
          </reporter-output>
        </test-method> <!-- a1 -->
      </class> <!-- test.GroupsTesting -->
      <class name="test.Sr5_Alert">
        <test-method is-config="true" signature="setUp()[pri:0, instance:test.Sr5_Alert@495ee280]" started-at="2026-09-03T16:14:44 IST" name="setUp" finished-at="2026-09-03T16:14:47 IST" duration-ms="2974" status="PASS">
          <reporter-output>
          </reporter-output>
        </test-method> <!-- setUp -->
        <test-method signature="InternetURL_alertDemo()[pri:0, instance:test.Sr5_Alert@495ee280]" started-at="2026-09-03T16:14:47 IST" name="InternetURL_alertDemo" finished-at="2026-09-03T16:14:52 IST" duration-ms="4698" status="PASS">
          <reporter-output>
          </reporter-output>
        </test-method> <!-- InternetURL_alertDemo -->
        <test-method is-config="true" signature="tearDown()[pri:0, instance:test.Sr5_Alert@495ee280]" started-at="2026-09-03T16:14:52 IST" name="tearDown" finished-at="2026-09-03T16:14:52 IST" duration-ms="0" status="PASS">
          <reporter-output>
          </reporter-output>
        </test-method> <!-- tearDown -->
      </class> <!-- test.Sr5_Alert -->
      <class name="test.DependacyExample">
        <test-method signature="Createuser()[pri:0, instance:test.DependacyExample@37911f88]" started-at="2026-09-03T16:08:54 IST" name="Createuser" finished-at="2026-09-03T16:08:54 IST" duration-ms="2" status="PASS">
          <reporter-output>
          </reporter-output>
        </test-method> <!-- Createuser -->
        <test-method signature="Updatepassword()[pri:0, instance:test.DependacyExample@37911f88]" started-at="2026-09-03T16:08:54 IST" name="Updatepassword" finished-at="2026-09-03T16:08:54 IST" depends-on-methods="test.DependacyExample.Createuser" duration-ms="4" status="PASS">
          <reporter-output>
          </reporter-output>
        </test-method> <!-- Updatepassword -->
        <test-method signature="Deleteuser()[pri:0, instance:test.DependacyExample@37911f88]" started-at="2026-09-03T16:08:54 IST" name="Deleteuser" finished-at="2026-09-03T16:08:54 IST" depends-on-methods="test.DependacyExample.Updatepassword, test.DependacyExample.Createuser" duration-ms="4" status="PASS">
          <reporter-output>
          </reporter-output>
        </test-method> <!-- Deleteuser -->
        <test-method signature="Read()[pri:2, instance:test.DependacyExample@37911f88]" started-at="2026-09-03T16:08:54 IST" name="Read" finished-at="2026-09-03T16:08:54 IST" duration-ms="3" status="PASS">
          <reporter-output>
          </reporter-output>
        </test-method> <!-- Read -->
      </class> <!-- test.DependacyExample -->
      <class name="test.HardAssertExample">
        <test-method signature="Validusername(java.lang.String,java.lang.String)[pri:0, instance:test.HardAssertExample@407a7f2a]" started-at="2026-09-03T16:09:51 IST" name="Validusername" finished-at="2026-09-03T16:09:51 IST" duration-ms="5" status="PASS">
          <params>
            <param index="0">
              <value>
                <![CDATA[software@qa.com]]>
              </value>
            </param>
            <param index="1">
              <value>
                <![CDATA[mypassword]]>
              </value>
            </param>
          </params>
          <reporter-output>
            <line>
              <![CDATA[Username=software@qa.com]]>
            </line>
            <line>
              <![CDATA[Password=mypassword]]>
            </line>
          </reporter-output>
        </test-method> <!-- Validusername -->
        <test-method signature="tc1()[pri:0, instance:test.HardAssertExample@407a7f2a]" started-at="2026-09-03T16:09:51 IST" name="tc1" finished-at="2026-09-03T16:09:51 IST" duration-ms="6" status="PASS">
          <reporter-output>
            <line>
              <![CDATA[a = 6]]>
            </line>
          </reporter-output>
        </test-method> <!-- tc1 -->
        <test-method signature="tc2()[pri:0, instance:test.HardAssertExample@407a7f2a]" started-at="2026-09-03T16:09:51 IST" name="tc2" finished-at="2026-09-03T16:09:51 IST" duration-ms="3" status="PASS">
          <reporter-output>
          </reporter-output>
        </test-method> <!-- tc2 -->
      </class> <!-- test.HardAssertExample -->
      <class name="test.ElementAttribute">
        <test-method is-config="true" signature="setUp()[pri:0, instance:test.ElementAttribute@6f1c29b7]" started-at="2026-09-03T16:08:54 IST" name="setUp" finished-at="2026-09-03T16:08:58 IST" duration-ms="3431" status="PASS">
          <reporter-output>
          </reporter-output>
        </test-method> <!-- setUp -->
        <test-method signature="fb_ButtonAttribute()[pri:0, instance:test.ElementAttribute@6f1c29b7]" started-at="2026-09-03T16:08:58 IST" name="fb_ButtonAttribute" description="Get attribute of Fb elment" finished-at="2026-09-03T16:09:05 IST" duration-ms="6984" status="PASS">
          <reporter-output>
            <line>
              <![CDATA[Current URL=Email address or mobile number]]>
            </line>
            <line>
              <![CDATA[Tooltips of link=]]>
            </line>
            <line>
              <![CDATA[Login button name=Log in]]>
            </line>
            <line>
              <![CDATA[Button width=546px]]>
            </line>
            <line>
              <![CDATA[Current URL=(768, 333)]]>
            </line>
            <line>
              <![CDATA[768Co-ordinate of controls on page=333]]>
            </line>
            <line>
              <![CDATA[Login size=(546, 44)]]>
            </line>
            <line>
              <![CDATA[44Login button =546]]>
            </line>
            <line>
              <![CDATA[TagName =div]]>
            </line>
          </reporter-output>
        </test-method> <!-- fb_ButtonAttribute -->
        <test-method signature="fb_elementAttribute()[pri:0, instance:test.ElementAttribute@6f1c29b7]" started-at="2026-09-03T16:09:05 IST" name="fb_elementAttribute" description="Verify attribute of Fb elment" finished-at="2026-09-03T16:09:26 IST" duration-ms="21407" status="PASS">
          <reporter-output>
            <line>
              <![CDATA[is emaild displayed or not=true]]>
            </line>
            <line>
              <![CDATA[is Email enabled or not=true]]>
            </line>
            <line>
              <![CDATA[Hidden element NOT present in DOM]]>
            </line>
          </reporter-output>
        </test-method> <!-- fb_elementAttribute -->
        <test-method is-config="true" signature="tearDown()[pri:0, instance:test.ElementAttribute@6f1c29b7]" started-at="2026-09-03T16:09:26 IST" name="tearDown" finished-at="2026-09-03T16:09:27 IST" duration-ms="769" status="PASS">
          <reporter-output>
          </reporter-output>
        </test-method> <!-- tearDown -->
      </class> <!-- test.ElementAttribute -->
      <class name="test.Sr8_Wait">
        <test-method is-config="true" signature="setUp()[pri:0, instance:test.Sr8_Wait@f627d13]" started-at="2026-09-03T16:15:44 IST" name="setUp" finished-at="2026-09-03T16:15:47 IST" duration-ms="3692" status="PASS">
          <reporter-output>
          </reporter-output>
        </test-method> <!-- setUp -->
        <test-method signature="facebook_explitcitWaitExample()[pri:0, instance:test.Sr8_Wait@f627d13]" started-at="2026-09-03T16:15:47 IST" name="facebook_explitcitWaitExample" finished-at="2026-09-03T16:16:00 IST" duration-ms="13124" status="PASS">
          <reporter-output>
          </reporter-output>
        </test-method> <!-- facebook_explitcitWaitExample -->
        <test-method is-config="true" signature="tearDown()[pri:0, instance:test.Sr8_Wait@f627d13]" started-at="2026-09-03T16:16:00 IST" name="tearDown" finished-at="2026-09-03T16:16:01 IST" duration-ms="683" status="PASS">
          <reporter-output>
          </reporter-output>
        </test-method> <!-- tearDown -->
      </class> <!-- test.Sr8_Wait -->
      <class name="test.Sr1_Groups">
        <test-method signature="Deleteuser()[pri:0, instance:test.Sr1_Groups@723e88f9]" started-at="2026-09-03T16:14:37 IST" name="Deleteuser" finished-at="2026-09-03T16:14:37 IST" duration-ms="3" status="PASS">
          <reporter-output>
          </reporter-output>
        </test-method> <!-- Deleteuser -->
        <test-method signature="Read()[pri:0, instance:test.Sr1_Groups@723e88f9]" started-at="2026-09-03T16:14:37 IST" name="Read" finished-at="2026-09-03T16:14:37 IST" duration-ms="4" status="PASS">
          <reporter-output>
          </reporter-output>
        </test-method> <!-- Read -->
        <test-method signature="Read1()[pri:0, instance:test.Sr1_Groups@723e88f9]" started-at="2026-09-03T16:14:37 IST" name="Read1" finished-at="2026-09-03T16:14:37 IST" duration-ms="5" status="PASS">
          <reporter-output>
          </reporter-output>
        </test-method> <!-- Read1 -->
        <test-method signature="Updatepassword()[pri:0, instance:test.Sr1_Groups@723e88f9]" started-at="2026-09-03T16:14:37 IST" name="Updatepassword" finished-at="2026-09-03T16:14:37 IST" duration-ms="4" status="PASS">
          <reporter-output>
          </reporter-output>
        </test-method> <!-- Updatepassword -->
        <test-method signature="a1()[pri:0, instance:test.Sr1_Groups@723e88f9]" started-at="2026-09-03T16:14:37 IST" name="a1" finished-at="2026-09-03T16:14:37 IST" duration-ms="2" status="PASS">
          <reporter-output>
          </reporter-output>
        </test-method> <!-- a1 -->
      </class> <!-- test.Sr1_Groups -->
      <class name="test.GoogleLogin">
        <test-method is-config="true" signature="setUp()[pri:0, instance:test.GoogleLogin@4d6025c5]" started-at="2026-09-03T16:09:27 IST" name="setUp" finished-at="2026-09-03T16:09:30 IST" duration-ms="3179" status="PASS">
          <reporter-output>
          </reporter-output>
        </test-method> <!-- setUp -->
        <test-method signature="Google_LoginTC()[pri:0, instance:test.GoogleLogin@4d6025c5]" started-at="2026-09-03T16:09:30 IST" name="Google_LoginTC" finished-at="2026-09-03T16:09:50 IST" duration-ms="19874" status="PASS">
          <reporter-output>
            <line>
              <![CDATA[Enter an email or phone number]]>
            </line>
          </reporter-output>
        </test-method> <!-- Google_LoginTC -->
        <test-method is-config="true" signature="tearDown()[pri:0, instance:test.GoogleLogin@4d6025c5]" started-at="2026-09-03T16:09:50 IST" name="tearDown" finished-at="2026-09-03T16:09:51 IST" duration-ms="791" status="PASS">
          <reporter-output>
          </reporter-output>
        </test-method> <!-- tearDown -->
      </class> <!-- test.GoogleLogin -->
      <class name="test.Sr8_Scroll">
        <test-method is-config="true" signature="setUp()[pri:0, instance:test.Sr8_Scroll@3116c353]" started-at="2026-09-03T16:15:11 IST" name="setUp" finished-at="2026-09-03T16:15:14 IST" duration-ms="3585" status="PASS">
          <reporter-output>
          </reporter-output>
        </test-method> <!-- setUp -->
        <test-method signature="amazonScrolling()[pri:0, instance:test.Sr8_Scroll@3116c353]" started-at="2026-09-03T16:15:14 IST" name="amazonScrolling" finished-at="2026-09-03T16:15:21 IST" duration-ms="6631" status="PASS">
          <reporter-output>
          </reporter-output>
        </test-method> <!-- amazonScrolling -->
        <test-method signature="githubScrolling()[pri:2, instance:test.Sr8_Scroll@3116c353]" started-at="2026-09-03T16:15:21 IST" name="githubScrolling" finished-at="2026-09-03T16:15:30 IST" duration-ms="8543" status="PASS">
          <reporter-output>
          </reporter-output>
        </test-method> <!-- githubScrolling -->
        <test-method signature="youtubeScrolling()[pri:3, instance:test.Sr8_Scroll@3116c353]" started-at="2026-09-03T16:15:30 IST" name="youtubeScrolling" finished-at="2026-09-03T16:15:42 IST" duration-ms="12340" status="PASS">
          <reporter-output>
          </reporter-output>
        </test-method> <!-- youtubeScrolling -->
        <test-method is-config="true" signature="tearDown()[pri:0, instance:test.Sr8_Scroll@3116c353]" started-at="2026-09-03T16:15:42 IST" name="tearDown" finished-at="2026-09-03T16:15:44 IST" duration-ms="1595" status="PASS">
          <reporter-output>
          </reporter-output>
        </test-method> <!-- tearDown -->
      </class> <!-- test.Sr8_Scroll -->
      <class name="test.SoftAssertExample">
        <test-method signature="tc1()[pri:0, instance:test.SoftAssertExample@4f4c4b1a]" started-at="2026-09-03T16:14:37 IST" name="tc1" finished-at="2026-09-03T16:14:37 IST" duration-ms="7" status="PASS">
          <reporter-output>
            <line>
              <![CDATA[a = 48]]>
            </line>
          </reporter-output>
        </test-method> <!-- tc1 -->
        <test-method signature="tc2()[pri:0, instance:test.SoftAssertExample@4f4c4b1a]" started-at="2026-09-03T16:14:37 IST" name="tc2" finished-at="2026-09-03T16:14:37 IST" duration-ms="2" status="PASS">
          <reporter-output>
          </reporter-output>
        </test-method> <!-- tc2 -->
      </class> <!-- test.SoftAssertExample -->
      <class name="test.Scroll_Amazon">
        <test-method is-config="true" signature="setUp()[pri:0, instance:test.Scroll_Amazon@2cb2fc20]" started-at="2026-09-03T16:10:34 IST" name="setUp" finished-at="2026-09-03T16:10:37 IST" duration-ms="3395" status="PASS">
          <reporter-output>
          </reporter-output>
        </test-method> <!-- setUp -->
        <test-method signature="Amazon_products()[pri:1, instance:test.Scroll_Amazon@2cb2fc20]" started-at="2026-09-03T16:10:37 IST" name="Amazon_products" finished-at="2026-09-03T16:14:36 IST" duration-ms="238772" status="PASS">
          <reporter-output>
            <line>
              <![CDATA[URL :https://www.amazon.in/ASUS-Vivobook-i5-13420H-Keyboard-X1502VA-BQ1297WS/dp/B0FN97FRVS?ref=dlx_deals_dg_dcl_B0FN97FRVS_dt_sl10_33_pi&pf_rd_r=TJDPJSSF2NFF66B6DVT2&pf_rd_p=a1f490ce-fe55-425e-9932-455f92f72533&sbo=RZvfv%2F%2FHxDF%2BO5021pAnSA%3D%3D]]>
            </line>
            <line>
              <![CDATA[URL :https://www.amazon.in/ASUS-Vivobook-i5-13420H-Keyboard-X1502VA-BQ1297WS/dp/B0FN97FRVS?ref=dlx_deals_dg_dcl_B0FN97FRVS_dt_sl10_33&pf_rd_r=TJDPJSSF2NFF66B6DVT2&pf_rd_p=a1f490ce-fe55-425e-9932-455f92f72533&sbo=RZvfv%2F%2FHxDF%2BO5021pAnSA%3D%3D]]>
            </line>
            <line>
              <![CDATA[URL :https://www.amazon.in/Nothing-Phone-White-16GB-512GB/dp/B0F7R82LHJ?ref=dlx_deals_dg_dcl_B0F7R82LHJ_dt_sl10_33_pi&pf_rd_r=TJDPJSSF2NFF66B6DVT2&pf_rd_p=a1f490ce-fe55-425e-9932-455f92f72533&sbo=RZvfv%2F%2FHxDF%2BO5021pAnSA%3D%3D]]>
            </line>
            <line>
              <![CDATA[URL :https://www.amazon.in/Nothing-Phone-White-16GB-512GB/dp/B0F7R82LHJ?ref=dlx_deals_dg_dcl_B0F7R82LHJ_dt_sl10_33&pf_rd_r=TJDPJSSF2NFF66B6DVT2&pf_rd_p=a1f490ce-fe55-425e-9932-455f92f72533&sbo=RZvfv%2F%2FHxDF%2BO5021pAnSA%3D%3D]]>
            </line>
            <line>
              <![CDATA[URL :https://www.amazon.in/Nothing-Phone-White-16GB-512GB/dp/B0F7R82LHJ?ref=dlx_deals_dg_dcl_B0F7R82LHJ_dt_sl10_33_cs&pf_rd_r=TJDPJSSF2NFF66B6DVT2&pf_rd_p=a1f490ce-fe55-425e-9932-455f92f72533]]>
            </line>
            <line>
              <![CDATA[URL :https://www.amazon.in/dp/B0H8XQ49B8?ref=dlx_deals_dg_dcl_B0H8XQ49B8_dt_sl10_33_cs&pf_rd_r=TJDPJSSF2NFF66B6DVT2&pf_rd_p=a1f490ce-fe55-425e-9932-455f92f72533]]>
            </line>
            <line>
              <![CDATA[URL :https://www.amazon.in/dp/B0H8Y2FFDN?ref=dlx_deals_dg_dcl_B0H8Y2FFDN_dt_sl10_33_cs&pf_rd_r=TJDPJSSF2NFF66B6DVT2&pf_rd_p=a1f490ce-fe55-425e-9932-455f92f72533]]>
            </line>
            <line>
              <![CDATA[URL :https://www.amazon.in/SEZNIK-Cordless-Rechargeable-Mattress-Warranty/dp/B0FKTHKDDZ?ref=dlx_deals_dg_dcl_B0FKTHKDDZ_dt_sl10_33_pi&pf_rd_r=TJDPJSSF2NFF66B6DVT2&pf_rd_p=a1f490ce-fe55-425e-9932-455f92f72533&sbo=RZvfv%2F%2FHxDF%2BO5021pAnSA%3D%3D]]>
            </line>
            <line>
              <![CDATA[URL :https://www.amazon.in/SEZNIK-Cordless-Rechargeable-Mattress-Warranty/dp/B0FKTHKDDZ?ref=dlx_deals_dg_dcl_B0FKTHKDDZ_dt_sl10_33&pf_rd_r=TJDPJSSF2NFF66B6DVT2&pf_rd_p=a1f490ce-fe55-425e-9932-455f92f72533&sbo=RZvfv%2F%2FHxDF%2BO5021pAnSA%3D%3D]]>
            </line>
            <line>
              <![CDATA[URL :https://www.amazon.in/Samsung-Bluetooth-Processor-Monitoring-Anti-oxidant/dp/B0FDQNRHLD?ref=dlx_deals_dg_dcl_B0FDQNRHLD_dt_sl10_33_pi&pf_rd_r=TJDPJSSF2NFF66B6DVT2&pf_rd_p=a1f490ce-fe55-425e-9932-455f92f72533&sbo=RZvfv%2F%2FHxDF%2BO5021pAnSA%3D%3D]]>
            </line>
            <line>
              <![CDATA[URL :https://www.amazon.in/Samsung-Bluetooth-Processor-Monitoring-Anti-oxidant/dp/B0FDQNRHLD?ref=dlx_deals_dg_dcl_B0FDQNRHLD_dt_sl10_33&pf_rd_r=TJDPJSSF2NFF66B6DVT2&pf_rd_p=a1f490ce-fe55-425e-9932-455f92f72533&sbo=RZvfv%2F%2FHxDF%2BO5021pAnSA%3D%3D]]>
            </line>
            <line>
              <![CDATA[URL :https://www.amazon.in/Samsung-Bluetooth-Processor-Monitoring-Anti-oxidant/dp/B0FDQNRHLD?ref=dlx_deals_dg_dcl_B0FDQNRHLD_dt_sl10_33_csml&pf_rd_r=TJDPJSSF2NFF66B6DVT2&pf_rd_p=a1f490ce-fe55-425e-9932-455f92f72533]]>
            </line>
            <line>
              <![CDATA[URL :https://www.amazon.in/Ace-1600-Watt-21-Litre-Stainless-Function/dp/B07RCGTZ4M?ref=dlx_deals_dg_dcl_B07RCGTZ4M_dt_sl10_33_pi&pf_rd_r=TJDPJSSF2NFF66B6DVT2&pf_rd_p=a1f490ce-fe55-425e-9932-455f92f72533&sbo=RZvfv%2F%2FHxDF%2BO5021pAnSA%3D%3D]]>
            </line>
            <line>
              <![CDATA[URL :https://www.amazon.in/Ace-1600-Watt-21-Litre-Stainless-Function/dp/B07RCGTZ4M?ref=dlx_deals_dg_dcl_B07RCGTZ4M_dt_sl10_33&pf_rd_r=TJDPJSSF2NFF66B6DVT2&pf_rd_p=a1f490ce-fe55-425e-9932-455f92f72533&sbo=RZvfv%2F%2FHxDF%2BO5021pAnSA%3D%3D]]>
            </line>
            <line>
              <![CDATA[URL :https://www.amazon.in/Appliances-Ductless-AutoClean-Charcoal-Activated/dp/B0H12143FG?ref=dlx_deals_dg_dcl_B0H12143FG_dt_sl10_33_pi&pf_rd_r=TJDPJSSF2NFF66B6DVT2&pf_rd_p=a1f490ce-fe55-425e-9932-455f92f72533&sbo=RZvfv%2F%2FHxDF%2BO5021pAnSA%3D%3D]]>
            </line>
            <line>
              <![CDATA[URL :https://www.amazon.in/Appliances-Ductless-AutoClean-Charcoal-Activated/dp/B0H12143FG?ref=dlx_deals_dg_dcl_B0H12143FG_dt_sl10_33&pf_rd_r=TJDPJSSF2NFF66B6DVT2&pf_rd_p=a1f490ce-fe55-425e-9932-455f92f72533&sbo=RZvfv%2F%2FHxDF%2BO5021pAnSA%3D%3D]]>
            </line>
            <line>
              <![CDATA[URL :https://www.amazon.in/Appliances-Ductless-AutoClean-Charcoal-Activated/dp/B0H12143FG?ref=dlx_deals_dg_dcl_B0H12143FG_dt_sl10_33_csml&pf_rd_r=TJDPJSSF2NFF66B6DVT2&pf_rd_p=a1f490ce-fe55-425e-9932-455f92f72533]]>
            </line>
            <line>
              <![CDATA[URL :https://www.amazon.in/OnePlus-Real-time-Playback-Charging-Bluetooth/dp/B0H3PQ6MW4?ref=dlx_deals_dg_dcl_B0H3PQ6MW4_dt_sl10_33_pi&pf_rd_r=TJDPJSSF2NFF66B6DVT2&pf_rd_p=a1f490ce-fe55-425e-9932-455f92f72533&sbo=RZvfv%2F%2FHxDF%2BO5021pAnSA%3D%3D]]>
            </line>
            <line>
              <![CDATA[URL :https://www.amazon.in/OnePlus-Real-time-Playback-Charging-Bluetooth/dp/B0H3PQ6MW4?ref=dlx_deals_dg_dcl_B0H3PQ6MW4_dt_sl10_33&pf_rd_r=TJDPJSSF2NFF66B6DVT2&pf_rd_p=a1f490ce-fe55-425e-9932-455f92f72533&sbo=RZvfv%2F%2FHxDF%2BO5021pAnSA%3D%3D]]>
            </line>
            <line>
              <![CDATA[URL :https://www.amazon.in/OnePlus-Real-time-Playback-Charging-Bluetooth/dp/B0H3PQ6MW4?ref=dlx_deals_dg_dcl_B0H3PQ6MW4_dt_sl10_33_cs&pf_rd_r=TJDPJSSF2NFF66B6DVT2&pf_rd_p=a1f490ce-fe55-425e-9932-455f92f72533]]>
            </line>
            <line>
              <![CDATA[URL :https://www.amazon.in/dp/B0H3Q5DPP9?ref=dlx_deals_dg_dcl_B0H3Q5DPP9_dt_sl10_33_cs&pf_rd_r=TJDPJSSF2NFF66B6DVT2&pf_rd_p=a1f490ce-fe55-425e-9932-455f92f72533]]>
            </line>
            <line>
              <![CDATA[URL :https://www.amazon.in/Apple-Watch-Cellular-Titanium-Milanese/dp/B0FQFJLYN9?ref=dlx_deals_dg_dcl_B0FQFJLYN9_dt_sl10_33_pi&pf_rd_r=TJDPJSSF2NFF66B6DVT2&pf_rd_p=a1f490ce-fe55-425e-9932-455f92f72533&sbo=RZvfv%2F%2FHxDF%2BO5021pAnSA%3D%3D]]>
            </line>
            <line>
              <![CDATA[URL :https://www.amazon.in/Apple-Watch-Cellular-Titanium-Milanese/dp/B0FQFJLYN9?ref=dlx_deals_dg_dcl_B0FQFJLYN9_dt_sl10_33&pf_rd_r=TJDPJSSF2NFF66B6DVT2&pf_rd_p=a1f490ce-fe55-425e-9932-455f92f72533&sbo=RZvfv%2F%2FHxDF%2BO5021pAnSA%3D%3D]]>
            </line>
            <line>
              <![CDATA[URL :https://www.amazon.in/ROSIER-Traditional-Bilona-Grassfed-Healthy/dp/B0BLSNB96M?ref=dlx_deals_dg_dcl_B0BLSNB96M_dt_sl10_33_pi&pf_rd_r=TJDPJSSF2NFF66B6DVT2&pf_rd_p=a1f490ce-fe55-425e-9932-455f92f72533&sbo=RZvfv%2F%2FHxDF%2BO5021pAnSA%3D%3D]]>
            </line>
            <line>
              <![CDATA[URL :https://www.amazon.in/ROSIER-Traditional-Bilona-Grassfed-Healthy/dp/B0BLSNB96M?ref=dlx_deals_dg_dcl_B0BLSNB96M_dt_sl10_33&pf_rd_r=TJDPJSSF2NFF66B6DVT2&pf_rd_p=a1f490ce-fe55-425e-9932-455f92f72533&sbo=RZvfv%2F%2FHxDF%2BO5021pAnSA%3D%3D]]>
            </line>
            <line>
              <![CDATA[URL :https://www.amazon.in/ASUS-Vivobook-Metallic-Windows-S3407CA-LY060WS/dp/B0F9YFTS75?ref=dlx_deals_dg_dcl_B0F9YFTS75_dt_sl10_33_pi&pf_rd_r=TJDPJSSF2NFF66B6DVT2&pf_rd_p=a1f490ce-fe55-425e-9932-455f92f72533&sbo=RZvfv%2F%2FHxDF%2BO5021pAnSA%3D%3D]]>
            </line>
            <line>
              <![CDATA[URL :https://www.amazon.in/ASUS-Vivobook-Metallic-Windows-S3407CA-LY060WS/dp/B0F9YFTS75?ref=dlx_deals_dg_dcl_B0F9YFTS75_dt_sl10_33&pf_rd_r=TJDPJSSF2NFF66B6DVT2&pf_rd_p=a1f490ce-fe55-425e-9932-455f92f72533&sbo=RZvfv%2F%2FHxDF%2BO5021pAnSA%3D%3D]]>
            </line>
            <line>
              <![CDATA[product links: [[[FirefoxDriver: firefox on windows (fe2ed7c4-c4b0-4bfa-bb4f-b9e3479a2519)] -> xpath: //a[contains(@href, '/dp/')]], [[FirefoxDriver: firefox on windows (fe2ed7c4-c4b0-4bfa-bb4f-b9e3479a2519)] -> xpath: //a[contains(@href, '/dp/')]], [[FirefoxDriver: firefox on windows (fe2ed7c4-c4b0-4bfa-bb4f-b9e3479a2519)] -> xpath: //a[contains(@href, '/dp/')]], [[FirefoxDriver: firefox on windows (fe2ed7c4-c4b0-4bfa-bb4f-b9e3479a2519)] -> xpath: //a[contains(@href, '/dp/')]], [[FirefoxDriver: firefox on windows (fe2ed7c4-c4b0-4bfa-bb4f-b9e3479a2519)] -> xpath: //a[contains(@href, '/dp/')]], [[FirefoxDriver: firefox on windows (fe2ed7c4-c4b0-4bfa-bb4f-b9e3479a2519)] -> xpath: //a[contains(@href, '/dp/')]], [[FirefoxDriver: firefox on windows (fe2ed7c4-c4b0-4bfa-bb4f-b9e3479a2519)] -> xpath: //a[contains(@href, '/dp/')]], [[FirefoxDriver: firefox on windows (fe2ed7c4-c4b0-4bfa-bb4f-b9e3479a2519)] -> xpath: //a[contains(@href, '/dp/')]], [[FirefoxDriver: firefox on windows (fe2ed7c4-c4b0-4bfa-bb4f-b9e3479a2519)] -> xpath: //a[contains(@href, '/dp/')]], [[FirefoxDriver: firefox on windows (fe2ed7c4-c4b0-4bfa-bb4f-b9e3479a2519)] -> xpath: //a[contains(@href, '/dp/')]], [[FirefoxDriver: firefox on windows (fe2ed7c4-c4b0-4bfa-bb4f-b9e3479a2519)] -> xpath: //a[contains(@href, '/dp/')]], [[FirefoxDriver: firefox on windows (fe2ed7c4-c4b0-4bfa-bb4f-b9e3479a2519)] -> xpath: //a[contains(@href, '/dp/')]], [[FirefoxDriver: firefox on windows (fe2ed7c4-c4b0-4bfa-bb4f-b9e3479a2519)] -> xpath: //a[contains(@href, '/dp/')]], [[FirefoxDriver: firefox on windows (fe2ed7c4-c4b0-4bfa-bb4f-b9e3479a2519)] -> xpath: //a[contains(@href, '/dp/')]], [[FirefoxDriver: firefox on windows (fe2ed7c4-c4b0-4bfa-bb4f-b9e3479a2519)] -> xpath: //a[contains(@href, '/dp/')]], [[FirefoxDriver: firefox on windows (fe2ed7c4-c4b0-4bfa-bb4f-b9e3479a2519)] -> xpath: //a[contains(@href, '/dp/')]], [[FirefoxDriver: firefox on windows (fe2ed7c4-c4b0-4bfa-bb4f-b9e3479a2519)] -> xpath: //a[contains(@href, '/dp/')]], [[FirefoxDriver: firefox on windows (fe2ed7c4-c4b0-4bfa-bb4f-b9e3479a2519)] -> xpath: //a[contains(@href, '/dp/')]], [[FirefoxDriver: firefox on windows (fe2ed7c4-c4b0-4bfa-bb4f-b9e3479a2519)] -> xpath: //a[contains(@href, '/dp/')]], [[FirefoxDriver: firefox on windows (fe2ed7c4-c4b0-4bfa-bb4f-b9e3479a2519)] -> xpath: //a[contains(@href, '/dp/')]], [[FirefoxDriver: firefox on windows (fe2ed7c4-c4b0-4bfa-bb4f-b9e3479a2519)] -> xpath: //a[contains(@href, '/dp/')]], [[FirefoxDriver: firefox on windows (fe2ed7c4-c4b0-4bfa-bb4f-b9e3479a2519)] -> xpath: //a[contains(@href, '/dp/')]], [[FirefoxDriver: firefox on windows (fe2ed7c4-c4b0-4bfa-bb4f-b9e3479a2519)] -> xpath: //a[contains(@href, '/dp/')]], [[FirefoxDriver: firefox on windows (fe2ed7c4-c4b0-4bfa-bb4f-b9e3479a2519)] -> xpath: //a[contains(@href, '/dp/')]], [[FirefoxDriver: firefox on windows (fe2ed7c4-c4b0-4bfa-bb4f-b9e3479a2519)] -> xpath: //a[contains(@href, '/dp/')]], [[FirefoxDriver: firefox on windows (fe2ed7c4-c4b0-4bfa-bb4f-b9e3479a2519)] -> xpath: //a[contains(@href, '/dp/')]], [[FirefoxDriver: firefox on windows (fe2ed7c4-c4b0-4bfa-bb4f-b9e3479a2519)] -> xpath: //a[contains(@href, '/dp/')]], [[FirefoxDriver: firefox on windows (fe2ed7c4-c4b0-4bfa-bb4f-b9e3479a2519)] -> xpath: //a[contains(@href, '/dp/')]], [[FirefoxDriver: firefox on windows (fe2ed7c4-c4b0-4bfa-bb4f-b9e3479a2519)] -> xpath: //a[contains(@href, '/dp/')]], [[FirefoxDriver: firefox on windows (fe2ed7c4-c4b0-4bfa-bb4f-b9e3479a2519)] -> xpath: //a[contains(@href, '/dp/')]], [[FirefoxDriver: firefox on windows (fe2ed7c4-c4b0-4bfa-bb4f-b9e3479a2519)] -> xpath: //a[contains(@href, '/dp/')]], [[FirefoxDriver: firefox on windows (fe2ed7c4-c4b0-4bfa-bb4f-b9e3479a2519)] -> xpath: //a[contains(@href, '/dp/')]], [[FirefoxDriver: firefox on windows (fe2ed7c4-c4b0-4bfa-bb4f-b9e3479a2519)] -> xpath: //a[contains(@href, '/dp/')]], [[FirefoxDriver: firefox on windows (fe2ed7c4-c4b0-4bfa-bb4f-b9e3479a2519)] -> xpath: //a[contains(@href, '/dp/')]], [[FirefoxDriver: firefox on windows (fe2ed7c4-c4b0-4bfa-bb4f-b9e3479a2519)] -> xpath: //a[contains(@href, '/dp/')]], [[FirefoxDriver: firefox on windows (fe2ed7c4-c4b0-4bfa-bb4f-b9e3479a2519)] -> xpath: //a[contains(@href, '/dp/')]], [[FirefoxDriver: firefox on windows (fe2ed7c4-c4b0-4bfa-bb4f-b9e3479a2519)] -> xpath: //a[contains(@href, '/dp/')]], [[FirefoxDriver: firefox on windows (fe2ed7c4-c4b0-4bfa-bb4f-b9e3479a2519)] -> xpath: //a[contains(@href, '/dp/')]], [[FirefoxDriver: firefox on windows (fe2ed7c4-c4b0-4bfa-bb4f-b9e3479a2519)] -> xpath: //a[contains(@href, '/dp/')]], [[FirefoxDriver: firefox on windows (fe2ed7c4-c4b0-4bfa-bb4f-b9e3479a2519)] -> xpath: //a[contains(@href, '/dp/')]]]]]>
            </line>
            <line>
              <![CDATA[found=https://www.amazon.in/Destinio-Large-Umbrella-Women-Close/dp/B089GM5Q7Z?pd_rd_w=jKTyM&content-id=amzn1.sym.ae851f32-bade-4296-8906-358e9c0154ae&pf_rd_p=ae851f32-bade-4296-8906-358e9c0154ae&pf_rd_r=M9P0BQR2EYHGSV613N5B&pd_rd_wg=5pLXn&pd_rd_r=697c8718-6c3b-4c3d-b53c-ac779f7256ec&pd_rd_i=B089GM5Q7Z&ref_=BMSM_primeDeals_B089GM5Q7Z]]>
            </line>
            <line>
              <![CDATA[found=https://www.amazon.in/FLYNGO-Carabiner-Protection-Windproof-Reinforced/dp/B0H7S93Q4Q?pd_rd_w=jKTyM&content-id=amzn1.sym.ae851f32-bade-4296-8906-358e9c0154ae&pf_rd_p=ae851f32-bade-4296-8906-358e9c0154ae&pf_rd_r=M9P0BQR2EYHGSV613N5B&pd_rd_wg=5pLXn&pd_rd_r=697c8718-6c3b-4c3d-b53c-ac779f7256ec&pd_rd_i=B0H7S93Q4Q&ref_=BMSM_primeDeals_B0H7S93Q4Q]]>
            </line>
            <line>
              <![CDATA[found=https://www.amazon.in/ZEEL-Sealed-Raincoat-Waterproof-Carrying/dp/B08947GQCM?pd_rd_w=jKTyM&content-id=amzn1.sym.ae851f32-bade-4296-8906-358e9c0154ae&pf_rd_p=ae851f32-bade-4296-8906-358e9c0154ae&pf_rd_r=M9P0BQR2EYHGSV613N5B&pd_rd_wg=5pLXn&pd_rd_r=697c8718-6c3b-4c3d-b53c-ac779f7256ec&pd_rd_i=B08947GQCM&ref_=BMSM_primeDeals_B08947GQCM]]>
            </line>
            <line>
              <![CDATA[found=https://www.amazon.in/Citizen-Reversible-Raincoat-Matching-Lightweight/dp/B0CPSLYDRD?pd_rd_w=jKTyM&content-id=amzn1.sym.ae851f32-bade-4296-8906-358e9c0154ae&pf_rd_p=ae851f32-bade-4296-8906-358e9c0154ae&pf_rd_r=M9P0BQR2EYHGSV613N5B&pd_rd_wg=5pLXn&pd_rd_r=697c8718-6c3b-4c3d-b53c-ac779f7256ec&pd_rd_i=B0CPSLYDRD&ref_=BMSM_primeDeals_B0CPSLYDRD]]>
            </line>
            <line>
              <![CDATA[found=https://www.amazon.in/Campus-Mens-GC-4035-Clogs-P-GREEN/dp/B0H4DBCKWB?pd_rd_w=jKTyM&content-id=amzn1.sym.ae851f32-bade-4296-8906-358e9c0154ae&pf_rd_p=ae851f32-bade-4296-8906-358e9c0154ae&pf_rd_r=M9P0BQR2EYHGSV613N5B&pd_rd_wg=5pLXn&pd_rd_r=697c8718-6c3b-4c3d-b53c-ac779f7256ec&pd_rd_i=B0H4DBCKWB&ref_=BMSM_primeDeals_B0H4DBCKWB]]>
            </line>
            <line>
              <![CDATA[found=https://www.amazon.in/Crocs-Womens-Platform-Barely-Women/dp/B0G596SGTJ?pd_rd_w=jKTyM&content-id=amzn1.sym.ae851f32-bade-4296-8906-358e9c0154ae&pf_rd_p=ae851f32-bade-4296-8906-358e9c0154ae&pf_rd_r=M9P0BQR2EYHGSV613N5B&pd_rd_wg=5pLXn&pd_rd_r=697c8718-6c3b-4c3d-b53c-ac779f7256ec&pd_rd_i=B0G596SGTJ&ref_=BMSM_primeDeals_B0G596SGTJ]]>
            </line>
            <line>
              <![CDATA[found=https://www.amazon.in/American-Tourister-BACKPACK-COMPARTMENT-ORGANIZER/dp/B0BTD4S4XF?pd_rd_w=jKTyM&content-id=amzn1.sym.ae851f32-bade-4296-8906-358e9c0154ae&pf_rd_p=ae851f32-bade-4296-8906-358e9c0154ae&pf_rd_r=M9P0BQR2EYHGSV613N5B&pd_rd_wg=5pLXn&pd_rd_r=697c8718-6c3b-4c3d-b53c-ac779f7256ec&pd_rd_i=B0BTD4S4XF&ref_=BMSM_primeDeals_B0BTD4S4XF]]>
            </line>
            <line>
              <![CDATA[found=https://www.amazon.in/MAXOSHINE-Microfiber-Bath-Soft-Towel-Absorbent-Bath/dp/B0CCPPTB93?pd_rd_w=jKTyM&content-id=amzn1.sym.ae851f32-bade-4296-8906-358e9c0154ae&pf_rd_p=ae851f32-bade-4296-8906-358e9c0154ae&pf_rd_r=M9P0BQR2EYHGSV613N5B&pd_rd_wg=5pLXn&pd_rd_r=697c8718-6c3b-4c3d-b53c-ac779f7256ec&pd_rd_i=B0CCPPTB93&ref_=BMSM_primeDeals_B0CCPPTB93]]>
            </line>
            <line>
              <![CDATA[found=https://www.amazon.in/LiMETRO-STEEL-Stand-Cloth-Black/dp/B0GNGZ6FBB?pd_rd_w=jKTyM&content-id=amzn1.sym.ae851f32-bade-4296-8906-358e9c0154ae&pf_rd_p=ae851f32-bade-4296-8906-358e9c0154ae&pf_rd_r=M9P0BQR2EYHGSV613N5B&pd_rd_wg=5pLXn&pd_rd_r=697c8718-6c3b-4c3d-b53c-ac779f7256ec&pd_rd_i=B0GNGZ6FBB&ref_=BMSM_primeDeals_B0GNGZ6FBB]]>
            </line>
            <line>
              <![CDATA[found=https://www.amazon.in/ASUS-Vivobook-i5-13420H-Keyboard-X1502VA-BQ1297WS/dp/B0FN97FRVS?ref=dlx_deals_dg_dcl_B0FN97FRVS_dt_sl10_33_pi&pf_rd_r=M9P0BQR2EYHGSV613N5B&pf_rd_p=a1f490ce-fe55-425e-9932-455f92f72533&sbo=RZvfv%2F%2FHxDF%2BO5021pAnSA%3D%3D]]>
            </line>
            <line>
              <![CDATA[found=https://www.amazon.in/ASUS-Vivobook-i5-13420H-Keyboard-X1502VA-BQ1297WS/dp/B0FN97FRVS?ref=dlx_deals_dg_dcl_B0FN97FRVS_dt_sl10_33&pf_rd_r=M9P0BQR2EYHGSV613N5B&pf_rd_p=a1f490ce-fe55-425e-9932-455f92f72533&sbo=RZvfv%2F%2FHxDF%2BO5021pAnSA%3D%3D]]>
            </line>
            <line>
              <![CDATA[found=https://www.amazon.in/Nothing-Phone-White-16GB-512GB/dp/B0F7R82LHJ?ref=dlx_deals_dg_dcl_B0F7R82LHJ_dt_sl10_33_pi&pf_rd_r=M9P0BQR2EYHGSV613N5B&pf_rd_p=a1f490ce-fe55-425e-9932-455f92f72533&sbo=RZvfv%2F%2FHxDF%2BO5021pAnSA%3D%3D]]>
            </line>
            <line>
              <![CDATA[found=https://www.amazon.in/Nothing-Phone-White-16GB-512GB/dp/B0F7R82LHJ?ref=dlx_deals_dg_dcl_B0F7R82LHJ_dt_sl10_33&pf_rd_r=M9P0BQR2EYHGSV613N5B&pf_rd_p=a1f490ce-fe55-425e-9932-455f92f72533&sbo=RZvfv%2F%2FHxDF%2BO5021pAnSA%3D%3D]]>
            </line>
            <line>
              <![CDATA[found=https://www.amazon.in/Nothing-Phone-White-16GB-512GB/dp/B0F7R82LHJ?ref=dlx_deals_dg_dcl_B0F7R82LHJ_dt_sl10_33_cs&pf_rd_r=M9P0BQR2EYHGSV613N5B&pf_rd_p=a1f490ce-fe55-425e-9932-455f92f72533]]>
            </line>
            <line>
              <![CDATA[found=https://www.amazon.in/dp/B0H8XQ49B8?ref=dlx_deals_dg_dcl_B0H8XQ49B8_dt_sl10_33_cs&pf_rd_r=M9P0BQR2EYHGSV613N5B&pf_rd_p=a1f490ce-fe55-425e-9932-455f92f72533]]>
            </line>
            <line>
              <![CDATA[found=https://www.amazon.in/dp/B0H8Y2FFDN?ref=dlx_deals_dg_dcl_B0H8Y2FFDN_dt_sl10_33_cs&pf_rd_r=M9P0BQR2EYHGSV613N5B&pf_rd_p=a1f490ce-fe55-425e-9932-455f92f72533]]>
            </line>
            <line>
              <![CDATA[found=https://www.amazon.in/SEZNIK-Cordless-Rechargeable-Mattress-Warranty/dp/B0FKTHKDDZ?ref=dlx_deals_dg_dcl_B0FKTHKDDZ_dt_sl10_33_pi&pf_rd_r=M9P0BQR2EYHGSV613N5B&pf_rd_p=a1f490ce-fe55-425e-9932-455f92f72533&sbo=RZvfv%2F%2FHxDF%2BO5021pAnSA%3D%3D]]>
            </line>
            <line>
              <![CDATA[found=https://www.amazon.in/SEZNIK-Cordless-Rechargeable-Mattress-Warranty/dp/B0FKTHKDDZ?ref=dlx_deals_dg_dcl_B0FKTHKDDZ_dt_sl10_33&pf_rd_r=M9P0BQR2EYHGSV613N5B&pf_rd_p=a1f490ce-fe55-425e-9932-455f92f72533&sbo=RZvfv%2F%2FHxDF%2BO5021pAnSA%3D%3D]]>
            </line>
            <line>
              <![CDATA[found=https://www.amazon.in/Samsung-Bluetooth-Processor-Monitoring-Anti-oxidant/dp/B0FDQNRHLD?ref=dlx_deals_dg_dcl_B0FDQNRHLD_dt_sl10_33_pi&pf_rd_r=M9P0BQR2EYHGSV613N5B&pf_rd_p=a1f490ce-fe55-425e-9932-455f92f72533&sbo=RZvfv%2F%2FHxDF%2BO5021pAnSA%3D%3D]]>
            </line>
            <line>
              <![CDATA[found=https://www.amazon.in/Samsung-Bluetooth-Processor-Monitoring-Anti-oxidant/dp/B0FDQNRHLD?ref=dlx_deals_dg_dcl_B0FDQNRHLD_dt_sl10_33&pf_rd_r=M9P0BQR2EYHGSV613N5B&pf_rd_p=a1f490ce-fe55-425e-9932-455f92f72533&sbo=RZvfv%2F%2FHxDF%2BO5021pAnSA%3D%3D]]>
            </line>
            <line>
              <![CDATA[found=https://www.amazon.in/Samsung-Bluetooth-Processor-Monitoring-Anti-oxidant/dp/B0FDQNRHLD?ref=dlx_deals_dg_dcl_B0FDQNRHLD_dt_sl10_33_csml&pf_rd_r=M9P0BQR2EYHGSV613N5B&pf_rd_p=a1f490ce-fe55-425e-9932-455f92f72533]]>
            </line>
            <line>
              <![CDATA[found=https://www.amazon.in/Ace-1600-Watt-21-Litre-Stainless-Function/dp/B07RCGTZ4M?ref=dlx_deals_dg_dcl_B07RCGTZ4M_dt_sl10_33_pi&pf_rd_r=M9P0BQR2EYHGSV613N5B&pf_rd_p=a1f490ce-fe55-425e-9932-455f92f72533&sbo=RZvfv%2F%2FHxDF%2BO5021pAnSA%3D%3D]]>
            </line>
            <line>
              <![CDATA[found=https://www.amazon.in/Ace-1600-Watt-21-Litre-Stainless-Function/dp/B07RCGTZ4M?ref=dlx_deals_dg_dcl_B07RCGTZ4M_dt_sl10_33&pf_rd_r=M9P0BQR2EYHGSV613N5B&pf_rd_p=a1f490ce-fe55-425e-9932-455f92f72533&sbo=RZvfv%2F%2FHxDF%2BO5021pAnSA%3D%3D]]>
            </line>
            <line>
              <![CDATA[found=https://www.amazon.in/Appliances-Ductless-AutoClean-Charcoal-Activated/dp/B0H12143FG?ref=dlx_deals_dg_dcl_B0H12143FG_dt_sl10_33_pi&pf_rd_r=M9P0BQR2EYHGSV613N5B&pf_rd_p=a1f490ce-fe55-425e-9932-455f92f72533&sbo=RZvfv%2F%2FHxDF%2BO5021pAnSA%3D%3D]]>
            </line>
            <line>
              <![CDATA[found=https://www.amazon.in/Appliances-Ductless-AutoClean-Charcoal-Activated/dp/B0H12143FG?ref=dlx_deals_dg_dcl_B0H12143FG_dt_sl10_33&pf_rd_r=M9P0BQR2EYHGSV613N5B&pf_rd_p=a1f490ce-fe55-425e-9932-455f92f72533&sbo=RZvfv%2F%2FHxDF%2BO5021pAnSA%3D%3D]]>
            </line>
            <line>
              <![CDATA[found=https://www.amazon.in/Appliances-Ductless-AutoClean-Charcoal-Activated/dp/B0H12143FG?ref=dlx_deals_dg_dcl_B0H12143FG_dt_sl10_33_csml&pf_rd_r=M9P0BQR2EYHGSV613N5B&pf_rd_p=a1f490ce-fe55-425e-9932-455f92f72533]]>
            </line>
            <line>
              <![CDATA[found=https://www.amazon.in/OnePlus-Real-time-Playback-Charging-Bluetooth/dp/B0H3PQ6MW4?ref=dlx_deals_dg_dcl_B0H3PQ6MW4_dt_sl10_33_pi&pf_rd_r=M9P0BQR2EYHGSV613N5B&pf_rd_p=a1f490ce-fe55-425e-9932-455f92f72533&sbo=RZvfv%2F%2FHxDF%2BO5021pAnSA%3D%3D]]>
            </line>
            <line>
              <![CDATA[found=https://www.amazon.in/OnePlus-Real-time-Playback-Charging-Bluetooth/dp/B0H3PQ6MW4?ref=dlx_deals_dg_dcl_B0H3PQ6MW4_dt_sl10_33&pf_rd_r=M9P0BQR2EYHGSV613N5B&pf_rd_p=a1f490ce-fe55-425e-9932-455f92f72533&sbo=RZvfv%2F%2FHxDF%2BO5021pAnSA%3D%3D]]>
            </line>
            <line>
              <![CDATA[found=https://www.amazon.in/OnePlus-Real-time-Playback-Charging-Bluetooth/dp/B0H3PQ6MW4?ref=dlx_deals_dg_dcl_B0H3PQ6MW4_dt_sl10_33_cs&pf_rd_r=M9P0BQR2EYHGSV613N5B&pf_rd_p=a1f490ce-fe55-425e-9932-455f92f72533]]>
            </line>
            <line>
              <![CDATA[found=https://www.amazon.in/dp/B0H3Q5DPP9?ref=dlx_deals_dg_dcl_B0H3Q5DPP9_dt_sl10_33_cs&pf_rd_r=M9P0BQR2EYHGSV613N5B&pf_rd_p=a1f490ce-fe55-425e-9932-455f92f72533]]>
            </line>
            <line>
              <![CDATA[found=https://www.amazon.in/Apple-Watch-Cellular-Titanium-Milanese/dp/B0FQFJLYN9?ref=dlx_deals_dg_dcl_B0FQFJLYN9_dt_sl10_33_pi&pf_rd_r=M9P0BQR2EYHGSV613N5B&pf_rd_p=a1f490ce-fe55-425e-9932-455f92f72533&sbo=RZvfv%2F%2FHxDF%2BO5021pAnSA%3D%3D]]>
            </line>
            <line>
              <![CDATA[found=https://www.amazon.in/Apple-Watch-Cellular-Titanium-Milanese/dp/B0FQFJLYN9?ref=dlx_deals_dg_dcl_B0FQFJLYN9_dt_sl10_33&pf_rd_r=M9P0BQR2EYHGSV613N5B&pf_rd_p=a1f490ce-fe55-425e-9932-455f92f72533&sbo=RZvfv%2F%2FHxDF%2BO5021pAnSA%3D%3D]]>
            </line>
            <line>
              <![CDATA[found=https://www.amazon.in/ROSIER-Traditional-Bilona-Grassfed-Healthy/dp/B0BLSNB96M?ref=dlx_deals_dg_dcl_B0BLSNB96M_dt_sl10_33_pi&pf_rd_r=M9P0BQR2EYHGSV613N5B&pf_rd_p=a1f490ce-fe55-425e-9932-455f92f72533&sbo=RZvfv%2F%2FHxDF%2BO5021pAnSA%3D%3D]]>
            </line>
            <line>
              <![CDATA[found=https://www.amazon.in/ROSIER-Traditional-Bilona-Grassfed-Healthy/dp/B0BLSNB96M?ref=dlx_deals_dg_dcl_B0BLSNB96M_dt_sl10_33&pf_rd_r=M9P0BQR2EYHGSV613N5B&pf_rd_p=a1f490ce-fe55-425e-9932-455f92f72533&sbo=RZvfv%2F%2FHxDF%2BO5021pAnSA%3D%3D]]>
            </line>
            <line>
              <![CDATA[found=https://www.amazon.in/ASUS-Vivobook-Metallic-Windows-S3407CA-LY060WS/dp/B0F9YFTS75?ref=dlx_deals_dg_dcl_B0F9YFTS75_dt_sl10_33_pi&pf_rd_r=M9P0BQR2EYHGSV613N5B&pf_rd_p=a1f490ce-fe55-425e-9932-455f92f72533&sbo=RZvfv%2F%2FHxDF%2BO5021pAnSA%3D%3D]]>
            </line>
            <line>
              <![CDATA[found=https://www.amazon.in/ASUS-Vivobook-Metallic-Windows-S3407CA-LY060WS/dp/B0F9YFTS75?ref=dlx_deals_dg_dcl_B0F9YFTS75_dt_sl10_33&pf_rd_r=M9P0BQR2EYHGSV613N5B&pf_rd_p=a1f490ce-fe55-425e-9932-455f92f72533&sbo=RZvfv%2F%2FHxDF%2BO5021pAnSA%3D%3D]]>
            </line>
          </reporter-output>
        </test-method> <!-- Amazon_products -->
        <test-method is-config="true" signature="tearDown()[pri:0, instance:test.Scroll_Amazon@2cb2fc20]" started-at="2026-09-03T16:14:36 IST" name="tearDown" finished-at="2026-09-03T16:14:37 IST" duration-ms="672" status="PASS">
          <reporter-output>
          </reporter-output>
        </test-method> <!-- tearDown -->
      </class> <!-- test.Scroll_Amazon -->
      <class name="test.BrowserCommand">
        <test-method is-config="true" signature="setUp()[pri:0, instance:test.BrowserCommand@560348e6]" started-at="2026-09-03T16:08:15 IST" name="setUp" finished-at="2026-09-03T16:08:19 IST" duration-ms="3838" status="PASS">
          <reporter-output>
          </reporter-output>
        </test-method> <!-- setUp -->
        <test-method signature="GoogleUrl()[pri:1, instance:test.BrowserCommand@560348e6]" started-at="2026-09-03T16:08:19 IST" name="GoogleUrl" finished-at="2026-09-03T16:08:53 IST" duration-ms="34146" status="PASS">
          <reporter-output>
          </reporter-output>
        </test-method> <!-- GoogleUrl -->
        <test-method is-config="true" signature="tearDown()[pri:0, instance:test.BrowserCommand@560348e6]" started-at="2026-09-03T16:08:53 IST" name="tearDown" finished-at="2026-09-03T16:08:54 IST" duration-ms="1125" status="PASS">
          <reporter-output>
          </reporter-output>
        </test-method> <!-- tearDown -->
      </class> <!-- test.BrowserCommand -->
      <class name="test.DataproviderExample">
        <test-method signature="validLogin(java.lang.String,java.lang.String)[pri:0, instance:test.DataproviderExample@1df8b5b8]" started-at="2026-09-03T16:08:54 IST" name="validLogin" data-provider="dp" finished-at="2026-09-03T16:08:54 IST" duration-ms="5" status="PASS">
          <params>
            <param index="0">
              <value>
                <![CDATA[Software Testing]]>
              </value>
            </param>
            <param index="1">
              <value>
                <![CDATA[Method Testing]]>
              </value>
            </param>
          </params>
          <reporter-output>
            <line>
              <![CDATA[Username =Software Testing]]>
            </line>
            <line>
              <![CDATA[Passowrd =Method Testing]]>
            </line>
          </reporter-output>
        </test-method> <!-- validLogin -->
        <test-method signature="validLogin(java.lang.String,java.lang.String)[pri:0, instance:test.DataproviderExample@1df8b5b8]" started-at="2026-09-03T16:08:54 IST" name="validLogin" data-provider="dp" finished-at="2026-09-03T16:08:54 IST" duration-ms="3" status="PASS">
          <params>
            <param index="0">
              <value>
                <![CDATA[Testing software]]>
              </value>
            </param>
            <param index="1">
              <value>
                <![CDATA[testing Method]]>
              </value>
            </param>
          </params>
          <reporter-output>
            <line>
              <![CDATA[Username =Testing software]]>
            </line>
            <line>
              <![CDATA[Passowrd =testing Method]]>
            </line>
          </reporter-output>
        </test-method> <!-- validLogin -->
        <test-method signature="validLogin(java.lang.String,java.lang.String)[pri:0, instance:test.DataproviderExample@1df8b5b8]" started-at="2026-09-03T16:08:54 IST" name="validLogin" data-provider="dp" finished-at="2026-09-03T16:08:54 IST" duration-ms="1" status="PASS">
          <params>
            <param index="0">
              <value>
                <![CDATA[Testing software123]]>
              </value>
            </param>
            <param index="1">
              <value>
                <![CDATA[testing Method123]]>
              </value>
            </param>
          </params>
          <reporter-output>
            <line>
              <![CDATA[Username =Testing software123]]>
            </line>
            <line>
              <![CDATA[Passowrd =testing Method123]]>
            </line>
          </reporter-output>
        </test-method> <!-- validLogin -->
      </class> <!-- test.DataproviderExample -->
      <class name="test.Rollsroyce">
        <test-method is-config="true" signature="setUp()[pri:0, instance:test.Rollsroyce@3fa247d1]" started-at="2026-09-03T16:10:10 IST" name="setUp" finished-at="2026-09-03T16:10:13 IST" duration-ms="3490" status="PASS">
          <reporter-output>
          </reporter-output>
        </test-method> <!-- setUp -->
        <test-method signature="Rolls_royce_media()[pri:0, instance:test.Rollsroyce@3fa247d1]" started-at="2026-09-03T16:10:13 IST" name="Rolls_royce_media" finished-at="2026-09-03T16:10:33 IST" duration-ms="19917" status="PASS">
          <reporter-output>
          </reporter-output>
        </test-method> <!-- Rolls_royce_media -->
        <test-method is-config="true" signature="tearDown()[pri:0, instance:test.Rollsroyce@3fa247d1]" started-at="2026-09-03T16:10:33 IST" name="tearDown" finished-at="2026-09-03T16:10:34 IST" duration-ms="791" status="PASS">
          <reporter-output>
          </reporter-output>
        </test-method> <!-- tearDown -->
      </class> <!-- test.Rollsroyce -->
      <class name="test.Sr7_StaleEle">
        <test-method is-config="true" signature="setUp()[pri:0, instance:test.Sr7_StaleEle@6ea2bc93]" started-at="2026-09-03T16:15:02 IST" name="setUp" finished-at="2026-09-03T16:15:06 IST" duration-ms="3732" status="PASS">
          <reporter-output>
          </reporter-output>
        </test-method> <!-- setUp -->
        <test-method signature="Fb_Hiddenele()[pri:0, instance:test.Sr7_StaleEle@6ea2bc93]" started-at="2026-09-03T16:15:06 IST" name="Fb_Hiddenele" finished-at="2026-09-03T16:15:10 IST" duration-ms="4240" status="PASS">
          <reporter-output>
            <line>
              <![CDATA[The element with the reference 9d1d4489-a22f-44b9-b56b-5f0a7aec4dc5 is stale; either its node document is not the active document, or it is no longer connected to the DOM
For documentation on this error, please visit: https://www.selenium.dev/documentation/webdriver/troubleshooting/errors#staleelementreferenceexception
Build info: version: '4.48.0', revision: '27f5213 27f5213055e28398a5105b7892b7a3bb2012a6ef'
System info: os.name: 'Windows 11', os.arch: 'amd64', os.version: '10.0', java.version: '21.0.4'
Driver info: org.openqa.selenium.firefox.FirefoxDriver
Command: [71faba36-3649-4634-a185-6d97d7587972, clickElement {id=9d1d4489-a22f-44b9-b56b-5f0a7aec4dc5}]
Capabilities {acceptInsecureCerts: true, browserName: firefox, browserVersion: 154.0.1, moz:accessibilityChecks: false, moz:buildID: 20260824154132, moz:geckodriverVersion: 0.37.1, moz:headless: false, moz:platformVersion: 10.0, moz:processID: 12700, moz:profile: C:\Users\DELLEN~1\AppData\L..., moz:shutdownTimeout: 60000, moz:webdriverClick: true, moz:windowless: false, pageLoadStrategy: normal, platformName: windows, proxy: Proxy(), setWindowRect: true, strictFileInteractability: false, timeouts: {implicit: 0, pageLoad: 300000, script: 30000}, unhandledPromptBehavior: dismiss and notify, userAgent: Mozilla/5.0 (Windows NT 10....}
Element: [[FirefoxDriver: firefox on windows (71faba36-3649-4634-a185-6d97d7587972)] -> name: email]
Session ID: 71faba36-3649-4634-a185-6d97d7587972]]>
            </line>
          </reporter-output>
        </test-method> <!-- Fb_Hiddenele -->
        <test-method is-config="true" signature="tearDown()[pri:0, instance:test.Sr7_StaleEle@6ea2bc93]" started-at="2026-09-03T16:15:10 IST" name="tearDown" finished-at="2026-09-03T16:15:11 IST" duration-ms="901" status="PASS">
          <reporter-output>
          </reporter-output>
        </test-method> <!-- tearDown -->
      </class> <!-- test.Sr7_StaleEle -->
      <class name="test.Sr3_Iframe">
        <test-method is-config="true" signature="setUp()[pri:0, instance:test.Sr3_Iframe@5f0fd5a0]" started-at="2026-09-03T16:14:37 IST" name="setUp" finished-at="2026-09-03T16:14:40 IST" duration-ms="3093" status="PASS">
          <reporter-output>
          </reporter-output>
        </test-method> <!-- setUp -->
        <test-method signature="Internet_iframeDemo()[pri:0, instance:test.Sr3_Iframe@5f0fd5a0]" started-at="2026-09-03T16:14:40 IST" name="Internet_iframeDemo" finished-at="2026-09-03T16:14:44 IST" duration-ms="3854" status="PASS">
          <reporter-output>
          </reporter-output>
        </test-method> <!-- Internet_iframeDemo -->
        <test-method is-config="true" signature="tearDown()[pri:0, instance:test.Sr3_Iframe@5f0fd5a0]" started-at="2026-09-03T16:14:44 IST" name="tearDown" finished-at="2026-09-03T16:14:44 IST" duration-ms="871" status="PASS">
          <reporter-output>
          </reporter-output>
        </test-method> <!-- tearDown -->
      </class> <!-- test.Sr3_Iframe -->
      <class name="test.Sr4_Annotation">
        <test-method is-config="true" signature="beforeSuite()[pri:0, instance:test.Sr4_Annotation@64e7619d]" started-at="2026-09-03T16:08:15 IST" name="beforeSuite" finished-at="2026-09-03T16:08:15 IST" duration-ms="16" status="PASS">
          <reporter-output>
          </reporter-output>
        </test-method> <!-- beforeSuite -->
        <test-method is-config="true" signature="beforeTest()[pri:0, instance:test.Sr4_Annotation@64e7619d]" started-at="2026-09-03T16:08:15 IST" name="beforeTest" finished-at="2026-09-03T16:08:15 IST" duration-ms="1" status="PASS">
          <reporter-output>
          </reporter-output>
        </test-method> <!-- beforeTest -->
        <test-method is-config="true" signature="beforeClass()[pri:0, instance:test.Sr4_Annotation@64e7619d]" started-at="2026-09-03T16:14:44 IST" name="beforeClass" finished-at="2026-09-03T16:14:44 IST" duration-ms="1" status="PASS">
          <reporter-output>
          </reporter-output>
        </test-method> <!-- beforeClass -->
        <test-method is-config="true" signature="BeforeMethod()[pri:0, instance:test.Sr4_Annotation@64e7619d]" started-at="2026-09-03T16:14:44 IST" name="BeforeMethod" finished-at="2026-09-03T16:14:44 IST" duration-ms="0" status="PASS">
          <reporter-output>
          </reporter-output>
        </test-method> <!-- BeforeMethod -->
        <test-method signature="T1()[pri:0, instance:test.Sr4_Annotation@64e7619d]" started-at="2026-09-03T16:14:44 IST" name="T1" finished-at="2026-09-03T16:14:44 IST" duration-ms="4" status="PASS">
          <reporter-output>
          </reporter-output>
        </test-method> <!-- T1 -->
        <test-method is-config="true" signature="AfterMethod()[pri:0, instance:test.Sr4_Annotation@64e7619d]" started-at="2026-09-03T16:14:44 IST" name="AfterMethod" finished-at="2026-09-03T16:14:44 IST" duration-ms="0" status="PASS">
          <reporter-output>
          </reporter-output>
        </test-method> <!-- AfterMethod -->
        <test-method is-config="true" signature="BeforeMethod()[pri:0, instance:test.Sr4_Annotation@64e7619d]" started-at="2026-09-03T16:14:44 IST" name="BeforeMethod" finished-at="2026-09-03T16:14:44 IST" duration-ms="5" status="PASS">
          <reporter-output>
          </reporter-output>
        </test-method> <!-- BeforeMethod -->
        <test-method signature="T2()[pri:0, instance:test.Sr4_Annotation@64e7619d]" started-at="2026-09-03T16:14:44 IST" name="T2" finished-at="2026-09-03T16:14:44 IST" duration-ms="2" status="PASS">
          <reporter-output>
          </reporter-output>
        </test-method> <!-- T2 -->
        <test-method is-config="true" signature="afterClass()[pri:0, instance:test.Sr4_Annotation@64e7619d]" started-at="2026-09-03T16:14:44 IST" name="afterClass" finished-at="2026-09-03T16:14:44 IST" duration-ms="0" status="PASS">
          <reporter-output>
          </reporter-output>
        </test-method> <!-- afterClass -->
        <test-method is-config="true" signature="AfterMethod()[pri:0, instance:test.Sr4_Annotation@64e7619d]" started-at="2026-09-03T16:14:44 IST" name="AfterMethod" finished-at="2026-09-03T16:14:44 IST" duration-ms="0" status="PASS">
          <reporter-output>
          </reporter-output>
        </test-method> <!-- AfterMethod -->
        <test-method is-config="true" signature="afterTest()[pri:0, instance:test.Sr4_Annotation@64e7619d]" started-at="2026-09-03T16:16:01 IST" name="afterTest" finished-at="2026-09-03T16:16:01 IST" duration-ms="0" status="PASS">
          <reporter-output>
          </reporter-output>
        </test-method> <!-- afterTest -->
        <test-method is-config="true" signature="afterSuite()[pri:0, instance:test.Sr4_Annotation@64e7619d]" started-at="2026-09-03T16:16:01 IST" name="afterSuite" finished-at="2026-09-03T16:16:01 IST" duration-ms="0" status="PASS">
          <reporter-output>
          </reporter-output>
        </test-method> <!-- afterSuite -->
      </class> <!-- test.Sr4_Annotation -->
      <class name="test.BaseTest">
        <test-method is-config="true" signature="tearDown1()[pri:0, instance:test.BaseTest@6dd7b5a3]" started-at="2026-09-03T16:16:01 IST" name="tearDown1" finished-at="2026-09-03T16:16:01 IST" duration-ms="0" status="PASS">
          <reporter-output>
          </reporter-output>
        </test-method> <!-- tearDown1 -->
      </class> <!-- test.BaseTest -->
      <class name="test.RobotExample">
        <test-method is-config="true" signature="setUp()[pri:0, instance:test.RobotExample@2a7ed1f]" started-at="2026-09-03T16:09:51 IST" name="setUp" finished-at="2026-09-03T16:09:54 IST" duration-ms="3525" status="PASS">
          <reporter-output>
          </reporter-output>
        </test-method> <!-- setUp -->
        <test-method signature="tinypng_robotExample()[pri:0, instance:test.RobotExample@2a7ed1f]" started-at="2026-09-03T16:09:54 IST" name="tinypng_robotExample" finished-at="2026-09-03T16:10:09 IST" duration-ms="14164" status="PASS">
          <reporter-output>
          </reporter-output>
        </test-method> <!-- tinypng_robotExample -->
        <test-method is-config="true" signature="tearDown()[pri:0, instance:test.RobotExample@2a7ed1f]" started-at="2026-09-03T16:10:09 IST" name="tearDown" finished-at="2026-09-03T16:10:10 IST" duration-ms="887" status="PASS">
          <reporter-output>
          </reporter-output>
        </test-method> <!-- tearDown -->
      </class> <!-- test.RobotExample -->
      <class name="test.Sr6_WindowHandle">
        <test-method is-config="true" signature="setUp()[pri:0, instance:test.Sr6_WindowHandle@4fa1c212]" started-at="2026-09-03T16:14:52 IST" name="setUp" finished-at="2026-09-03T16:14:55 IST" duration-ms="3238" status="PASS">
          <reporter-output>
          </reporter-output>
        </test-method> <!-- setUp -->
        <test-method signature="facebook_WindowHandlesdemo()[pri:0, instance:test.Sr6_WindowHandle@4fa1c212]" started-at="2026-09-03T16:14:55 IST" name="facebook_WindowHandlesdemo" finished-at="2026-09-03T16:15:01 IST" duration-ms="5515" status="PASS">
          <reporter-output>
            <line>
              <![CDATA[page title:  Facebook]]>
            </line>
            <line>
              <![CDATA[current window id - 3ea3d7af-00e8-4f41-803e-a44ff992a261]]>
            </line>
            <line>
              <![CDATA[total window id's [3ea3d7af-00e8-4f41-803e-a44ff992a261]]]>
            </line>
            <line>
              <![CDATA[
********************* After opening the insta page ********************************]]>
            </line>
            <line>
              <![CDATA[page title: Instagram]]>
            </line>
            <line>
              <![CDATA[current window id - 3ea3d7af-00e8-4f41-803e-a44ff992a261]]>
            </line>
            <line>
              <![CDATA[total window id's [3ea3d7af-00e8-4f41-803e-a44ff992a261, a7620b5c-ccca-4175-9e08-05f4f9d91e1e]]]>
            </line>
            <line>
              <![CDATA[
********************* After switching to the insta page ********************************]]>
            </line>
            <line>
              <![CDATA[page title: Instagram]]>
            </line>
            <line>
              <![CDATA[current window id - 3ea3d7af-00e8-4f41-803e-a44ff992a261]]>
            </line>
            <line>
              <![CDATA[total window id's [3ea3d7af-00e8-4f41-803e-a44ff992a261, a7620b5c-ccca-4175-9e08-05f4f9d91e1e]]]>
            </line>
            <line>
              <![CDATA[
********************* After switching to the fb page ********************************]]>
            </line>
            <line>
              <![CDATA[page title: Instagram]]>
            </line>
            <line>
              <![CDATA[current window id - 3ea3d7af-00e8-4f41-803e-a44ff992a261]]>
            </line>
            <line>
              <![CDATA[total window id's [3ea3d7af-00e8-4f41-803e-a44ff992a261, a7620b5c-ccca-4175-9e08-05f4f9d91e1e]]]>
            </line>
          </reporter-output>
        </test-method> <!-- facebook_WindowHandlesdemo -->
        <test-method is-config="true" signature="tearDown()[pri:0, instance:test.Sr6_WindowHandle@4fa1c212]" started-at="2026-09-03T16:15:01 IST" name="tearDown" finished-at="2026-09-03T16:15:02 IST" duration-ms="1036" status="PASS">
          <reporter-output>
          </reporter-output>
        </test-method> <!-- tearDown -->
      </class> <!-- test.Sr6_WindowHandle -->
    </test> <!-- Test -->
  </suite> <!-- Suite -->
</testng-results>
