<?xml version="1.0" encoding="UTF-8"?>
<testng-results ignored="0" total="1" passed="1" failed="0" skipped="0">
  <reporter-output>
    <line>
      <![CDATA[ HTTP status code: 500=Internal Server Error]]>
    </line>
    <line>
      <![CDATA[https://www.amazon.in/Panasonic-DustBuster-Convertible-CS-CU-SU18BKY3W/dp/B0GHQVNMKQ?ref=dlx_deals_dg_dcl_B0GHQVNMKQ_dt_sl10_0c_pi&pf_rd_r=ZNCADT8SWE2Q2S4NAGWF&pf_rd_p=12d8f2f1-ce93-4306-9978-bd33cc17090c is a broken link.]]>
    </line>
    <line>
      <![CDATA[ HTTP status code: 500=Internal Server Error]]>
    </line>
    <line>
      <![CDATA[https://www.amazon.in/Panasonic-DustBuster-Convertible-CS-CU-SU18BKY3W/dp/B0GHQVNMKQ?ref=dlx_deals_dg_dcl_B0GHQVNMKQ_dt_sl10_0c&pf_rd_r=ZNCADT8SWE2Q2S4NAGWF&pf_rd_p=12d8f2f1-ce93-4306-9978-bd33cc17090c is a broken link.]]>
    </line>
    <line>
      <![CDATA[ HTTP status code: 500=Internal Server Error]]>
    </line>
    <line>
      <![CDATA[https://www.amazon.in/Samsung-Creative-ProVisual-Customized-Processor/dp/B0GL88WCV8?ref=dlx_deals_dg_dcl_B0GL88WCV8_dt_sl10_0c_pi&pf_rd_r=ZNCADT8SWE2Q2S4NAGWF&pf_rd_p=12d8f2f1-ce93-4306-9978-bd33cc17090c is a broken link.]]>
    </line>
    <line>
      <![CDATA[ HTTP status code: 500=Internal Server Error]]>
    </line>
    <line>
      <![CDATA[https://www.amazon.in/Samsung-Creative-ProVisual-Customized-Processor/dp/B0GL88WCV8?ref=dlx_deals_dg_dcl_B0GL88WCV8_dt_sl10_0c&pf_rd_r=ZNCADT8SWE2Q2S4NAGWF&pf_rd_p=12d8f2f1-ce93-4306-9978-bd33cc17090c is a broken link.]]>
    </line>
    <line>
      <![CDATA[ HTTP status code: 500=Internal Server Error]]>
    </line>
    <line>
      <![CDATA[https://www.amazon.in/Samsung-Creative-ProVisual-Customized-Processor/dp/B0GL88WCV8?ref=dlx_deals_dg_dcl_B0GL88WCV8_dt_sl10_0c_cs&pf_rd_r=ZNCADT8SWE2Q2S4NAGWF&pf_rd_p=12d8f2f1-ce93-4306-9978-bd33cc17090c is a broken link.]]>
    </line>
    <line>
      <![CDATA[ HTTP status code: 500=Internal Server Error]]>
    </line>
    <line>
      <![CDATA[https://www.amazon.in/dp/B0GL8GCFR9?ref=dlx_deals_dg_dcl_B0GL8GCFR9_dt_sl10_0c_cs&pf_rd_r=ZNCADT8SWE2Q2S4NAGWF&pf_rd_p=12d8f2f1-ce93-4306-9978-bd33cc17090c is a broken link.]]>
    </line>
    <line>
      <![CDATA[URL :https://www.amazon.in/dp/B0GL873FSD?ref=dlx_deals_dg_dcl_B0GL873FSD_dt_sl10_0c_cs&pf_rd_r=ZNCADT8SWE2Q2S4NAGWF&pf_rd_p=12d8f2f1-ce93-4306-9978-bd33cc17090c]]>
    </line>
    <line>
      <![CDATA[ HTTP status code: 500=Internal Server Error]]>
    </line>
    <line>
      <![CDATA[https://www.amazon.in/dp/B0GL8LDFF4?ref=dlx_deals_dg_dcl_B0GL8LDFF4_dt_sl10_0c_cs&pf_rd_r=ZNCADT8SWE2Q2S4NAGWF&pf_rd_p=12d8f2f1-ce93-4306-9978-bd33cc17090c is a broken link.]]>
    </line>
    <line>
      <![CDATA[ HTTP status code: 500=Internal Server Error]]>
    </line>
    <line>
      <![CDATA[https://www.amazon.in/Samsung-Storage-Privacy-Creative-Snapdragon/dp/B0GL8G49LV?ref=dlx_deals_dg_dcl_B0GL8G49LV_dt_sl10_0c_pi&pf_rd_r=ZNCADT8SWE2Q2S4NAGWF&pf_rd_p=12d8f2f1-ce93-4306-9978-bd33cc17090c is a broken link.]]>
    </line>
    <line>
      <![CDATA[ HTTP status code: 500=Internal Server Error]]>
    </line>
    <line>
      <![CDATA[https://www.amazon.in/Samsung-Storage-Privacy-Creative-Snapdragon/dp/B0GL8G49LV?ref=dlx_deals_dg_dcl_B0GL8G49LV_dt_sl10_0c&pf_rd_r=ZNCADT8SWE2Q2S4NAGWF&pf_rd_p=12d8f2f1-ce93-4306-9978-bd33cc17090c is a broken link.]]>
    </line>
    <line>
      <![CDATA[ HTTP status code: 500=Internal Server Error]]>
    </line>
    <line>
      <![CDATA[https://www.amazon.in/Samsung-Storage-Privacy-Creative-Snapdragon/dp/B0GL8G49LV?ref=dlx_deals_dg_dcl_B0GL8G49LV_dt_sl10_0c_cs&pf_rd_r=ZNCADT8SWE2Q2S4NAGWF&pf_rd_p=12d8f2f1-ce93-4306-9978-bd33cc17090c is a broken link.]]>
    </line>
    <line>
      <![CDATA[ HTTP status code: 500=Internal Server Error]]>
    </line>
    <line>
      <![CDATA[https://www.amazon.in/dp/B0GLH1M7SK?ref=dlx_deals_dg_dcl_B0GLH1M7SK_dt_sl10_0c_cs&pf_rd_r=ZNCADT8SWE2Q2S4NAGWF&pf_rd_p=12d8f2f1-ce93-4306-9978-bd33cc17090c is a broken link.]]>
    </line>
    <line>
      <![CDATA[URL :https://www.amazon.in/dp/B0GLH9DPLD?ref=dlx_deals_dg_dcl_B0GLH9DPLD_dt_sl10_0c_cs&pf_rd_r=ZNCADT8SWE2Q2S4NAGWF&pf_rd_p=12d8f2f1-ce93-4306-9978-bd33cc17090c]]>
    </line>
    <line>
      <![CDATA[ HTTP status code: 500=Internal Server Error]]>
    </line>
    <line>
      <![CDATA[https://www.amazon.in/dp/B0GLGYF3RD?ref=dlx_deals_dg_dcl_B0GLGYF3RD_dt_sl10_0c_cs&pf_rd_r=ZNCADT8SWE2Q2S4NAGWF&pf_rd_p=12d8f2f1-ce93-4306-9978-bd33cc17090c is a broken link.]]>
    </line>
    <line>
      <![CDATA[ HTTP status code: 500=Internal Server Error]]>
    </line>
    <line>
      <![CDATA[https://www.amazon.in/LG-Convertible-AntiVirus-Protection-AS-Q13JNYE/dp/B0GDZVGC9W?ref=dlx_deals_dg_dcl_B0GDZVGC9W_dt_sl10_0c_pi&pf_rd_r=ZNCADT8SWE2Q2S4NAGWF&pf_rd_p=12d8f2f1-ce93-4306-9978-bd33cc17090c is a broken link.]]>
    </line>
    <line>
      <![CDATA[ HTTP status code: 500=Internal Server Error]]>
    </line>
    <line>
      <![CDATA[https://www.amazon.in/LG-Convertible-AntiVirus-Protection-AS-Q13JNYE/dp/B0GDZVGC9W?ref=dlx_deals_dg_dcl_B0GDZVGC9W_dt_sl10_0c&pf_rd_r=ZNCADT8SWE2Q2S4NAGWF&pf_rd_p=12d8f2f1-ce93-4306-9978-bd33cc17090c is a broken link.]]>
    </line>
    <line>
      <![CDATA[ HTTP status code: 500=Internal Server Error]]>
    </line>
    <line>
      <![CDATA[https://www.amazon.in/Carrier-Flexicool-Convertible-Geo-Fencing-WiFi-CAI18EE3R36W0/dp/B0GCDZCJ7K?ref=dlx_deals_dg_dcl_B0GCDZCJ7K_dt_sl10_0c_pi&pf_rd_r=ZNCADT8SWE2Q2S4NAGWF&pf_rd_p=12d8f2f1-ce93-4306-9978-bd33cc17090c is a broken link.]]>
    </line>
    <line>
      <![CDATA[ HTTP status code: 500=Internal Server Error]]>
    </line>
    <line>
      <![CDATA[https://www.amazon.in/Carrier-Flexicool-Convertible-Geo-Fencing-WiFi-CAI18EE3R36W0/dp/B0GCDZCJ7K?ref=dlx_deals_dg_dcl_B0GCDZCJ7K_dt_sl10_0c&pf_rd_r=ZNCADT8SWE2Q2S4NAGWF&pf_rd_p=12d8f2f1-ce93-4306-9978-bd33cc17090c is a broken link.]]>
    </line>
  </reporter-output>
  <suite started-at="2026-04-21T17:07:39 IST" name="Default suite" finished-at="2026-04-21T17:08:15 IST" duration-ms="36825">
    <groups>
    </groups>
    <test started-at="2026-04-21T17:07:39 IST" name="Default test" finished-at="2026-04-21T17:08:15 IST" duration-ms="36825">
      <class name="test.Scroll_Amazon">
        <test-method is-config="true" signature="setUp()[pri:0, instance:test.Scroll_Amazon@6bb4dd34]" started-at="2026-04-21T17:07:39 IST" name="setUp" finished-at="2026-04-21T17:07:43 IST" duration-ms="4534" status="PASS">
          <reporter-output>
          </reporter-output>
        </test-method> <!-- setUp -->
        <test-method signature="Amazon_product_scrolling()[pri:1, instance:test.Scroll_Amazon@6bb4dd34]" started-at="2026-04-21T17:07:43 IST" name="Amazon_product_scrolling" finished-at="2026-04-21T17:08:13 IST" duration-ms="30132" status="PASS">
          <reporter-output>
            <line>
              <![CDATA[ HTTP status code: 500=Internal Server Error]]>
            </line>
            <line>
              <![CDATA[https://www.amazon.in/Panasonic-DustBuster-Convertible-CS-CU-SU18BKY3W/dp/B0GHQVNMKQ?ref=dlx_deals_dg_dcl_B0GHQVNMKQ_dt_sl10_0c_pi&pf_rd_r=ZNCADT8SWE2Q2S4NAGWF&pf_rd_p=12d8f2f1-ce93-4306-9978-bd33cc17090c is a broken link.]]>
            </line>
            <line>
              <![CDATA[ HTTP status code: 500=Internal Server Error]]>
            </line>
            <line>
              <![CDATA[https://www.amazon.in/Panasonic-DustBuster-Convertible-CS-CU-SU18BKY3W/dp/B0GHQVNMKQ?ref=dlx_deals_dg_dcl_B0GHQVNMKQ_dt_sl10_0c&pf_rd_r=ZNCADT8SWE2Q2S4NAGWF&pf_rd_p=12d8f2f1-ce93-4306-9978-bd33cc17090c is a broken link.]]>
            </line>
            <line>
              <![CDATA[ HTTP status code: 500=Internal Server Error]]>
            </line>
            <line>
              <![CDATA[https://www.amazon.in/Samsung-Creative-ProVisual-Customized-Processor/dp/B0GL88WCV8?ref=dlx_deals_dg_dcl_B0GL88WCV8_dt_sl10_0c_pi&pf_rd_r=ZNCADT8SWE2Q2S4NAGWF&pf_rd_p=12d8f2f1-ce93-4306-9978-bd33cc17090c is a broken link.]]>
            </line>
            <line>
              <![CDATA[ HTTP status code: 500=Internal Server Error]]>
            </line>
            <line>
              <![CDATA[https://www.amazon.in/Samsung-Creative-ProVisual-Customized-Processor/dp/B0GL88WCV8?ref=dlx_deals_dg_dcl_B0GL88WCV8_dt_sl10_0c&pf_rd_r=ZNCADT8SWE2Q2S4NAGWF&pf_rd_p=12d8f2f1-ce93-4306-9978-bd33cc17090c is a broken link.]]>
            </line>
            <line>
              <![CDATA[ HTTP status code: 500=Internal Server Error]]>
            </line>
            <line>
              <![CDATA[https://www.amazon.in/Samsung-Creative-ProVisual-Customized-Processor/dp/B0GL88WCV8?ref=dlx_deals_dg_dcl_B0GL88WCV8_dt_sl10_0c_cs&pf_rd_r=ZNCADT8SWE2Q2S4NAGWF&pf_rd_p=12d8f2f1-ce93-4306-9978-bd33cc17090c is a broken link.]]>
            </line>
            <line>
              <![CDATA[ HTTP status code: 500=Internal Server Error]]>
            </line>
            <line>
              <![CDATA[https://www.amazon.in/dp/B0GL8GCFR9?ref=dlx_deals_dg_dcl_B0GL8GCFR9_dt_sl10_0c_cs&pf_rd_r=ZNCADT8SWE2Q2S4NAGWF&pf_rd_p=12d8f2f1-ce93-4306-9978-bd33cc17090c is a broken link.]]>
            </line>
            <line>
              <![CDATA[URL :https://www.amazon.in/dp/B0GL873FSD?ref=dlx_deals_dg_dcl_B0GL873FSD_dt_sl10_0c_cs&pf_rd_r=ZNCADT8SWE2Q2S4NAGWF&pf_rd_p=12d8f2f1-ce93-4306-9978-bd33cc17090c]]>
            </line>
            <line>
              <![CDATA[ HTTP status code: 500=Internal Server Error]]>
            </line>
            <line>
              <![CDATA[https://www.amazon.in/dp/B0GL8LDFF4?ref=dlx_deals_dg_dcl_B0GL8LDFF4_dt_sl10_0c_cs&pf_rd_r=ZNCADT8SWE2Q2S4NAGWF&pf_rd_p=12d8f2f1-ce93-4306-9978-bd33cc17090c is a broken link.]]>
            </line>
            <line>
              <![CDATA[ HTTP status code: 500=Internal Server Error]]>
            </line>
            <line>
              <![CDATA[https://www.amazon.in/Samsung-Storage-Privacy-Creative-Snapdragon/dp/B0GL8G49LV?ref=dlx_deals_dg_dcl_B0GL8G49LV_dt_sl10_0c_pi&pf_rd_r=ZNCADT8SWE2Q2S4NAGWF&pf_rd_p=12d8f2f1-ce93-4306-9978-bd33cc17090c is a broken link.]]>
            </line>
            <line>
              <![CDATA[ HTTP status code: 500=Internal Server Error]]>
            </line>
            <line>
              <![CDATA[https://www.amazon.in/Samsung-Storage-Privacy-Creative-Snapdragon/dp/B0GL8G49LV?ref=dlx_deals_dg_dcl_B0GL8G49LV_dt_sl10_0c&pf_rd_r=ZNCADT8SWE2Q2S4NAGWF&pf_rd_p=12d8f2f1-ce93-4306-9978-bd33cc17090c is a broken link.]]>
            </line>
            <line>
              <![CDATA[ HTTP status code: 500=Internal Server Error]]>
            </line>
            <line>
              <![CDATA[https://www.amazon.in/Samsung-Storage-Privacy-Creative-Snapdragon/dp/B0GL8G49LV?ref=dlx_deals_dg_dcl_B0GL8G49LV_dt_sl10_0c_cs&pf_rd_r=ZNCADT8SWE2Q2S4NAGWF&pf_rd_p=12d8f2f1-ce93-4306-9978-bd33cc17090c is a broken link.]]>
            </line>
            <line>
              <![CDATA[ HTTP status code: 500=Internal Server Error]]>
            </line>
            <line>
              <![CDATA[https://www.amazon.in/dp/B0GLH1M7SK?ref=dlx_deals_dg_dcl_B0GLH1M7SK_dt_sl10_0c_cs&pf_rd_r=ZNCADT8SWE2Q2S4NAGWF&pf_rd_p=12d8f2f1-ce93-4306-9978-bd33cc17090c is a broken link.]]>
            </line>
            <line>
              <![CDATA[URL :https://www.amazon.in/dp/B0GLH9DPLD?ref=dlx_deals_dg_dcl_B0GLH9DPLD_dt_sl10_0c_cs&pf_rd_r=ZNCADT8SWE2Q2S4NAGWF&pf_rd_p=12d8f2f1-ce93-4306-9978-bd33cc17090c]]>
            </line>
            <line>
              <![CDATA[ HTTP status code: 500=Internal Server Error]]>
            </line>
            <line>
              <![CDATA[https://www.amazon.in/dp/B0GLGYF3RD?ref=dlx_deals_dg_dcl_B0GLGYF3RD_dt_sl10_0c_cs&pf_rd_r=ZNCADT8SWE2Q2S4NAGWF&pf_rd_p=12d8f2f1-ce93-4306-9978-bd33cc17090c is a broken link.]]>
            </line>
            <line>
              <![CDATA[ HTTP status code: 500=Internal Server Error]]>
            </line>
            <line>
              <![CDATA[https://www.amazon.in/LG-Convertible-AntiVirus-Protection-AS-Q13JNYE/dp/B0GDZVGC9W?ref=dlx_deals_dg_dcl_B0GDZVGC9W_dt_sl10_0c_pi&pf_rd_r=ZNCADT8SWE2Q2S4NAGWF&pf_rd_p=12d8f2f1-ce93-4306-9978-bd33cc17090c is a broken link.]]>
            </line>
            <line>
              <![CDATA[ HTTP status code: 500=Internal Server Error]]>
            </line>
            <line>
              <![CDATA[https://www.amazon.in/LG-Convertible-AntiVirus-Protection-AS-Q13JNYE/dp/B0GDZVGC9W?ref=dlx_deals_dg_dcl_B0GDZVGC9W_dt_sl10_0c&pf_rd_r=ZNCADT8SWE2Q2S4NAGWF&pf_rd_p=12d8f2f1-ce93-4306-9978-bd33cc17090c is a broken link.]]>
            </line>
            <line>
              <![CDATA[ HTTP status code: 500=Internal Server Error]]>
            </line>
            <line>
              <![CDATA[https://www.amazon.in/Carrier-Flexicool-Convertible-Geo-Fencing-WiFi-CAI18EE3R36W0/dp/B0GCDZCJ7K?ref=dlx_deals_dg_dcl_B0GCDZCJ7K_dt_sl10_0c_pi&pf_rd_r=ZNCADT8SWE2Q2S4NAGWF&pf_rd_p=12d8f2f1-ce93-4306-9978-bd33cc17090c is a broken link.]]>
            </line>
            <line>
              <![CDATA[ HTTP status code: 500=Internal Server Error]]>
            </line>
            <line>
              <![CDATA[https://www.amazon.in/Carrier-Flexicool-Convertible-Geo-Fencing-WiFi-CAI18EE3R36W0/dp/B0GCDZCJ7K?ref=dlx_deals_dg_dcl_B0GCDZCJ7K_dt_sl10_0c&pf_rd_r=ZNCADT8SWE2Q2S4NAGWF&pf_rd_p=12d8f2f1-ce93-4306-9978-bd33cc17090c is a broken link.]]>
            </line>
          </reporter-output>
        </test-method> <!-- Amazon_product_scrolling -->
        <test-method is-config="true" signature="tearDown()[pri:0, instance:test.Scroll_Amazon@6bb4dd34]" started-at="2026-04-21T17:08:13 IST" name="tearDown" finished-at="2026-04-21T17:08:15 IST" duration-ms="1984" status="PASS">
          <reporter-output>
          </reporter-output>
        </test-method> <!-- tearDown -->
        <test-method is-config="true" signature="tearDown1()[pri:0, instance:test.Scroll_Amazon@6bb4dd34]" started-at="2026-04-21T17:08:15 IST" name="tearDown1" finished-at="2026-04-21T17:08:15 IST" duration-ms="1" status="PASS">
          <reporter-output>
          </reporter-output>
        </test-method> <!-- tearDown1 -->
      </class> <!-- test.Scroll_Amazon -->
    </test> <!-- Default test -->
  </suite> <!-- Default suite -->
</testng-results>
