<?xml version="1.0" encoding="UTF-8"?>
<!-- Generated by org.testng.reporters.JUnitReportReporter -->
<testsuite hostname="DESKTOP-6RSBDQK" failures="0" tests="1" name="test.Scroll_Amazon" time="30.132" errors="0" timestamp="2026-04-21T17:08:16 IST" skipped="0">
  <testcase classname="test.Scroll_Amazon" name="Amazon_product_scrolling" time="30.132">
    <system-out>
      <![CDATA[ HTTP status code: 500=Internal Server Error
https://www.amazon.in/Panasonic-DustBuster-Convertible-CS-CU-SU18BKY3W/dp/B0GHQVNMKQ?ref=dlx_deals_dg_dcl_B0GHQVNMKQ_dt_sl10_0c_pi&pf_rd_r=ZNCADT8SWE2Q2S4NAGWF&pf_rd_p=12d8f2f1-ce93-4306-9978-bd33cc17090c is a broken link.
 HTTP status code: 500=Internal Server Error
https://www.amazon.in/Panasonic-DustBuster-Convertible-CS-CU-SU18BKY3W/dp/B0GHQVNMKQ?ref=dlx_deals_dg_dcl_B0GHQVNMKQ_dt_sl10_0c&pf_rd_r=ZNCADT8SWE2Q2S4NAGWF&pf_rd_p=12d8f2f1-ce93-4306-9978-bd33cc17090c is a broken link.
 HTTP status code: 500=Internal Server Error
https://www.amazon.in/Samsung-Creative-ProVisual-Customized-Processor/dp/B0GL88WCV8?ref=dlx_deals_dg_dcl_B0GL88WCV8_dt_sl10_0c_pi&pf_rd_r=ZNCADT8SWE2Q2S4NAGWF&pf_rd_p=12d8f2f1-ce93-4306-9978-bd33cc17090c is a broken link.
 HTTP status code: 500=Internal Server Error
https://www.amazon.in/Samsung-Creative-ProVisual-Customized-Processor/dp/B0GL88WCV8?ref=dlx_deals_dg_dcl_B0GL88WCV8_dt_sl10_0c&pf_rd_r=ZNCADT8SWE2Q2S4NAGWF&pf_rd_p=12d8f2f1-ce93-4306-9978-bd33cc17090c is a broken link.
 HTTP status code: 500=Internal Server Error
https://www.amazon.in/Samsung-Creative-ProVisual-Customized-Processor/dp/B0GL88WCV8?ref=dlx_deals_dg_dcl_B0GL88WCV8_dt_sl10_0c_cs&pf_rd_r=ZNCADT8SWE2Q2S4NAGWF&pf_rd_p=12d8f2f1-ce93-4306-9978-bd33cc17090c is a broken link.
 HTTP status code: 500=Internal Server Error
https://www.amazon.in/dp/B0GL8GCFR9?ref=dlx_deals_dg_dcl_B0GL8GCFR9_dt_sl10_0c_cs&pf_rd_r=ZNCADT8SWE2Q2S4NAGWF&pf_rd_p=12d8f2f1-ce93-4306-9978-bd33cc17090c is a broken link.
URL :https://www.amazon.in/dp/B0GL873FSD?ref=dlx_deals_dg_dcl_B0GL873FSD_dt_sl10_0c_cs&pf_rd_r=ZNCADT8SWE2Q2S4NAGWF&pf_rd_p=12d8f2f1-ce93-4306-9978-bd33cc17090c
 HTTP status code: 500=Internal Server Error
https://www.amazon.in/dp/B0GL8LDFF4?ref=dlx_deals_dg_dcl_B0GL8LDFF4_dt_sl10_0c_cs&pf_rd_r=ZNCADT8SWE2Q2S4NAGWF&pf_rd_p=12d8f2f1-ce93-4306-9978-bd33cc17090c is a broken link.
 HTTP status code: 500=Internal Server Error
https://www.amazon.in/Samsung-Storage-Privacy-Creative-Snapdragon/dp/B0GL8G49LV?ref=dlx_deals_dg_dcl_B0GL8G49LV_dt_sl10_0c_pi&pf_rd_r=ZNCADT8SWE2Q2S4NAGWF&pf_rd_p=12d8f2f1-ce93-4306-9978-bd33cc17090c is a broken link.
 HTTP status code: 500=Internal Server Error
https://www.amazon.in/Samsung-Storage-Privacy-Creative-Snapdragon/dp/B0GL8G49LV?ref=dlx_deals_dg_dcl_B0GL8G49LV_dt_sl10_0c&pf_rd_r=ZNCADT8SWE2Q2S4NAGWF&pf_rd_p=12d8f2f1-ce93-4306-9978-bd33cc17090c is a broken link.
 HTTP status code: 500=Internal Server Error
https://www.amazon.in/Samsung-Storage-Privacy-Creative-Snapdragon/dp/B0GL8G49LV?ref=dlx_deals_dg_dcl_B0GL8G49LV_dt_sl10_0c_cs&pf_rd_r=ZNCADT8SWE2Q2S4NAGWF&pf_rd_p=12d8f2f1-ce93-4306-9978-bd33cc17090c is a broken link.
 HTTP status code: 500=Internal Server Error
https://www.amazon.in/dp/B0GLH1M7SK?ref=dlx_deals_dg_dcl_B0GLH1M7SK_dt_sl10_0c_cs&pf_rd_r=ZNCADT8SWE2Q2S4NAGWF&pf_rd_p=12d8f2f1-ce93-4306-9978-bd33cc17090c is a broken link.
URL :https://www.amazon.in/dp/B0GLH9DPLD?ref=dlx_deals_dg_dcl_B0GLH9DPLD_dt_sl10_0c_cs&pf_rd_r=ZNCADT8SWE2Q2S4NAGWF&pf_rd_p=12d8f2f1-ce93-4306-9978-bd33cc17090c
 HTTP status code: 500=Internal Server Error
https://www.amazon.in/dp/B0GLGYF3RD?ref=dlx_deals_dg_dcl_B0GLGYF3RD_dt_sl10_0c_cs&pf_rd_r=ZNCADT8SWE2Q2S4NAGWF&pf_rd_p=12d8f2f1-ce93-4306-9978-bd33cc17090c is a broken link.
 HTTP status code: 500=Internal Server Error
https://www.amazon.in/LG-Convertible-AntiVirus-Protection-AS-Q13JNYE/dp/B0GDZVGC9W?ref=dlx_deals_dg_dcl_B0GDZVGC9W_dt_sl10_0c_pi&pf_rd_r=ZNCADT8SWE2Q2S4NAGWF&pf_rd_p=12d8f2f1-ce93-4306-9978-bd33cc17090c is a broken link.
 HTTP status code: 500=Internal Server Error
https://www.amazon.in/LG-Convertible-AntiVirus-Protection-AS-Q13JNYE/dp/B0GDZVGC9W?ref=dlx_deals_dg_dcl_B0GDZVGC9W_dt_sl10_0c&pf_rd_r=ZNCADT8SWE2Q2S4NAGWF&pf_rd_p=12d8f2f1-ce93-4306-9978-bd33cc17090c is a broken link.
 HTTP status code: 500=Internal Server Error
https://www.amazon.in/Carrier-Flexicool-Convertible-Geo-Fencing-WiFi-CAI18EE3R36W0/dp/B0GCDZCJ7K?ref=dlx_deals_dg_dcl_B0GCDZCJ7K_dt_sl10_0c_pi&pf_rd_r=ZNCADT8SWE2Q2S4NAGWF&pf_rd_p=12d8f2f1-ce93-4306-9978-bd33cc17090c is a broken link.
 HTTP status code: 500=Internal Server Error
https://www.amazon.in/Carrier-Flexicool-Convertible-Geo-Fencing-WiFi-CAI18EE3R36W0/dp/B0GCDZCJ7K?ref=dlx_deals_dg_dcl_B0GCDZCJ7K_dt_sl10_0c&pf_rd_r=ZNCADT8SWE2Q2S4NAGWF&pf_rd_p=12d8f2f1-ce93-4306-9978-bd33cc17090c is a broken link.]]>
    </system-out>
  </testcase> <!-- Amazon_product_scrolling -->
  <system-out>
    <![CDATA[ HTTP status code: 500=Internal Server Error
https://www.amazon.in/Panasonic-DustBuster-Convertible-CS-CU-SU18BKY3W/dp/B0GHQVNMKQ?ref=dlx_deals_dg_dcl_B0GHQVNMKQ_dt_sl10_0c_pi&pf_rd_r=ZNCADT8SWE2Q2S4NAGWF&pf_rd_p=12d8f2f1-ce93-4306-9978-bd33cc17090c is a broken link.
 HTTP status code: 500=Internal Server Error
https://www.amazon.in/Panasonic-DustBuster-Convertible-CS-CU-SU18BKY3W/dp/B0GHQVNMKQ?ref=dlx_deals_dg_dcl_B0GHQVNMKQ_dt_sl10_0c&pf_rd_r=ZNCADT8SWE2Q2S4NAGWF&pf_rd_p=12d8f2f1-ce93-4306-9978-bd33cc17090c is a broken link.
 HTTP status code: 500=Internal Server Error
https://www.amazon.in/Samsung-Creative-ProVisual-Customized-Processor/dp/B0GL88WCV8?ref=dlx_deals_dg_dcl_B0GL88WCV8_dt_sl10_0c_pi&pf_rd_r=ZNCADT8SWE2Q2S4NAGWF&pf_rd_p=12d8f2f1-ce93-4306-9978-bd33cc17090c is a broken link.
 HTTP status code: 500=Internal Server Error
https://www.amazon.in/Samsung-Creative-ProVisual-Customized-Processor/dp/B0GL88WCV8?ref=dlx_deals_dg_dcl_B0GL88WCV8_dt_sl10_0c&pf_rd_r=ZNCADT8SWE2Q2S4NAGWF&pf_rd_p=12d8f2f1-ce93-4306-9978-bd33cc17090c is a broken link.
 HTTP status code: 500=Internal Server Error
https://www.amazon.in/Samsung-Creative-ProVisual-Customized-Processor/dp/B0GL88WCV8?ref=dlx_deals_dg_dcl_B0GL88WCV8_dt_sl10_0c_cs&pf_rd_r=ZNCADT8SWE2Q2S4NAGWF&pf_rd_p=12d8f2f1-ce93-4306-9978-bd33cc17090c is a broken link.
 HTTP status code: 500=Internal Server Error
https://www.amazon.in/dp/B0GL8GCFR9?ref=dlx_deals_dg_dcl_B0GL8GCFR9_dt_sl10_0c_cs&pf_rd_r=ZNCADT8SWE2Q2S4NAGWF&pf_rd_p=12d8f2f1-ce93-4306-9978-bd33cc17090c is a broken link.
URL :https://www.amazon.in/dp/B0GL873FSD?ref=dlx_deals_dg_dcl_B0GL873FSD_dt_sl10_0c_cs&pf_rd_r=ZNCADT8SWE2Q2S4NAGWF&pf_rd_p=12d8f2f1-ce93-4306-9978-bd33cc17090c
 HTTP status code: 500=Internal Server Error
https://www.amazon.in/dp/B0GL8LDFF4?ref=dlx_deals_dg_dcl_B0GL8LDFF4_dt_sl10_0c_cs&pf_rd_r=ZNCADT8SWE2Q2S4NAGWF&pf_rd_p=12d8f2f1-ce93-4306-9978-bd33cc17090c is a broken link.
 HTTP status code: 500=Internal Server Error
https://www.amazon.in/Samsung-Storage-Privacy-Creative-Snapdragon/dp/B0GL8G49LV?ref=dlx_deals_dg_dcl_B0GL8G49LV_dt_sl10_0c_pi&pf_rd_r=ZNCADT8SWE2Q2S4NAGWF&pf_rd_p=12d8f2f1-ce93-4306-9978-bd33cc17090c is a broken link.
 HTTP status code: 500=Internal Server Error
https://www.amazon.in/Samsung-Storage-Privacy-Creative-Snapdragon/dp/B0GL8G49LV?ref=dlx_deals_dg_dcl_B0GL8G49LV_dt_sl10_0c&pf_rd_r=ZNCADT8SWE2Q2S4NAGWF&pf_rd_p=12d8f2f1-ce93-4306-9978-bd33cc17090c is a broken link.
 HTTP status code: 500=Internal Server Error
https://www.amazon.in/Samsung-Storage-Privacy-Creative-Snapdragon/dp/B0GL8G49LV?ref=dlx_deals_dg_dcl_B0GL8G49LV_dt_sl10_0c_cs&pf_rd_r=ZNCADT8SWE2Q2S4NAGWF&pf_rd_p=12d8f2f1-ce93-4306-9978-bd33cc17090c is a broken link.
 HTTP status code: 500=Internal Server Error
https://www.amazon.in/dp/B0GLH1M7SK?ref=dlx_deals_dg_dcl_B0GLH1M7SK_dt_sl10_0c_cs&pf_rd_r=ZNCADT8SWE2Q2S4NAGWF&pf_rd_p=12d8f2f1-ce93-4306-9978-bd33cc17090c is a broken link.
URL :https://www.amazon.in/dp/B0GLH9DPLD?ref=dlx_deals_dg_dcl_B0GLH9DPLD_dt_sl10_0c_cs&pf_rd_r=ZNCADT8SWE2Q2S4NAGWF&pf_rd_p=12d8f2f1-ce93-4306-9978-bd33cc17090c
 HTTP status code: 500=Internal Server Error
https://www.amazon.in/dp/B0GLGYF3RD?ref=dlx_deals_dg_dcl_B0GLGYF3RD_dt_sl10_0c_cs&pf_rd_r=ZNCADT8SWE2Q2S4NAGWF&pf_rd_p=12d8f2f1-ce93-4306-9978-bd33cc17090c is a broken link.
 HTTP status code: 500=Internal Server Error
https://www.amazon.in/LG-Convertible-AntiVirus-Protection-AS-Q13JNYE/dp/B0GDZVGC9W?ref=dlx_deals_dg_dcl_B0GDZVGC9W_dt_sl10_0c_pi&pf_rd_r=ZNCADT8SWE2Q2S4NAGWF&pf_rd_p=12d8f2f1-ce93-4306-9978-bd33cc17090c is a broken link.
 HTTP status code: 500=Internal Server Error
https://www.amazon.in/LG-Convertible-AntiVirus-Protection-AS-Q13JNYE/dp/B0GDZVGC9W?ref=dlx_deals_dg_dcl_B0GDZVGC9W_dt_sl10_0c&pf_rd_r=ZNCADT8SWE2Q2S4NAGWF&pf_rd_p=12d8f2f1-ce93-4306-9978-bd33cc17090c is a broken link.
 HTTP status code: 500=Internal Server Error
https://www.amazon.in/Carrier-Flexicool-Convertible-Geo-Fencing-WiFi-CAI18EE3R36W0/dp/B0GCDZCJ7K?ref=dlx_deals_dg_dcl_B0GCDZCJ7K_dt_sl10_0c_pi&pf_rd_r=ZNCADT8SWE2Q2S4NAGWF&pf_rd_p=12d8f2f1-ce93-4306-9978-bd33cc17090c is a broken link.
 HTTP status code: 500=Internal Server Error
https://www.amazon.in/Carrier-Flexicool-Convertible-Geo-Fencing-WiFi-CAI18EE3R36W0/dp/B0GCDZCJ7K?ref=dlx_deals_dg_dcl_B0GCDZCJ7K_dt_sl10_0c&pf_rd_r=ZNCADT8SWE2Q2S4NAGWF&pf_rd_p=12d8f2f1-ce93-4306-9978-bd33cc17090c is a broken link.]]>
  </system-out>
</testsuite> <!-- test.Scroll_Amazon -->
