<?xml version="1.0" encoding="UTF-8"?>
<!-- Generated by org.testng.reporters.JUnitReportReporter -->
<testsuite hostname="DESKTOP-6RSBDQK" failures="0" tests="2" name="test.List_WebElement_Amazon" time="31.953" errors="0" timestamp="2025-09-18T12:55:33 IST" skipped="0">
  <testcase classname="test.List_WebElement_Amazon" name="Amazon_locatoramazon" time="9.519"/>
  <testcase classname="test.List_WebElement_Amazon" name="Amazon_product_scrolling" time="22.434">
    <system-out>
      <![CDATA[--->https://www.amazon.in/iQOO-Moonknight-Snapdragon-Processor-Smartphone/dp/B0DW47JCHW?ref=dlx_deals_dg_dcl_B0DW47JCHW_dt_sl10_57_pi&pf_rd_r=8A3GZJTVDG3P7969P3T8&pf_rd_p=4aa1ec30-42c5-481c-8f72-6d38d1fd7d57
21% off
Sale Price Live
iQOO Neo 10R 5G (Moonknight Titanium, 8G…--->https://www.amazon.in/iQOO-Moonknight-Snapdragon-Processor-Smartphone/dp/B0DW47JCHW?ref=dlx_deals_dg_dcl_B0DW47JCHW_dt_sl10_57&pf_rd_r=8A3GZJTVDG3P7969P3T8&pf_rd_p=4aa1ec30-42c5-481c-8f72-6d38d1fd7d57
--->https://www.amazon.in/iQOO-Moonknight-Snapdragon-Processor-Smartphone/dp/B0DW47JCHW?ref=dlx_deals_dg_dcl_B0DW47JCHW_dt_sl10_57_cs&pf_rd_r=8A3GZJTVDG3P7969P3T8&pf_rd_p=4aa1ec30-42c5-481c-8f72-6d38d1fd7d57
--->https://www.amazon.in/dp/B0DW47XR3X?ref=dlx_deals_dg_dcl_B0DW47XR3X_dt_sl10_57_cs&pf_rd_r=8A3GZJTVDG3P7969P3T8&pf_rd_p=4aa1ec30-42c5-481c-8f72-6d38d1fd7d57
--->https://www.amazon.in/Apple-MacBook-13-inch-10-core-Unified/dp/B0DZDDQ429?ref=dlx_deals_dg_dcl_B0DZDDQ429_dt_sl10_57_pi&pf_rd_r=8A3GZJTVDG3P7969P3T8&pf_rd_p=4aa1ec30-42c5-481c-8f72-6d38d1fd7d57
16% off
Sale Price Live
Apple 2025 MacBook Air (13-inch, Apple M4 chip wi…--->https://www.amazon.in/Apple-MacBook-13-inch-10-core-Unified/dp/B0DZDDQ429?ref=dlx_deals_dg_dcl_B0DZDDQ429_dt_sl10_57&pf_rd_r=8A3GZJTVDG3P7969P3T8&pf_rd_p=4aa1ec30-42c5-481c-8f72-6d38d1fd7d57
+3 colours/patterns--->https://www.amazon.in/Apple-MacBook-13-inch-10-core-Unified/dp/B0DZDDQ429?ref=dlx_deals_dg_dcl_B0DZDDQ429_dt_sl10_57_csml&pf_rd_r=8A3GZJTVDG3P7969P3T8&pf_rd_p=4aa1ec30-42c5-481c-8f72-6d38d1fd7d57
--->https://www.amazon.in/Samsung-Smartphone-Titanium-Snapdragon-ProVisual/dp/B0DSKMKJV5?ref=dlx_deals_dg_dcl_B0DSKMKJV5_dt_sl10_57_pi&pf_rd_r=8A3GZJTVDG3P7969P3T8&pf_rd_p=4aa1ec30-42c5-481c-8f72-6d38d1fd7d57
5% off
Sale Price Live
Samsung Galaxy S25 Ultra 5G AI Smartphone (Titaniu…--->https://www.amazon.in/Samsung-Smartphone-Titanium-Snapdragon-ProVisual/dp/B0DSKMKJV5?ref=dlx_deals_dg_dcl_B0DSKMKJV5_dt_sl10_57&pf_rd_r=8A3GZJTVDG3P7969P3T8&pf_rd_p=4aa1ec30-42c5-481c-8f72-6d38d1fd7d57
--->https://www.amazon.in/Samsung-Smartphone-Titanium-Snapdragon-ProVisual/dp/B0DSKMKJV5?ref=dlx_deals_dg_dcl_B0DSKMKJV5_dt_sl10_57_cs&pf_rd_r=8A3GZJTVDG3P7969P3T8&pf_rd_p=4aa1ec30-42c5-481c-8f72-6d38d1fd7d57
--->https://www.amazon.in/dp/B0DVC72DF8?ref=dlx_deals_dg_dcl_B0DVC72DF8_dt_sl10_57_cs&pf_rd_r=8A3GZJTVDG3P7969P3T8&pf_rd_p=4aa1ec30-42c5-481c-8f72-6d38d1fd7d57
--->https://www.amazon.in/dp/B0DSKMV3ZC?ref=dlx_deals_dg_dcl_B0DSKMV3ZC_dt_sl10_57_cs&pf_rd_r=8A3GZJTVDG3P7969P3T8&pf_rd_p=4aa1ec30-42c5-481c-8f72-6d38d1fd7d57
--->https://www.amazon.in/dp/B0DSKNKCYX?ref=dlx_deals_dg_dcl_B0DSKNKCYX_dt_sl10_57_cs&pf_rd_r=8A3GZJTVDG3P7969P3T8&pf_rd_p=4aa1ec30-42c5-481c-8f72-6d38d1fd7d57
--->https://www.amazon.in/dp/B0DSKL9MQ8?ref=dlx_deals_dg_dcl_B0DSKL9MQ8_dt_sl10_57_cs&pf_rd_r=8A3GZJTVDG3P7969P3T8&pf_rd_p=4aa1ec30-42c5-481c-8f72-6d38d1fd7d57
+1--->https://www.amazon.in/Samsung-Smartphone-Titanium-Snapdragon-ProVisual/dp/B0DSKMKJV5?ref=dlx_deals_dg_dcl_B0DSKMKJV5_dt_sl10_57_csml&pf_rd_r=8A3GZJTVDG3P7969P3T8&pf_rd_p=4aa1ec30-42c5-481c-8f72-6d38d1fd7d57
--->https://www.amazon.in/Samsung-Awesome-Iceblue-Storage-Nightography/dp/B0CWPC2W5V?ref=dlx_deals_dg_dcl_B0CWPC2W5V_dt_sl10_57_pi&pf_rd_r=8A3GZJTVDG3P7969P3T8&pf_rd_p=4aa1ec30-42c5-481c-8f72-6d38d1fd7d57
44% off
Limited time deal
Samsung Galaxy A55 5G (Awesome Iceblue, 8GB RA…--->https://www.amazon.in/Samsung-Awesome-Iceblue-Storage-Nightography/dp/B0CWPC2W5V?ref=dlx_deals_dg_dcl_B0CWPC2W5V_dt_sl10_57&pf_rd_r=8A3GZJTVDG3P7969P3T8&pf_rd_p=4aa1ec30-42c5-481c-8f72-6d38d1fd7d57
--->https://www.amazon.in/Samsung-Awesome-Iceblue-Storage-Nightography/dp/B0CWPC2W5V?ref=dlx_deals_dg_dcl_B0CWPC2W5V_dt_sl10_57_cs&pf_rd_r=8A3GZJTVDG3P7969P3T8&pf_rd_p=4aa1ec30-42c5-481c-8f72-6d38d1fd7d57
--->https://www.amazon.in/dp/B0CWPDH74H?ref=dlx_deals_dg_dcl_B0CWPDH74H_dt_sl10_57_cs&pf_rd_r=8A3GZJTVDG3P7969P3T8&pf_rd_p=4aa1ec30-42c5-481c-8f72-6d38d1fd7d57]]>
    </system-out>
  </testcase> <!-- Amazon_product_scrolling -->
  <system-out>
    <![CDATA[--->https://www.amazon.in/iQOO-Moonknight-Snapdragon-Processor-Smartphone/dp/B0DW47JCHW?ref=dlx_deals_dg_dcl_B0DW47JCHW_dt_sl10_57_pi&pf_rd_r=8A3GZJTVDG3P7969P3T8&pf_rd_p=4aa1ec30-42c5-481c-8f72-6d38d1fd7d57
21% off
Sale Price Live
iQOO Neo 10R 5G (Moonknight Titanium, 8G…--->https://www.amazon.in/iQOO-Moonknight-Snapdragon-Processor-Smartphone/dp/B0DW47JCHW?ref=dlx_deals_dg_dcl_B0DW47JCHW_dt_sl10_57&pf_rd_r=8A3GZJTVDG3P7969P3T8&pf_rd_p=4aa1ec30-42c5-481c-8f72-6d38d1fd7d57
--->https://www.amazon.in/iQOO-Moonknight-Snapdragon-Processor-Smartphone/dp/B0DW47JCHW?ref=dlx_deals_dg_dcl_B0DW47JCHW_dt_sl10_57_cs&pf_rd_r=8A3GZJTVDG3P7969P3T8&pf_rd_p=4aa1ec30-42c5-481c-8f72-6d38d1fd7d57
--->https://www.amazon.in/dp/B0DW47XR3X?ref=dlx_deals_dg_dcl_B0DW47XR3X_dt_sl10_57_cs&pf_rd_r=8A3GZJTVDG3P7969P3T8&pf_rd_p=4aa1ec30-42c5-481c-8f72-6d38d1fd7d57
--->https://www.amazon.in/Apple-MacBook-13-inch-10-core-Unified/dp/B0DZDDQ429?ref=dlx_deals_dg_dcl_B0DZDDQ429_dt_sl10_57_pi&pf_rd_r=8A3GZJTVDG3P7969P3T8&pf_rd_p=4aa1ec30-42c5-481c-8f72-6d38d1fd7d57
16% off
Sale Price Live
Apple 2025 MacBook Air (13-inch, Apple M4 chip wi…--->https://www.amazon.in/Apple-MacBook-13-inch-10-core-Unified/dp/B0DZDDQ429?ref=dlx_deals_dg_dcl_B0DZDDQ429_dt_sl10_57&pf_rd_r=8A3GZJTVDG3P7969P3T8&pf_rd_p=4aa1ec30-42c5-481c-8f72-6d38d1fd7d57
+3 colours/patterns--->https://www.amazon.in/Apple-MacBook-13-inch-10-core-Unified/dp/B0DZDDQ429?ref=dlx_deals_dg_dcl_B0DZDDQ429_dt_sl10_57_csml&pf_rd_r=8A3GZJTVDG3P7969P3T8&pf_rd_p=4aa1ec30-42c5-481c-8f72-6d38d1fd7d57
--->https://www.amazon.in/Samsung-Smartphone-Titanium-Snapdragon-ProVisual/dp/B0DSKMKJV5?ref=dlx_deals_dg_dcl_B0DSKMKJV5_dt_sl10_57_pi&pf_rd_r=8A3GZJTVDG3P7969P3T8&pf_rd_p=4aa1ec30-42c5-481c-8f72-6d38d1fd7d57
5% off
Sale Price Live
Samsung Galaxy S25 Ultra 5G AI Smartphone (Titaniu…--->https://www.amazon.in/Samsung-Smartphone-Titanium-Snapdragon-ProVisual/dp/B0DSKMKJV5?ref=dlx_deals_dg_dcl_B0DSKMKJV5_dt_sl10_57&pf_rd_r=8A3GZJTVDG3P7969P3T8&pf_rd_p=4aa1ec30-42c5-481c-8f72-6d38d1fd7d57
--->https://www.amazon.in/Samsung-Smartphone-Titanium-Snapdragon-ProVisual/dp/B0DSKMKJV5?ref=dlx_deals_dg_dcl_B0DSKMKJV5_dt_sl10_57_cs&pf_rd_r=8A3GZJTVDG3P7969P3T8&pf_rd_p=4aa1ec30-42c5-481c-8f72-6d38d1fd7d57
--->https://www.amazon.in/dp/B0DVC72DF8?ref=dlx_deals_dg_dcl_B0DVC72DF8_dt_sl10_57_cs&pf_rd_r=8A3GZJTVDG3P7969P3T8&pf_rd_p=4aa1ec30-42c5-481c-8f72-6d38d1fd7d57
--->https://www.amazon.in/dp/B0DSKMV3ZC?ref=dlx_deals_dg_dcl_B0DSKMV3ZC_dt_sl10_57_cs&pf_rd_r=8A3GZJTVDG3P7969P3T8&pf_rd_p=4aa1ec30-42c5-481c-8f72-6d38d1fd7d57
--->https://www.amazon.in/dp/B0DSKNKCYX?ref=dlx_deals_dg_dcl_B0DSKNKCYX_dt_sl10_57_cs&pf_rd_r=8A3GZJTVDG3P7969P3T8&pf_rd_p=4aa1ec30-42c5-481c-8f72-6d38d1fd7d57
--->https://www.amazon.in/dp/B0DSKL9MQ8?ref=dlx_deals_dg_dcl_B0DSKL9MQ8_dt_sl10_57_cs&pf_rd_r=8A3GZJTVDG3P7969P3T8&pf_rd_p=4aa1ec30-42c5-481c-8f72-6d38d1fd7d57
+1--->https://www.amazon.in/Samsung-Smartphone-Titanium-Snapdragon-ProVisual/dp/B0DSKMKJV5?ref=dlx_deals_dg_dcl_B0DSKMKJV5_dt_sl10_57_csml&pf_rd_r=8A3GZJTVDG3P7969P3T8&pf_rd_p=4aa1ec30-42c5-481c-8f72-6d38d1fd7d57
--->https://www.amazon.in/Samsung-Awesome-Iceblue-Storage-Nightography/dp/B0CWPC2W5V?ref=dlx_deals_dg_dcl_B0CWPC2W5V_dt_sl10_57_pi&pf_rd_r=8A3GZJTVDG3P7969P3T8&pf_rd_p=4aa1ec30-42c5-481c-8f72-6d38d1fd7d57
44% off
Limited time deal
Samsung Galaxy A55 5G (Awesome Iceblue, 8GB RA…--->https://www.amazon.in/Samsung-Awesome-Iceblue-Storage-Nightography/dp/B0CWPC2W5V?ref=dlx_deals_dg_dcl_B0CWPC2W5V_dt_sl10_57&pf_rd_r=8A3GZJTVDG3P7969P3T8&pf_rd_p=4aa1ec30-42c5-481c-8f72-6d38d1fd7d57
--->https://www.amazon.in/Samsung-Awesome-Iceblue-Storage-Nightography/dp/B0CWPC2W5V?ref=dlx_deals_dg_dcl_B0CWPC2W5V_dt_sl10_57_cs&pf_rd_r=8A3GZJTVDG3P7969P3T8&pf_rd_p=4aa1ec30-42c5-481c-8f72-6d38d1fd7d57
--->https://www.amazon.in/dp/B0CWPDH74H?ref=dlx_deals_dg_dcl_B0CWPDH74H_dt_sl10_57_cs&pf_rd_r=8A3GZJTVDG3P7969P3T8&pf_rd_p=4aa1ec30-42c5-481c-8f72-6d38d1fd7d57]]>
  </system-out>
</testsuite> <!-- test.List_WebElement_Amazon -->
