<?xml version="1.0" encoding="UTF-8"?>
<!-- Generated by org.testng.reporters.JUnitReportReporter -->
<testsuite hostname="DESKTOP-6RSBDQK" failures="0" tests="2" name="test.Scroll_Amazon" time="34.036" errors="0" timestamp="2026-04-16T12:28:07 IST" skipped="0">
  <testcase classname="test.Scroll_Amazon" name="Amazon_product_scrolling" time="28.564">
    <system-out>
      <![CDATA[ HTTP status code: 500=Internal Server Error
https://www.amazon.in/Samsung-Storage-Privacy-Creative-Snapdragon/dp/B0GL8G49LV?ref=dlx_deals_dg_dcl_B0GL8G49LV_dt_sl10_0c_pi&pf_rd_r=5AXAWWBFQXEA60JYCHKF&pf_rd_p=12d8f2f1-ce93-4306-9978-bd33cc17090c is a broken link.
 HTTP status code: 500=Internal Server Error
https://www.amazon.in/Samsung-Storage-Privacy-Creative-Snapdragon/dp/B0GL8G49LV?ref=dlx_deals_dg_dcl_B0GL8G49LV_dt_sl10_0c&pf_rd_r=5AXAWWBFQXEA60JYCHKF&pf_rd_p=12d8f2f1-ce93-4306-9978-bd33cc17090c is a broken link.
 HTTP status code: 500=Internal Server Error
https://www.amazon.in/Samsung-Storage-Privacy-Creative-Snapdragon/dp/B0GL8G49LV?ref=dlx_deals_dg_dcl_B0GL8G49LV_dt_sl10_0c_cs&pf_rd_r=5AXAWWBFQXEA60JYCHKF&pf_rd_p=12d8f2f1-ce93-4306-9978-bd33cc17090c is a broken link.
 HTTP status code: 500=Internal Server Error
https://www.amazon.in/dp/B0GLH1M7SK?ref=dlx_deals_dg_dcl_B0GLH1M7SK_dt_sl10_0c_cs&pf_rd_r=5AXAWWBFQXEA60JYCHKF&pf_rd_p=12d8f2f1-ce93-4306-9978-bd33cc17090c is a broken link.
 HTTP status code: 500=Internal Server Error
https://www.amazon.in/dp/B0GLH9DPLD?ref=dlx_deals_dg_dcl_B0GLH9DPLD_dt_sl10_0c_cs&pf_rd_r=5AXAWWBFQXEA60JYCHKF&pf_rd_p=12d8f2f1-ce93-4306-9978-bd33cc17090c is a broken link.
 HTTP status code: 500=Internal Server Error
https://www.amazon.in/dp/B0GLGYF3RD?ref=dlx_deals_dg_dcl_B0GLGYF3RD_dt_sl10_0c_cs&pf_rd_r=5AXAWWBFQXEA60JYCHKF&pf_rd_p=12d8f2f1-ce93-4306-9978-bd33cc17090c is a broken link.
URL :https://www.amazon.in/Panasonic-DustBuster-Convertible-CS-CU-NU18BKY5WX/dp/B0GHR4W2DR?ref=dlx_deals_dg_dcl_B0GHR4W2DR_dt_sl10_0c_pi&pf_rd_r=5AXAWWBFQXEA60JYCHKF&pf_rd_p=12d8f2f1-ce93-4306-9978-bd33cc17090c
URL :https://www.amazon.in/Panasonic-DustBuster-Convertible-CS-CU-NU18BKY5WX/dp/B0GHR4W2DR?ref=dlx_deals_dg_dcl_B0GHR4W2DR_dt_sl10_0c&pf_rd_r=5AXAWWBFQXEA60JYCHKF&pf_rd_p=12d8f2f1-ce93-4306-9978-bd33cc17090c
 HTTP status code: 500=Internal Server Error
https://www.amazon.in/Storage-Segments-Fastest-Processor-Smoothest/dp/B0GS5N7M97?ref=dlx_deals_dg_dcl_B0GS5N7M97_dt_sl10_0c_pi&pf_rd_r=5AXAWWBFQXEA60JYCHKF&pf_rd_p=12d8f2f1-ce93-4306-9978-bd33cc17090c is a broken link.
 HTTP status code: 500=Internal Server Error
https://www.amazon.in/Storage-Segments-Fastest-Processor-Smoothest/dp/B0GS5N7M97?ref=dlx_deals_dg_dcl_B0GS5N7M97_dt_sl10_0c&pf_rd_r=5AXAWWBFQXEA60JYCHKF&pf_rd_p=12d8f2f1-ce93-4306-9978-bd33cc17090c is a broken link.
 HTTP status code: 500=Internal Server Error
https://www.amazon.in/Storage-Segments-Fastest-Processor-Smoothest/dp/B0GS5N7M97?ref=dlx_deals_dg_dcl_B0GS5N7M97_dt_sl10_0c_csml&pf_rd_r=5AXAWWBFQXEA60JYCHKF&pf_rd_p=12d8f2f1-ce93-4306-9978-bd33cc17090c is a broken link.
 HTTP status code: 500=Internal Server Error
https://www.amazon.in/Samsung-Smartphone-Titanium-Snapdragon-ProVisual/dp/B0DSKNQW8F?ref=dlx_deals_dg_dcl_B0DSKNQW8F_dt_sl10_0c_pi&pf_rd_r=5AXAWWBFQXEA60JYCHKF&pf_rd_p=12d8f2f1-ce93-4306-9978-bd33cc17090c is a broken link.
 HTTP status code: 500=Internal Server Error
https://www.amazon.in/Samsung-Smartphone-Titanium-Snapdragon-ProVisual/dp/B0DSKNQW8F?ref=dlx_deals_dg_dcl_B0DSKNQW8F_dt_sl10_0c&pf_rd_r=5AXAWWBFQXEA60JYCHKF&pf_rd_p=12d8f2f1-ce93-4306-9978-bd33cc17090c is a broken link.
 HTTP status code: 500=Internal Server Error
https://www.amazon.in/Samsung-Smartphone-Titanium-Snapdragon-ProVisual/dp/B0DSKNQW8F?ref=dlx_deals_dg_dcl_B0DSKNQW8F_dt_sl10_0c_cs&pf_rd_r=5AXAWWBFQXEA60JYCHKF&pf_rd_p=12d8f2f1-ce93-4306-9978-bd33cc17090c is a broken link.
 HTTP status code: 500=Internal Server Error
https://www.amazon.in/dp/B0DVC8FPVJ?ref=dlx_deals_dg_dcl_B0DVC8FPVJ_dt_sl10_0c_cs&pf_rd_r=5AXAWWBFQXEA60JYCHKF&pf_rd_p=12d8f2f1-ce93-4306-9978-bd33cc17090c is a broken link.
URL :https://www.amazon.in/dp/B0DVC72DF8?ref=dlx_deals_dg_dcl_B0DVC72DF8_dt_sl10_0c_cs&pf_rd_r=5AXAWWBFQXEA60JYCHKF&pf_rd_p=12d8f2f1-ce93-4306-9978-bd33cc17090c
URL :https://www.amazon.in/dp/B0DVC6RV6P?ref=dlx_deals_dg_dcl_B0DVC6RV6P_dt_sl10_0c_cs&pf_rd_r=5AXAWWBFQXEA60JYCHKF&pf_rd_p=12d8f2f1-ce93-4306-9978-bd33cc17090c
 HTTP status code: 500=Internal Server Error
https://www.amazon.in/Samsung-Slimmest-Enhanced-Nightography-Processor/dp/B0F43VZ4H1?ref=dlx_deals_dg_dcl_B0F43VZ4H1_dt_sl10_0c_pi&pf_rd_r=5AXAWWBFQXEA60JYCHKF&pf_rd_p=12d8f2f1-ce93-4306-9978-bd33cc17090c is a broken link.
 HTTP status code: 500=Internal Server Error
https://www.amazon.in/Samsung-Slimmest-Enhanced-Nightography-Processor/dp/B0F43VZ4H1?ref=dlx_deals_dg_dcl_B0F43VZ4H1_dt_sl10_0c&pf_rd_r=5AXAWWBFQXEA60JYCHKF&pf_rd_p=12d8f2f1-ce93-4306-9978-bd33cc17090c is a broken link.
URL :https://www.amazon.in/Samsung-Slimmest-Enhanced-Nightography-Processor/dp/B0F43VZ4H1?ref=dlx_deals_dg_dcl_B0F43VZ4H1_dt_sl10_0c_cs&pf_rd_r=5AXAWWBFQXEA60JYCHKF&pf_rd_p=12d8f2f1-ce93-4306-9978-bd33cc17090c
 HTTP status code: 500=Internal Server Error
https://www.amazon.in/dp/B0F43WXC8K?ref=dlx_deals_dg_dcl_B0F43WXC8K_dt_sl10_0c_cs&pf_rd_r=5AXAWWBFQXEA60JYCHKF&pf_rd_p=12d8f2f1-ce93-4306-9978-bd33cc17090c is a broken link.]]>
    </system-out>
  </testcase> <!-- Amazon_product_scrolling -->
  <testcase classname="test.Scroll_Amazon" name="Amazon_hiddenElement" time="5.472"/>
  <system-out>
    <![CDATA[ HTTP status code: 500=Internal Server Error
https://www.amazon.in/Samsung-Storage-Privacy-Creative-Snapdragon/dp/B0GL8G49LV?ref=dlx_deals_dg_dcl_B0GL8G49LV_dt_sl10_0c_pi&pf_rd_r=5AXAWWBFQXEA60JYCHKF&pf_rd_p=12d8f2f1-ce93-4306-9978-bd33cc17090c is a broken link.
 HTTP status code: 500=Internal Server Error
https://www.amazon.in/Samsung-Storage-Privacy-Creative-Snapdragon/dp/B0GL8G49LV?ref=dlx_deals_dg_dcl_B0GL8G49LV_dt_sl10_0c&pf_rd_r=5AXAWWBFQXEA60JYCHKF&pf_rd_p=12d8f2f1-ce93-4306-9978-bd33cc17090c is a broken link.
 HTTP status code: 500=Internal Server Error
https://www.amazon.in/Samsung-Storage-Privacy-Creative-Snapdragon/dp/B0GL8G49LV?ref=dlx_deals_dg_dcl_B0GL8G49LV_dt_sl10_0c_cs&pf_rd_r=5AXAWWBFQXEA60JYCHKF&pf_rd_p=12d8f2f1-ce93-4306-9978-bd33cc17090c is a broken link.
 HTTP status code: 500=Internal Server Error
https://www.amazon.in/dp/B0GLH1M7SK?ref=dlx_deals_dg_dcl_B0GLH1M7SK_dt_sl10_0c_cs&pf_rd_r=5AXAWWBFQXEA60JYCHKF&pf_rd_p=12d8f2f1-ce93-4306-9978-bd33cc17090c is a broken link.
 HTTP status code: 500=Internal Server Error
https://www.amazon.in/dp/B0GLH9DPLD?ref=dlx_deals_dg_dcl_B0GLH9DPLD_dt_sl10_0c_cs&pf_rd_r=5AXAWWBFQXEA60JYCHKF&pf_rd_p=12d8f2f1-ce93-4306-9978-bd33cc17090c is a broken link.
 HTTP status code: 500=Internal Server Error
https://www.amazon.in/dp/B0GLGYF3RD?ref=dlx_deals_dg_dcl_B0GLGYF3RD_dt_sl10_0c_cs&pf_rd_r=5AXAWWBFQXEA60JYCHKF&pf_rd_p=12d8f2f1-ce93-4306-9978-bd33cc17090c is a broken link.
URL :https://www.amazon.in/Panasonic-DustBuster-Convertible-CS-CU-NU18BKY5WX/dp/B0GHR4W2DR?ref=dlx_deals_dg_dcl_B0GHR4W2DR_dt_sl10_0c_pi&pf_rd_r=5AXAWWBFQXEA60JYCHKF&pf_rd_p=12d8f2f1-ce93-4306-9978-bd33cc17090c
URL :https://www.amazon.in/Panasonic-DustBuster-Convertible-CS-CU-NU18BKY5WX/dp/B0GHR4W2DR?ref=dlx_deals_dg_dcl_B0GHR4W2DR_dt_sl10_0c&pf_rd_r=5AXAWWBFQXEA60JYCHKF&pf_rd_p=12d8f2f1-ce93-4306-9978-bd33cc17090c
 HTTP status code: 500=Internal Server Error
https://www.amazon.in/Storage-Segments-Fastest-Processor-Smoothest/dp/B0GS5N7M97?ref=dlx_deals_dg_dcl_B0GS5N7M97_dt_sl10_0c_pi&pf_rd_r=5AXAWWBFQXEA60JYCHKF&pf_rd_p=12d8f2f1-ce93-4306-9978-bd33cc17090c is a broken link.
 HTTP status code: 500=Internal Server Error
https://www.amazon.in/Storage-Segments-Fastest-Processor-Smoothest/dp/B0GS5N7M97?ref=dlx_deals_dg_dcl_B0GS5N7M97_dt_sl10_0c&pf_rd_r=5AXAWWBFQXEA60JYCHKF&pf_rd_p=12d8f2f1-ce93-4306-9978-bd33cc17090c is a broken link.
 HTTP status code: 500=Internal Server Error
https://www.amazon.in/Storage-Segments-Fastest-Processor-Smoothest/dp/B0GS5N7M97?ref=dlx_deals_dg_dcl_B0GS5N7M97_dt_sl10_0c_csml&pf_rd_r=5AXAWWBFQXEA60JYCHKF&pf_rd_p=12d8f2f1-ce93-4306-9978-bd33cc17090c is a broken link.
 HTTP status code: 500=Internal Server Error
https://www.amazon.in/Samsung-Smartphone-Titanium-Snapdragon-ProVisual/dp/B0DSKNQW8F?ref=dlx_deals_dg_dcl_B0DSKNQW8F_dt_sl10_0c_pi&pf_rd_r=5AXAWWBFQXEA60JYCHKF&pf_rd_p=12d8f2f1-ce93-4306-9978-bd33cc17090c is a broken link.
 HTTP status code: 500=Internal Server Error
https://www.amazon.in/Samsung-Smartphone-Titanium-Snapdragon-ProVisual/dp/B0DSKNQW8F?ref=dlx_deals_dg_dcl_B0DSKNQW8F_dt_sl10_0c&pf_rd_r=5AXAWWBFQXEA60JYCHKF&pf_rd_p=12d8f2f1-ce93-4306-9978-bd33cc17090c is a broken link.
 HTTP status code: 500=Internal Server Error
https://www.amazon.in/Samsung-Smartphone-Titanium-Snapdragon-ProVisual/dp/B0DSKNQW8F?ref=dlx_deals_dg_dcl_B0DSKNQW8F_dt_sl10_0c_cs&pf_rd_r=5AXAWWBFQXEA60JYCHKF&pf_rd_p=12d8f2f1-ce93-4306-9978-bd33cc17090c is a broken link.
 HTTP status code: 500=Internal Server Error
https://www.amazon.in/dp/B0DVC8FPVJ?ref=dlx_deals_dg_dcl_B0DVC8FPVJ_dt_sl10_0c_cs&pf_rd_r=5AXAWWBFQXEA60JYCHKF&pf_rd_p=12d8f2f1-ce93-4306-9978-bd33cc17090c is a broken link.
URL :https://www.amazon.in/dp/B0DVC72DF8?ref=dlx_deals_dg_dcl_B0DVC72DF8_dt_sl10_0c_cs&pf_rd_r=5AXAWWBFQXEA60JYCHKF&pf_rd_p=12d8f2f1-ce93-4306-9978-bd33cc17090c
URL :https://www.amazon.in/dp/B0DVC6RV6P?ref=dlx_deals_dg_dcl_B0DVC6RV6P_dt_sl10_0c_cs&pf_rd_r=5AXAWWBFQXEA60JYCHKF&pf_rd_p=12d8f2f1-ce93-4306-9978-bd33cc17090c
 HTTP status code: 500=Internal Server Error
https://www.amazon.in/Samsung-Slimmest-Enhanced-Nightography-Processor/dp/B0F43VZ4H1?ref=dlx_deals_dg_dcl_B0F43VZ4H1_dt_sl10_0c_pi&pf_rd_r=5AXAWWBFQXEA60JYCHKF&pf_rd_p=12d8f2f1-ce93-4306-9978-bd33cc17090c is a broken link.
 HTTP status code: 500=Internal Server Error
https://www.amazon.in/Samsung-Slimmest-Enhanced-Nightography-Processor/dp/B0F43VZ4H1?ref=dlx_deals_dg_dcl_B0F43VZ4H1_dt_sl10_0c&pf_rd_r=5AXAWWBFQXEA60JYCHKF&pf_rd_p=12d8f2f1-ce93-4306-9978-bd33cc17090c is a broken link.
URL :https://www.amazon.in/Samsung-Slimmest-Enhanced-Nightography-Processor/dp/B0F43VZ4H1?ref=dlx_deals_dg_dcl_B0F43VZ4H1_dt_sl10_0c_cs&pf_rd_r=5AXAWWBFQXEA60JYCHKF&pf_rd_p=12d8f2f1-ce93-4306-9978-bd33cc17090c
 HTTP status code: 500=Internal Server Error
https://www.amazon.in/dp/B0F43WXC8K?ref=dlx_deals_dg_dcl_B0F43WXC8K_dt_sl10_0c_cs&pf_rd_r=5AXAWWBFQXEA60JYCHKF&pf_rd_p=12d8f2f1-ce93-4306-9978-bd33cc17090c is a broken link.]]>
  </system-out>
</testsuite> <!-- test.Scroll_Amazon -->
