<?xml version="1.0" encoding="UTF-8"?>
<!-- Generated by org.testng.reporters.JUnitReportReporter -->
<testsuite hostname="DESKTOP-6RSBDQK" failures="0" tests="2" name="Live_testcases.DataProviderTest" time="0.001" errors="0" timestamp="2025-08-19T21:16:41 IST" skipped="2">
  <testcase classname="Live_testcases.DataProviderTest" name="validLogin" time="0.000">
    <skipped/>
  </testcase> <!-- validLogin -->
  <testcase classname="Live_testcases.DataProviderTest" name="validLogin" time="0.001">
    <skipped/>
  </testcase> <!-- validLogin -->
</testsuite> <!-- Live_testcases.DataProviderTest -->
