<?xml version="1.0" encoding="UTF-8"?>
<!-- Generated by org.testng.reporters.JUnitReportReporter -->
<testsuite hostname="DESKTOP-6RSBDQK" failures="0" tests="3" name="test.ScrollExample" time="32.871" errors="0" timestamp="2025-09-21T17:08:14 IST" skipped="0">
  <testcase classname="test.ScrollExample" name="amazonScrolling" time="6.380"/>
  <testcase classname="test.ScrollExample" name="githubScrolling" time="9.861"/>
  <testcase classname="test.ScrollExample" name="youtubeScrolling" time="16.630"/>
</testsuite> <!-- test.ScrollExample -->
