<?xml version="1.0" encoding="UTF-8"?>
<!-- Generated by org.testng.reporters.JUnitReportReporter -->
<testsuite hostname="DESKTOP-6RSBDQK" failures="0" tests="3" name="test.HardAssertExample" time="0.009" errors="0" timestamp="2026-04-21T15:08:20 IST" skipped="0">
  <testcase classname="test.HardAssertExample" name="tc2" time="0.001"/>
  <testcase classname="test.HardAssertExample" name="tc1" time="0.006">
    <system-out>
      <![CDATA[a = 6]]>
    </system-out>
  </testcase> <!-- tc1 -->
  <testcase classname="test.HardAssertExample" name="Validusername" time="0.002">
    <system-out>
      <![CDATA[Username=software@qa.com
Password=mypassword]]>
    </system-out>
  </testcase> <!-- Validusername -->
  <system-out>
    <![CDATA[Username =Software Testing
Passowrd =Method Testing
Username =Testing software
Passowrd =testing Method
Username =Testing software123
Passowrd =testing Method123
Username=software@qa.com
Password=mypassword
a = 6
https://www.amazon.in/Panasonic-DustBuster-Convertible-CS-CU-NU18BKY5WX/dp/B0GHR4W2DR?ref=dlx_deals_dg_dcl_B0GHR4W2DR_dt_sl10_0c_pi&pf_rd_r=A3G3HJG2KN493A6Q7RPK&pf_rd_p=12d8f2f1-ce93-4306-9978-bd33cc17090c
https://www.amazon.in/Panasonic-DustBuster-Convertible-CS-CU-NU18BKY5WX/dp/B0GHR4W2DR?ref=dlx_deals_dg_dcl_B0GHR4W2DR_dt_sl10_0c&pf_rd_r=A3G3HJG2KN493A6Q7RPK&pf_rd_p=12d8f2f1-ce93-4306-9978-bd33cc17090c
https://www.amazon.in/Samsung-Creative-ProVisual-Customized-Processor/dp/B0GL87VP7N?ref=dlx_deals_dg_dcl_B0GL87VP7N_dt_sl10_0c_pi&pf_rd_r=A3G3HJG2KN493A6Q7RPK&pf_rd_p=12d8f2f1-ce93-4306-9978-bd33cc17090c
https://www.amazon.in/Samsung-Creative-ProVisual-Customized-Processor/dp/B0GL87VP7N?ref=dlx_deals_dg_dcl_B0GL87VP7N_dt_sl10_0c&pf_rd_r=A3G3HJG2KN493A6Q7RPK&pf_rd_p=12d8f2f1-ce93-4306-9978-bd33cc17090c
https://www.amazon.in/Samsung-Creative-ProVisual-Customized-Processor/dp/B0GL87VP7N?ref=dlx_deals_dg_dcl_B0GL87VP7N_dt_sl10_0c_cs&pf_rd_r=A3G3HJG2KN493A6Q7RPK&pf_rd_p=12d8f2f1-ce93-4306-9978-bd33cc17090c
https://www.amazon.in/dp/B0GL8GCFR9?ref=dlx_deals_dg_dcl_B0GL8GCFR9_dt_sl10_0c_cs&pf_rd_r=A3G3HJG2KN493A6Q7RPK&pf_rd_p=12d8f2f1-ce93-4306-9978-bd33cc17090c
https://www.amazon.in/dp/B0GL8LDFF4?ref=dlx_deals_dg_dcl_B0GL8LDFF4_dt_sl10_0c_cs&pf_rd_r=A3G3HJG2KN493A6Q7RPK&pf_rd_p=12d8f2f1-ce93-4306-9978-bd33cc17090c
https://www.amazon.in/dp/B0GL8BYCVM?ref=dlx_deals_dg_dcl_B0GL8BYCVM_dt_sl10_0c_cs&pf_rd_r=A3G3HJG2KN493A6Q7RPK&pf_rd_p=12d8f2f1-ce93-4306-9978-bd33cc17090c
https://www.amazon.in/Samsung-Storage-Privacy-Creative-Snapdragon/dp/B0GL8G49LV?ref=dlx_deals_dg_dcl_B0GL8G49LV_dt_sl10_0c_pi&pf_rd_r=A3G3HJG2KN493A6Q7RPK&pf_rd_p=12d8f2f1-ce93-4306-9978-bd33cc17090c
https://www.amazon.in/Samsung-Storage-Privacy-Creative-Snapdragon/dp/B0GL8G49LV?ref=dlx_deals_dg_dcl_B0GL8G49LV_dt_sl10_0c&pf_rd_r=A3G3HJG2KN493A6Q7RPK&pf_rd_p=12d8f2f1-ce93-4306-9978-bd33cc17090c
https://www.amazon.in/Samsung-Storage-Privacy-Creative-Snapdragon/dp/B0GL8G49LV?ref=dlx_deals_dg_dcl_B0GL8G49LV_dt_sl10_0c_cs&pf_rd_r=A3G3HJG2KN493A6Q7RPK&pf_rd_p=12d8f2f1-ce93-4306-9978-bd33cc17090c
https://www.amazon.in/dp/B0GLH1M7SK?ref=dlx_deals_dg_dcl_B0GLH1M7SK_dt_sl10_0c_cs&pf_rd_r=A3G3HJG2KN493A6Q7RPK&pf_rd_p=12d8f2f1-ce93-4306-9978-bd33cc17090c
https://www.amazon.in/dp/B0GLH9DPLD?ref=dlx_deals_dg_dcl_B0GLH9DPLD_dt_sl10_0c_cs&pf_rd_r=A3G3HJG2KN493A6Q7RPK&pf_rd_p=12d8f2f1-ce93-4306-9978-bd33cc17090c
https://www.amazon.in/dp/B0GLGYF3RD?ref=dlx_deals_dg_dcl_B0GLGYF3RD_dt_sl10_0c_cs&pf_rd_r=A3G3HJG2KN493A6Q7RPK&pf_rd_p=12d8f2f1-ce93-4306-9978-bd33cc17090c
https://www.amazon.in/Carrier-Flexicool-Convertible-Geo-Fencing-WiFi-CAI18EE3R36W0/dp/B0GCDZCJ7K?ref=dlx_deals_dg_dcl_B0GCDZCJ7K_dt_sl10_0c_pi&pf_rd_r=A3G3HJG2KN493A6Q7RPK&pf_rd_p=12d8f2f1-ce93-4306-9978-bd33cc17090c
https://www.amazon.in/Carrier-Flexicool-Convertible-Geo-Fencing-WiFi-CAI18EE3R36W0/dp/B0GCDZCJ7K?ref=dlx_deals_dg_dcl_B0GCDZCJ7K_dt_sl10_0c&pf_rd_r=A3G3HJG2KN493A6Q7RPK&pf_rd_p=12d8f2f1-ce93-4306-9978-bd33cc17090c
https://www.amazon.in/Carrier-Flexicool-Inverter-Convertible-Gxi-CAI12EE3R36F0/dp/B0GCDZ468N?ref=dlx_deals_dg_dcl_B0GCDZ468N_dt_sl10_0c_pi&pf_rd_r=A3G3HJG2KN493A6Q7RPK&pf_rd_p=12d8f2f1-ce93-4306-9978-bd33cc17090c
https://www.amazon.in/Carrier-Flexicool-Inverter-Convertible-Gxi-CAI12EE3R36F0/dp/B0GCDZ468N?ref=dlx_deals_dg_dcl_B0GCDZ468N_dt_sl10_0c&pf_rd_r=A3G3HJG2KN493A6Q7RPK&pf_rd_p=12d8f2f1-ce93-4306-9978-bd33cc17090c
URL :https://www.amazon.in/Panasonic-DustBuster-Convertible-CS-CU-NU18BKY5WX/dp/B0GHR4W2DR?ref=dlx_deals_dg_dcl_B0GHR4W2DR_dt_sl10_0c_pi&pf_rd_r=08R63SJXPMASVE42CNN9&pf_rd_p=12d8f2f1-ce93-4306-9978-bd33cc17090c
URL :https://www.amazon.in/Panasonic-DustBuster-Convertible-CS-CU-NU18BKY5WX/dp/B0GHR4W2DR?ref=dlx_deals_dg_dcl_B0GHR4W2DR_dt_sl10_0c&pf_rd_r=08R63SJXPMASVE42CNN9&pf_rd_p=12d8f2f1-ce93-4306-9978-bd33cc17090c
URL :https://www.amazon.in/Samsung-Creative-ProVisual-Customized-Processor/dp/B0GL87VP7N?ref=dlx_deals_dg_dcl_B0GL87VP7N_dt_sl10_0c_pi&pf_rd_r=08R63SJXPMASVE42CNN9&pf_rd_p=12d8f2f1-ce93-4306-9978-bd33cc17090c
URL :https://www.amazon.in/Samsung-Creative-ProVisual-Customized-Processor/dp/B0GL87VP7N?ref=dlx_deals_dg_dcl_B0GL87VP7N_dt_sl10_0c&pf_rd_r=08R63SJXPMASVE42CNN9&pf_rd_p=12d8f2f1-ce93-4306-9978-bd33cc17090c
URL :https://www.amazon.in/Samsung-Creative-ProVisual-Customized-Processor/dp/B0GL87VP7N?ref=dlx_deals_dg_dcl_B0GL87VP7N_dt_sl10_0c_cs&pf_rd_r=08R63SJXPMASVE42CNN9&pf_rd_p=12d8f2f1-ce93-4306-9978-bd33cc17090c
URL :https://www.amazon.in/dp/B0GL8GCFR9?ref=dlx_deals_dg_dcl_B0GL8GCFR9_dt_sl10_0c_cs&pf_rd_r=08R63SJXPMASVE42CNN9&pf_rd_p=12d8f2f1-ce93-4306-9978-bd33cc17090c
URL :https://www.amazon.in/dp/B0GL8LDFF4?ref=dlx_deals_dg_dcl_B0GL8LDFF4_dt_sl10_0c_cs&pf_rd_r=08R63SJXPMASVE42CNN9&pf_rd_p=12d8f2f1-ce93-4306-9978-bd33cc17090c
URL :https://www.amazon.in/dp/B0GL8BYCVM?ref=dlx_deals_dg_dcl_B0GL8BYCVM_dt_sl10_0c_cs&pf_rd_r=08R63SJXPMASVE42CNN9&pf_rd_p=12d8f2f1-ce93-4306-9978-bd33cc17090c
URL :https://www.amazon.in/Samsung-Storage-Privacy-Creative-Snapdragon/dp/B0GL8G49LV?ref=dlx_deals_dg_dcl_B0GL8G49LV_dt_sl10_0c_pi&pf_rd_r=08R63SJXPMASVE42CNN9&pf_rd_p=12d8f2f1-ce93-4306-9978-bd33cc17090c
URL :https://www.amazon.in/Samsung-Storage-Privacy-Creative-Snapdragon/dp/B0GL8G49LV?ref=dlx_deals_dg_dcl_B0GL8G49LV_dt_sl10_0c&pf_rd_r=08R63SJXPMASVE42CNN9&pf_rd_p=12d8f2f1-ce93-4306-9978-bd33cc17090c
URL :https://www.amazon.in/Samsung-Storage-Privacy-Creative-Snapdragon/dp/B0GL8G49LV?ref=dlx_deals_dg_dcl_B0GL8G49LV_dt_sl10_0c_cs&pf_rd_r=08R63SJXPMASVE42CNN9&pf_rd_p=12d8f2f1-ce93-4306-9978-bd33cc17090c
URL :https://www.amazon.in/dp/B0GLH1M7SK?ref=dlx_deals_dg_dcl_B0GLH1M7SK_dt_sl10_0c_cs&pf_rd_r=08R63SJXPMASVE42CNN9&pf_rd_p=12d8f2f1-ce93-4306-9978-bd33cc17090c
URL :https://www.amazon.in/dp/B0GLH9DPLD?ref=dlx_deals_dg_dcl_B0GLH9DPLD_dt_sl10_0c_cs&pf_rd_r=08R63SJXPMASVE42CNN9&pf_rd_p=12d8f2f1-ce93-4306-9978-bd33cc17090c
URL :https://www.amazon.in/dp/B0GLGYF3RD?ref=dlx_deals_dg_dcl_B0GLGYF3RD_dt_sl10_0c_cs&pf_rd_r=08R63SJXPMASVE42CNN9&pf_rd_p=12d8f2f1-ce93-4306-9978-bd33cc17090c
URL :https://www.amazon.in/Carrier-Flexicool-Convertible-Geo-Fencing-WiFi-CAI18EE3R36W0/dp/B0GCDZCJ7K?ref=dlx_deals_dg_dcl_B0GCDZCJ7K_dt_sl10_0c_pi&pf_rd_r=08R63SJXPMASVE42CNN9&pf_rd_p=12d8f2f1-ce93-4306-9978-bd33cc17090c
URL :https://www.amazon.in/Carrier-Flexicool-Convertible-Geo-Fencing-WiFi-CAI18EE3R36W0/dp/B0GCDZCJ7K?ref=dlx_deals_dg_dcl_B0GCDZCJ7K_dt_sl10_0c&pf_rd_r=08R63SJXPMASVE42CNN9&pf_rd_p=12d8f2f1-ce93-4306-9978-bd33cc17090c
URL :https://www.amazon.in/Carrier-Flexicool-Inverter-Convertible-Gxi-CAI12EE3R36F0/dp/B0GCDZ468N?ref=dlx_deals_dg_dcl_B0GCDZ468N_dt_sl10_0c_pi&pf_rd_r=08R63SJXPMASVE42CNN9&pf_rd_p=12d8f2f1-ce93-4306-9978-bd33cc17090c
URL :https://www.amazon.in/Carrier-Flexicool-Inverter-Convertible-Gxi-CAI12EE3R36F0/dp/B0GCDZ468N?ref=dlx_deals_dg_dcl_B0GCDZ468N_dt_sl10_0c&pf_rd_r=08R63SJXPMASVE42CNN9&pf_rd_p=12d8f2f1-ce93-4306-9978-bd33cc17090c
a = 48
stale element reference: stale element not found
  (Session info: chrome=147.0.7727.102)
For documentation on this error, please visit: https://www.selenium.dev/documentation/webdriver/troubleshooting/errors#staleelementreferenceexception
Build info: version: '4.40.0', revision: 'b3333f1'
System info: os.name: 'Windows 11', os.arch: 'amd64', os.version: '10.0', java.version: '21.0.4'
Driver info: org.openqa.selenium.chrome.ChromeDriver
Command: [894c4631e5c692287049028f3b35e34b, clickElement {id=f.B5955F98F849A40FF29E1F847EB04CC4.d.610B3E252CF69162F9272F1EB0988C74.e.3}]
Capabilities {acceptInsecureCerts: false, browserName: chrome, browserVersion: 147.0.7727.102, chrome: {chromedriverVersion: 147.0.7727.57 (b4f28b5637d0..., userDataDir: C:\Users\DELLEN~1\AppData\L...}, fedcm:accounts: true, goog:chromeOptions: {debuggerAddress: localhost:59522}, goog:processID: 5924, networkConnectionEnabled: false, pageLoadStrategy: normal, platformName: windows, proxy: Proxy(), se:cdp: ws://localhost:59522/devtoo..., se:cdpVersion: 147.0.7727.102, setWindowRect: true, strictFileInteractability: false, timeouts: {implicit: 0, pageLoad: 300000, script: 30000}, unhandledPromptBehavior: dismiss and notify, webauthn:extension:credBlob: true, webauthn:extension:largeBlob: true, webauthn:extension:minPinLength: true, webauthn:extension:prf: true, webauthn:virtualAuthenticators: true}
Element: [[ChromeDriver: chrome on windows (894c4631e5c692287049028f3b35e34b)] -> name: email]
Session ID: 894c4631e5c692287049028f3b35e34b
Current URL=
Tooltips of link=
Login button name=Log in
Button width=546px
Current URL=(768, 333)
768Co-ordinate of controls on page=333
Login size=(546, 44)
44Login button =546
TagName =div
is emaild displayed or not=true
is Email enabled or not=true
Hidden element NOT present in DOM
page title:  Facebook
current window id - e168c3b1-b71f-4e7c-9b34-10c162748401
total window id's [e168c3b1-b71f-4e7c-9b34-10c162748401]

********************* After opening the insta page ********************************
page title: Instagram
current window id - e168c3b1-b71f-4e7c-9b34-10c162748401
total window id's [e168c3b1-b71f-4e7c-9b34-10c162748401, a7b76a85-f6b1-42de-ae6e-883f815d8dc4]

********************* After switching to the insta page ********************************
page title: Instagram
current window id - e168c3b1-b71f-4e7c-9b34-10c162748401
total window id's [e168c3b1-b71f-4e7c-9b34-10c162748401, a7b76a85-f6b1-42de-ae6e-883f815d8dc4]

********************* After switching to the fb page ********************************
page title: Instagram
current window id - e168c3b1-b71f-4e7c-9b34-10c162748401
total window id's [e168c3b1-b71f-4e7c-9b34-10c162748401, a7b76a85-f6b1-42de-ae6e-883f815d8dc4]]]>
  </system-out>
</testsuite> <!-- test.HardAssertExample -->
