<?xml version="1.0" encoding="UTF-8"?>
<!-- Generated by org.testng.reporters.JUnitReportReporter -->
<testsuite hostname="DESKTOP-6RSBDQK" failures="0" tests="2" name="test.Para_Example" time="0.051" errors="0" timestamp="2026-04-16T17:53:56 IST" skipped="0">
  <testcase classname="test.Para_Example" name="InvalidLogin" time="0.047">
    <system-out>
      <![CDATA[Username =1software@qa.com
Passowrd =1mypassword]]>
    </system-out>
  </testcase> <!-- InvalidLogin -->
  <testcase classname="test.Para_Example" name="validLogin" time="0.004">
    <system-out>
      <![CDATA[Username =software@qa.com
Passowrd =mypassword]]>
    </system-out>
  </testcase> <!-- validLogin -->
  <system-out>
    <![CDATA[Username =1software@qa.com
Passowrd =1mypassword
Username =software@qa.com
Passowrd =mypassword
Username=3software@qa.com
Password=3mypassword]]>
  </system-out>
</testsuite> <!-- test.Para_Example -->
