<?xml version="1.0" encoding="UTF-8"?>
<!-- Generated by org.testng.reporters.JUnitReportReporter -->
<testsuite hostname="DESKTOP-6RSBDQK" failures="0" tests="3" name="test.ScrollExample" time="27.859" errors="0" timestamp="2025-09-18T19:36:14 IST" skipped="0">
  <testcase classname="test.ScrollExample" name="amazonScrolling" time="6.473"/>
  <testcase classname="test.ScrollExample" name="githubScrolling" time="9.343"/>
  <testcase classname="test.ScrollExample" name="youtubeScrolling" time="12.043"/>
</testsuite> <!-- test.ScrollExample -->
