<?xml version="1.0" encoding="UTF-8"?>
<!-- Generated by org.testng.reporters.JUnitReportReporter -->
<testsuite hostname="DESKTOP-6RSBDQK" failures="0" tests="2" name="test.ElementAttribute" time="24.673" errors="0" timestamp="2026-05-29T13:21:33 IST" skipped="0">
  <testcase classname="test.ElementAttribute" name="fb_elementAttribute" time="21.297">
    <system-out>
      <![CDATA[is emaild displayed or not=true
is Email enabled or not=true
Hidden element NOT present in DOM]]>
    </system-out>
  </testcase> <!-- fb_elementAttribute -->
  <testcase classname="test.ElementAttribute" name="fb_ButtonAttribute" time="3.376">
    <system-out>
      <![CDATA[Current URL=Email address or mobile number
Tooltips of link=
Login button name=Log in
Button width=546px
Current URL=(768, 333)
768Co-ordinate of controls on page=333
Login size=(546, 44)
44Login button =546
TagName =div]]>
    </system-out>
  </testcase> <!-- fb_ButtonAttribute -->
  <system-out>
    <![CDATA[Current URL=Email address or mobile number
Tooltips of link=
Login button name=Log in
Button width=546px
Current URL=(768, 333)
768Co-ordinate of controls on page=333
Login size=(546, 44)
44Login button =546
TagName =div
is emaild displayed or not=true
is Email enabled or not=true
Hidden element NOT present in DOM]]>
  </system-out>
</testsuite> <!-- test.ElementAttribute -->
