<?xml version="1.0" encoding="UTF-8"?>
<!-- Generated by org.testng.reporters.JUnitReportReporter -->
<testsuite hostname="DESKTOP-6RSBDQK" failures="0" tests="3" name="test.ReadExcel" time="0.915" errors="0" timestamp="2026-04-14T15:34:33 IST" skipped="2">
  <testcase classname="test.ReadExcel" name="downloadfile" time="0.915"/>
  <testcase classname="test.ReadExcel" name="Facebook_login">
    <skipped/>
  </testcase> <!-- Facebook_login -->
  <testcase classname="test.ReadExcel" name="WriteExcel">
    <skipped/>
  </testcase> <!-- WriteExcel -->
</testsuite> <!-- test.ReadExcel -->
