<?xml version="1.0" encoding="UTF-8"?>
<!-- Generated by org.testng.reporters.JUnitReportReporter -->
<testsuite hostname="DESKTOP-6RSBDQK" failures="0" tests="2" name="test.HardAssertExample" time="0.100" errors="0" timestamp="2026-03-16T11:11:23 IST" skipped="0">
  <testcase classname="test.HardAssertExample" name="tc2" time="0.006"/>
  <testcase classname="test.HardAssertExample" name="tc1" time="0.094">
    <system-out>
      <![CDATA[a = 6]]>
    </system-out>
  </testcase> <!-- tc1 -->
  <system-out>
    <![CDATA[a = 6]]>
  </system-out>
</testsuite> <!-- test.HardAssertExample -->
