<?xml version="1.0" encoding="UTF-8"?>
<!-- Generated by org.testng.reporters.JUnitReportReporter -->
<testsuite hostname="DESKTOP-6RSBDQK" failures="0" tests="1" name="test.Sr6_WindowHandle" time="5.274" errors="0" timestamp="2026-05-29T12:57:39 IST" skipped="0">
  <testcase classname="test.Sr6_WindowHandle" name="facebook_WindowHandlesdemo" time="5.274">
    <system-out>
      <![CDATA[page title:  Facebook
current window id - 0ff23451-6470-4455-9667-0a76cbef2b2b
total window id's [0ff23451-6470-4455-9667-0a76cbef2b2b]

********************* After opening the insta page ********************************
page title: Instagram
current window id - 0ff23451-6470-4455-9667-0a76cbef2b2b
total window id's [0ff23451-6470-4455-9667-0a76cbef2b2b, 32e852a1-4f4c-41a4-ac97-dcc96b0eeed4]

********************* After switching to the insta page ********************************
page title: Instagram
current window id - 0ff23451-6470-4455-9667-0a76cbef2b2b
total window id's [0ff23451-6470-4455-9667-0a76cbef2b2b, 32e852a1-4f4c-41a4-ac97-dcc96b0eeed4]

********************* After switching to the fb page ********************************
page title: Instagram
current window id - 0ff23451-6470-4455-9667-0a76cbef2b2b
total window id's [0ff23451-6470-4455-9667-0a76cbef2b2b, 32e852a1-4f4c-41a4-ac97-dcc96b0eeed4]]]>
    </system-out>
  </testcase> <!-- facebook_WindowHandlesdemo -->
  <system-out>
    <![CDATA[Username =Software Testing
Passowrd =Method Testing
Username =Testing software
Passowrd =testing Method
Username =Testing software123
Passowrd =testing Method123
Current URL=Email address or mobile number
Tooltips of link=
Login button name=Log in
Button width=546px
Current URL=(768, 333)
768Co-ordinate of controls on page=333
Login size=(546, 44)
44Login button =546
TagName =div
is emaild displayed or not=true
is Email enabled or not=true
Enter an email or phone number
Username=software@qa.com
Password=mypassword
a = 6
URL :https://www.amazon.in/vivo-Storage-Additional-Exchange-Offers/dp/B0GX94B58L?ref=dlx_deals_dg_dcl_B0GX94B58L_dt_sl10_33_pi&pf_rd_r=08HTQB4CA97A9NA9FYCY&pf_rd_p=fe0f0412-ad29-4a5e-9882-655ba37dbf33
URL :https://www.amazon.in/vivo-Storage-Additional-Exchange-Offers/dp/B0GX94B58L?ref=dlx_deals_dg_dcl_B0GX94B58L_dt_sl10_33&pf_rd_r=08HTQB4CA97A9NA9FYCY&pf_rd_p=fe0f0412-ad29-4a5e-9882-655ba37dbf33
URL :https://www.amazon.in/vivo-Storage-Additional-Exchange-Offers/dp/B0GX94B58L?ref=dlx_deals_dg_dcl_B0GX94B58L_dt_sl10_33_cs&pf_rd_r=08HTQB4CA97A9NA9FYCY&pf_rd_p=fe0f0412-ad29-4a5e-9882-655ba37dbf33
URL :https://www.amazon.in/dp/B0GX9GCM48?ref=dlx_deals_dg_dcl_B0GX9GCM48_dt_sl10_33_cs&pf_rd_r=08HTQB4CA97A9NA9FYCY&pf_rd_p=fe0f0412-ad29-4a5e-9882-655ba37dbf33
URL :https://www.amazon.in/dp/B0GX9K4H5Y?ref=dlx_deals_dg_dcl_B0GX9K4H5Y_dt_sl10_33_cs&pf_rd_r=08HTQB4CA97A9NA9FYCY&pf_rd_p=fe0f0412-ad29-4a5e-9882-655ba37dbf33
URL :https://www.amazon.in/Safari-Pentagon-Polypropylene-Wheeling-Suitcase/dp/B097G96VT8?ref=dlx_deals_dg_dcl_B097G96VT8_dt_sl10_33_pi&pf_rd_r=08HTQB4CA97A9NA9FYCY&pf_rd_p=fe0f0412-ad29-4a5e-9882-655ba37dbf33
URL :https://www.amazon.in/Safari-Pentagon-Polypropylene-Wheeling-Suitcase/dp/B097G96VT8?ref=dlx_deals_dg_dcl_B097G96VT8_dt_sl10_33&pf_rd_r=08HTQB4CA97A9NA9FYCY&pf_rd_p=fe0f0412-ad29-4a5e-9882-655ba37dbf33
URL :https://www.amazon.in/Safari-Pentagon-Polypropylene-Wheeling-Suitcase/dp/B097G96VT8?ref=dlx_deals_dg_dcl_B097G96VT8_dt_sl10_33_cs&pf_rd_r=08HTQB4CA97A9NA9FYCY&pf_rd_p=fe0f0412-ad29-4a5e-9882-655ba37dbf33
URL :https://www.amazon.in/dp/B097BGSJX1?ref=dlx_deals_dg_dcl_B097BGSJX1_dt_sl10_33_cs&pf_rd_r=08HTQB4CA97A9NA9FYCY&pf_rd_p=fe0f0412-ad29-4a5e-9882-655ba37dbf33
URL :https://www.amazon.in/dp/B097BGVP2V?ref=dlx_deals_dg_dcl_B097BGVP2V_dt_sl10_33_cs&pf_rd_r=08HTQB4CA97A9NA9FYCY&pf_rd_p=fe0f0412-ad29-4a5e-9882-655ba37dbf33
URL :https://www.amazon.in/dp/B097JMRDJD?ref=dlx_deals_dg_dcl_B097JMRDJD_dt_sl10_33_cs&pf_rd_r=08HTQB4CA97A9NA9FYCY&pf_rd_p=fe0f0412-ad29-4a5e-9882-655ba37dbf33
URL :https://www.amazon.in/dp/B097BJHP5B?ref=dlx_deals_dg_dcl_B097BJHP5B_dt_sl10_33_cs&pf_rd_r=08HTQB4CA97A9NA9FYCY&pf_rd_p=fe0f0412-ad29-4a5e-9882-655ba37dbf33
URL :https://www.amazon.in/dp/B00R45VXHI?ref=dlx_deals_dg_dcl_B00R45VXHI_dt_sl10_33_cs&pf_rd_r=08HTQB4CA97A9NA9FYCY&pf_rd_p=fe0f0412-ad29-4a5e-9882-655ba37dbf33
URL :https://www.amazon.in/Safari-Pentagon-Polypropylene-Wheeling-Suitcase/dp/B097G96VT8?ref=dlx_deals_dg_dcl_B097G96VT8_dt_sl10_33_csml&pf_rd_r=08HTQB4CA97A9NA9FYCY&pf_rd_p=fe0f0412-ad29-4a5e-9882-655ba37dbf33
URL :https://www.amazon.in/Nothing-Phone-Black-12GB-256GB/dp/B0F7R6V1LM?ref=dlx_deals_dg_dcl_B0F7R6V1LM_dt_sl10_33_pi&pf_rd_r=08HTQB4CA97A9NA9FYCY&pf_rd_p=fe0f0412-ad29-4a5e-9882-655ba37dbf33
URL :https://www.amazon.in/Nothing-Phone-Black-12GB-256GB/dp/B0F7R6V1LM?ref=dlx_deals_dg_dcl_B0F7R6V1LM_dt_sl10_33&pf_rd_r=08HTQB4CA97A9NA9FYCY&pf_rd_p=fe0f0412-ad29-4a5e-9882-655ba37dbf33
URL :https://www.amazon.in/Nothing-Phone-Black-12GB-256GB/dp/B0F7R6V1LM?ref=dlx_deals_dg_dcl_B0F7R6V1LM_dt_sl10_33_cs&pf_rd_r=08HTQB4CA97A9NA9FYCY&pf_rd_p=fe0f0412-ad29-4a5e-9882-655ba37dbf33
URL :https://www.amazon.in/dp/B0F7R9LPP8?ref=dlx_deals_dg_dcl_B0F7R9LPP8_dt_sl10_33_cs&pf_rd_r=08HTQB4CA97A9NA9FYCY&pf_rd_p=fe0f0412-ad29-4a5e-9882-655ba37dbf33
URL :https://www.amazon.in/OnePlus-13-256GB-Midnight-Ocean/dp/B0DPS7FB4J?ref=dlx_deals_dg_dcl_B0DPS7FB4J_dt_sl10_33_pi&pf_rd_r=08HTQB4CA97A9NA9FYCY&pf_rd_p=fe0f0412-ad29-4a5e-9882-655ba37dbf33
URL :https://www.amazon.in/OnePlus-13-256GB-Midnight-Ocean/dp/B0DPS7FB4J?ref=dlx_deals_dg_dcl_B0DPS7FB4J_dt_sl10_33&pf_rd_r=08HTQB4CA97A9NA9FYCY&pf_rd_p=fe0f0412-ad29-4a5e-9882-655ba37dbf33
URL :https://www.amazon.in/OnePlus-13-256GB-Midnight-Ocean/dp/B0DPS7FB4J?ref=dlx_deals_dg_dcl_B0DPS7FB4J_dt_sl10_33_cs&pf_rd_r=08HTQB4CA97A9NA9FYCY&pf_rd_p=fe0f0412-ad29-4a5e-9882-655ba37dbf33
URL :https://www.amazon.in/dp/B0DQ8R1DB5?ref=dlx_deals_dg_dcl_B0DQ8R1DB5_dt_sl10_33_cs&pf_rd_r=08HTQB4CA97A9NA9FYCY&pf_rd_p=fe0f0412-ad29-4a5e-9882-655ba37dbf33
URL :https://www.amazon.in/dp/B0DQ8MGRNX?ref=dlx_deals_dg_dcl_B0DQ8MGRNX_dt_sl10_33_cs&pf_rd_r=08HTQB4CA97A9NA9FYCY&pf_rd_p=fe0f0412-ad29-4a5e-9882-655ba37dbf33
URL :https://www.amazon.in/Lloyd-Convertible-Installation-Indication-GLS18I3AGGSC/dp/B0GJDVGS6P?ref=dlx_deals_dg_dcl_B0GJDVGS6P_dt_sl10_33_pi&pf_rd_r=08HTQB4CA97A9NA9FYCY&pf_rd_p=fe0f0412-ad29-4a5e-9882-655ba37dbf33
URL :https://www.amazon.in/Lloyd-Convertible-Installation-Indication-GLS18I3AGGSC/dp/B0GJDVGS6P?ref=dlx_deals_dg_dcl_B0GJDVGS6P_dt_sl10_33&pf_rd_r=08HTQB4CA97A9NA9FYCY&pf_rd_p=fe0f0412-ad29-4a5e-9882-655ba37dbf33
URL :https://www.amazon.in/Safari-Trolley-Polypropylene-Wheeling-Suitcase/dp/B0F67G7R9M?ref=dlx_deals_dg_dcl_B0F67G7R9M_dt_sl10_33_pi&pf_rd_r=08HTQB4CA97A9NA9FYCY&pf_rd_p=fe0f0412-ad29-4a5e-9882-655ba37dbf33
URL :https://www.amazon.in/Safari-Trolley-Polypropylene-Wheeling-Suitcase/dp/B0F67G7R9M?ref=dlx_deals_dg_dcl_B0F67G7R9M_dt_sl10_33&pf_rd_r=08HTQB4CA97A9NA9FYCY&pf_rd_p=fe0f0412-ad29-4a5e-9882-655ba37dbf33
URL :https://www.amazon.in/Safari-Trolley-Polypropylene-Wheeling-Suitcase/dp/B0F67G7R9M?ref=dlx_deals_dg_dcl_B0F67G7R9M_dt_sl10_33_cs&pf_rd_r=08HTQB4CA97A9NA9FYCY&pf_rd_p=fe0f0412-ad29-4a5e-9882-655ba37dbf33
URL :https://www.amazon.in/dp/B0FLYJD912?ref=dlx_deals_dg_dcl_B0FLYJD912_dt_sl10_33_cs&pf_rd_r=08HTQB4CA97A9NA9FYCY&pf_rd_p=fe0f0412-ad29-4a5e-9882-655ba37dbf33
URL :https://www.amazon.in/dp/B0FLYG7ZQD?ref=dlx_deals_dg_dcl_B0FLYG7ZQD_dt_sl10_33_cs&pf_rd_r=08HTQB4CA97A9NA9FYCY&pf_rd_p=fe0f0412-ad29-4a5e-9882-655ba37dbf33
URL :https://www.amazon.in/dp/B0F67HZNXG?ref=dlx_deals_dg_dcl_B0F67HZNXG_dt_sl10_33_cs&pf_rd_r=08HTQB4CA97A9NA9FYCY&pf_rd_p=fe0f0412-ad29-4a5e-9882-655ba37dbf33
URL :https://www.amazon.in/dp/B0F67GJLPW?ref=dlx_deals_dg_dcl_B0F67GJLPW_dt_sl10_33_cs&pf_rd_r=08HTQB4CA97A9NA9FYCY&pf_rd_p=fe0f0412-ad29-4a5e-9882-655ba37dbf33
URL :https://www.amazon.in/dp/B0F67GV4NL?ref=dlx_deals_dg_dcl_B0F67GV4NL_dt_sl10_33_cs&pf_rd_r=08HTQB4CA97A9NA9FYCY&pf_rd_p=fe0f0412-ad29-4a5e-9882-655ba37dbf33
URL :https://www.amazon.in/Samsung-inches-Crystal-Vision-UA43UE86AHULXL/dp/B0GXB76VRW?ref=dlx_deals_dg_dcl_B0GXB76VRW_dt_sl10_33_pi&pf_rd_r=08HTQB4CA97A9NA9FYCY&pf_rd_p=fe0f0412-ad29-4a5e-9882-655ba37dbf33
URL :https://www.amazon.in/Samsung-inches-Crystal-Vision-UA43UE86AHULXL/dp/B0GXB76VRW?ref=dlx_deals_dg_dcl_B0GXB76VRW_dt_sl10_33&pf_rd_r=08HTQB4CA97A9NA9FYCY&pf_rd_p=fe0f0412-ad29-4a5e-9882-655ba37dbf33
URL :https://www.amazon.in/Philips-trimming-Grooming-attachment-MG3927/dp/B0G6DVB6DG?ref=dlx_deals_dg_dcl_B0G6DVB6DG_dt_sl10_33_pi&pf_rd_r=08HTQB4CA97A9NA9FYCY&pf_rd_p=fe0f0412-ad29-4a5e-9882-655ba37dbf33
URL :https://www.amazon.in/Philips-trimming-Grooming-attachment-MG3927/dp/B0G6DVB6DG?ref=dlx_deals_dg_dcl_B0G6DVB6DG_dt_sl10_33&pf_rd_r=08HTQB4CA97A9NA9FYCY&pf_rd_p=fe0f0412-ad29-4a5e-9882-655ba37dbf33
URL :https://www.amazon.in/Philips-trimming-Grooming-attachment-MG3927/dp/B0G6DVB6DG?ref=dlx_deals_dg_dcl_B0G6DVB6DG_dt_sl10_33_csml&pf_rd_r=08HTQB4CA97A9NA9FYCY&pf_rd_p=fe0f0412-ad29-4a5e-9882-655ba37dbf33
URL :https://www.amazon.in/Samsung-Graphite-Processor-Monitoring-Anti-oxidant/dp/B0FDQK5KSZ?ref=dlx_deals_dg_dcl_B0FDQK5KSZ_dt_sl10_33_pi&pf_rd_r=08HTQB4CA97A9NA9FYCY&pf_rd_p=fe0f0412-ad29-4a5e-9882-655ba37dbf33
URL :https://www.amazon.in/Samsung-Graphite-Processor-Monitoring-Anti-oxidant/dp/B0FDQK5KSZ?ref=dlx_deals_dg_dcl_B0FDQK5KSZ_dt_sl10_33&pf_rd_r=08HTQB4CA97A9NA9FYCY&pf_rd_p=fe0f0412-ad29-4a5e-9882-655ba37dbf33
URL :https://www.amazon.in/Samsung-Graphite-Processor-Monitoring-Anti-oxidant/dp/B0FDQK5KSZ?ref=dlx_deals_dg_dcl_B0FDQK5KSZ_dt_sl10_33_csml&pf_rd_r=08HTQB4CA97A9NA9FYCY&pf_rd_p=fe0f0412-ad29-4a5e-9882-655ba37dbf33
URL :https://www.amazon.in/HP-Upgradeable-Response-Office24-am0240tx/dp/B0G3VCGXH6?ref=dlx_deals_dg_dcl_B0G3VCGXH6_dt_sl10_33_pi&pf_rd_r=08HTQB4CA97A9NA9FYCY&pf_rd_p=fe0f0412-ad29-4a5e-9882-655ba37dbf33
URL :https://www.amazon.in/HP-Upgradeable-Response-Office24-am0240tx/dp/B0G3VCGXH6?ref=dlx_deals_dg_dcl_B0G3VCGXH6_dt_sl10_33&pf_rd_r=08HTQB4CA97A9NA9FYCY&pf_rd_p=fe0f0412-ad29-4a5e-9882-655ba37dbf33
https://www.amazon.in/vivo-Storage-Additional-Exchange-Offers/dp/B0GX94B58L?ref=dlx_deals_dg_dcl_B0GX94B58L_dt_sl10_33_pi&pf_rd_r=9SPBBTX1Y3F6T2RNK2MA&pf_rd_p=fe0f0412-ad29-4a5e-9882-655ba37dbf33
https://www.amazon.in/vivo-Storage-Additional-Exchange-Offers/dp/B0GX94B58L?ref=dlx_deals_dg_dcl_B0GX94B58L_dt_sl10_33&pf_rd_r=9SPBBTX1Y3F6T2RNK2MA&pf_rd_p=fe0f0412-ad29-4a5e-9882-655ba37dbf33
https://www.amazon.in/vivo-Storage-Additional-Exchange-Offers/dp/B0GX94B58L?ref=dlx_deals_dg_dcl_B0GX94B58L_dt_sl10_33_cs&pf_rd_r=9SPBBTX1Y3F6T2RNK2MA&pf_rd_p=fe0f0412-ad29-4a5e-9882-655ba37dbf33
https://www.amazon.in/dp/B0GX9GCM48?ref=dlx_deals_dg_dcl_B0GX9GCM48_dt_sl10_33_cs&pf_rd_r=9SPBBTX1Y3F6T2RNK2MA&pf_rd_p=fe0f0412-ad29-4a5e-9882-655ba37dbf33
https://www.amazon.in/dp/B0GX9K4H5Y?ref=dlx_deals_dg_dcl_B0GX9K4H5Y_dt_sl10_33_cs&pf_rd_r=9SPBBTX1Y3F6T2RNK2MA&pf_rd_p=fe0f0412-ad29-4a5e-9882-655ba37dbf33
https://www.amazon.in/Safari-Pentagon-Polypropylene-Wheeling-Suitcase/dp/B097G96VT8?ref=dlx_deals_dg_dcl_B097G96VT8_dt_sl10_33_pi&pf_rd_r=9SPBBTX1Y3F6T2RNK2MA&pf_rd_p=fe0f0412-ad29-4a5e-9882-655ba37dbf33
https://www.amazon.in/Safari-Pentagon-Polypropylene-Wheeling-Suitcase/dp/B097G96VT8?ref=dlx_deals_dg_dcl_B097G96VT8_dt_sl10_33&pf_rd_r=9SPBBTX1Y3F6T2RNK2MA&pf_rd_p=fe0f0412-ad29-4a5e-9882-655ba37dbf33
https://www.amazon.in/Safari-Pentagon-Polypropylene-Wheeling-Suitcase/dp/B097G96VT8?ref=dlx_deals_dg_dcl_B097G96VT8_dt_sl10_33_cs&pf_rd_r=9SPBBTX1Y3F6T2RNK2MA&pf_rd_p=fe0f0412-ad29-4a5e-9882-655ba37dbf33
https://www.amazon.in/dp/B097BGSJX1?ref=dlx_deals_dg_dcl_B097BGSJX1_dt_sl10_33_cs&pf_rd_r=9SPBBTX1Y3F6T2RNK2MA&pf_rd_p=fe0f0412-ad29-4a5e-9882-655ba37dbf33
https://www.amazon.in/dp/B097BGVP2V?ref=dlx_deals_dg_dcl_B097BGVP2V_dt_sl10_33_cs&pf_rd_r=9SPBBTX1Y3F6T2RNK2MA&pf_rd_p=fe0f0412-ad29-4a5e-9882-655ba37dbf33
https://www.amazon.in/dp/B097JMRDJD?ref=dlx_deals_dg_dcl_B097JMRDJD_dt_sl10_33_cs&pf_rd_r=9SPBBTX1Y3F6T2RNK2MA&pf_rd_p=fe0f0412-ad29-4a5e-9882-655ba37dbf33
https://www.amazon.in/dp/B097BJHP5B?ref=dlx_deals_dg_dcl_B097BJHP5B_dt_sl10_33_cs&pf_rd_r=9SPBBTX1Y3F6T2RNK2MA&pf_rd_p=fe0f0412-ad29-4a5e-9882-655ba37dbf33
https://www.amazon.in/dp/B00R45VXHI?ref=dlx_deals_dg_dcl_B00R45VXHI_dt_sl10_33_cs&pf_rd_r=9SPBBTX1Y3F6T2RNK2MA&pf_rd_p=fe0f0412-ad29-4a5e-9882-655ba37dbf33
https://www.amazon.in/Safari-Pentagon-Polypropylene-Wheeling-Suitcase/dp/B097G96VT8?ref=dlx_deals_dg_dcl_B097G96VT8_dt_sl10_33_csml&pf_rd_r=9SPBBTX1Y3F6T2RNK2MA&pf_rd_p=fe0f0412-ad29-4a5e-9882-655ba37dbf33
https://www.amazon.in/Nothing-Phone-Black-12GB-256GB/dp/B0F7R6V1LM?ref=dlx_deals_dg_dcl_B0F7R6V1LM_dt_sl10_33_pi&pf_rd_r=9SPBBTX1Y3F6T2RNK2MA&pf_rd_p=fe0f0412-ad29-4a5e-9882-655ba37dbf33
https://www.amazon.in/Nothing-Phone-Black-12GB-256GB/dp/B0F7R6V1LM?ref=dlx_deals_dg_dcl_B0F7R6V1LM_dt_sl10_33&pf_rd_r=9SPBBTX1Y3F6T2RNK2MA&pf_rd_p=fe0f0412-ad29-4a5e-9882-655ba37dbf33
https://www.amazon.in/Nothing-Phone-Black-12GB-256GB/dp/B0F7R6V1LM?ref=dlx_deals_dg_dcl_B0F7R6V1LM_dt_sl10_33_cs&pf_rd_r=9SPBBTX1Y3F6T2RNK2MA&pf_rd_p=fe0f0412-ad29-4a5e-9882-655ba37dbf33
https://www.amazon.in/dp/B0F7R9LPP8?ref=dlx_deals_dg_dcl_B0F7R9LPP8_dt_sl10_33_cs&pf_rd_r=9SPBBTX1Y3F6T2RNK2MA&pf_rd_p=fe0f0412-ad29-4a5e-9882-655ba37dbf33
https://www.amazon.in/OnePlus-13-256GB-Midnight-Ocean/dp/B0DPS7FB4J?ref=dlx_deals_dg_dcl_B0DPS7FB4J_dt_sl10_33_pi&pf_rd_r=9SPBBTX1Y3F6T2RNK2MA&pf_rd_p=fe0f0412-ad29-4a5e-9882-655ba37dbf33
https://www.amazon.in/OnePlus-13-256GB-Midnight-Ocean/dp/B0DPS7FB4J?ref=dlx_deals_dg_dcl_B0DPS7FB4J_dt_sl10_33&pf_rd_r=9SPBBTX1Y3F6T2RNK2MA&pf_rd_p=fe0f0412-ad29-4a5e-9882-655ba37dbf33
https://www.amazon.in/OnePlus-13-256GB-Midnight-Ocean/dp/B0DPS7FB4J?ref=dlx_deals_dg_dcl_B0DPS7FB4J_dt_sl10_33_cs&pf_rd_r=9SPBBTX1Y3F6T2RNK2MA&pf_rd_p=fe0f0412-ad29-4a5e-9882-655ba37dbf33
https://www.amazon.in/dp/B0DQ8R1DB5?ref=dlx_deals_dg_dcl_B0DQ8R1DB5_dt_sl10_33_cs&pf_rd_r=9SPBBTX1Y3F6T2RNK2MA&pf_rd_p=fe0f0412-ad29-4a5e-9882-655ba37dbf33
https://www.amazon.in/dp/B0DQ8MGRNX?ref=dlx_deals_dg_dcl_B0DQ8MGRNX_dt_sl10_33_cs&pf_rd_r=9SPBBTX1Y3F6T2RNK2MA&pf_rd_p=fe0f0412-ad29-4a5e-9882-655ba37dbf33
https://www.amazon.in/Lloyd-Convertible-Installation-Indication-GLS18I3AGGSC/dp/B0GJDVGS6P?ref=dlx_deals_dg_dcl_B0GJDVGS6P_dt_sl10_33_pi&pf_rd_r=9SPBBTX1Y3F6T2RNK2MA&pf_rd_p=fe0f0412-ad29-4a5e-9882-655ba37dbf33
https://www.amazon.in/Lloyd-Convertible-Installation-Indication-GLS18I3AGGSC/dp/B0GJDVGS6P?ref=dlx_deals_dg_dcl_B0GJDVGS6P_dt_sl10_33&pf_rd_r=9SPBBTX1Y3F6T2RNK2MA&pf_rd_p=fe0f0412-ad29-4a5e-9882-655ba37dbf33
a = 48
page title:  Facebook
current window id - 0ff23451-6470-4455-9667-0a76cbef2b2b
total window id's [0ff23451-6470-4455-9667-0a76cbef2b2b]

********************* After opening the insta page ********************************
page title: Instagram
current window id - 0ff23451-6470-4455-9667-0a76cbef2b2b
total window id's [0ff23451-6470-4455-9667-0a76cbef2b2b, 32e852a1-4f4c-41a4-ac97-dcc96b0eeed4]

********************* After switching to the insta page ********************************
page title: Instagram
current window id - 0ff23451-6470-4455-9667-0a76cbef2b2b
total window id's [0ff23451-6470-4455-9667-0a76cbef2b2b, 32e852a1-4f4c-41a4-ac97-dcc96b0eeed4]

********************* After switching to the fb page ********************************
page title: Instagram
current window id - 0ff23451-6470-4455-9667-0a76cbef2b2b
total window id's [0ff23451-6470-4455-9667-0a76cbef2b2b, 32e852a1-4f4c-41a4-ac97-dcc96b0eeed4]
The element with the reference d084ae62-7e95-4eaa-a805-030c3c4dc944 is stale; either its node document is not the active document, or it is no longer connected to the DOM
For documentation on this error, please visit: https://www.selenium.dev/documentation/webdriver/troubleshooting/errors#staleelementreferenceexception
Build info: version: '4.40.0', revision: 'b3333f1'
System info: os.name: 'Windows 11', os.arch: 'amd64', os.version: '10.0', java.version: '21.0.4'
Driver info: org.openqa.selenium.firefox.FirefoxDriver
Command: [b065b240-763c-42bb-b2d5-e9d87f342811, clickElement {id=d084ae62-7e95-4eaa-a805-030c3c4dc944}]
Capabilities {acceptInsecureCerts: true, browserName: firefox, browserVersion: 151.0.2, moz:accessibilityChecks: false, moz:buildID: 20260525130955, moz:geckodriverVersion: 0.36.0, moz:headless: false, moz:platformVersion: 10.0, moz:processID: 21612, moz:profile: C:\Users\DELLEN~1\AppData\L..., moz:shutdownTimeout: 60000, moz:webdriverClick: true, moz:windowless: false, pageLoadStrategy: normal, platformName: windows, proxy: Proxy(), setWindowRect: true, strictFileInteractability: false, timeouts: {implicit: 0, pageLoad: 300000, script: 30000}, unhandledPromptBehavior: dismiss and notify, userAgent: Mozilla/5.0 (Windows NT 10....}
Element: [[FirefoxDriver: firefox on windows (b065b240-763c-42bb-b2d5-e9d87f342811)] -> name: email]
Session ID: b065b240-763c-42bb-b2d5-e9d87f342811]]>
  </system-out>
</testsuite> <!-- test.Sr6_WindowHandle -->
