<?xml version="1.0" encoding="UTF-8"?>
<!-- Generated by org.testng.reporters.JUnitReportReporter -->
<testsuite hostname="DESKTOP-6RSBDQK" failures="0" tests="1" name="test.WebElementCommand" time="4.279" errors="0" timestamp="2025-08-29T14:14:15 IST" skipped="0">
  <testcase classname="test.WebElementCommand" name="facebook_elementAction" time="4.279">
    <system-out>
      <![CDATA[is emaild displayed or not=true
is Email enabled or not=true
is hidden element displayed=false
Before clcking- is the male radio button selected=false
After clcking- is the male radio button selected=true]]>
    </system-out>
  </testcase> <!-- facebook_elementAction -->
  <system-out>
    <![CDATA[is emaild displayed or not=true
is Email enabled or not=true
is hidden element displayed=false
Before clcking- is the male radio button selected=false
After clcking- is the male radio button selected=true]]>
  </system-out>
</testsuite> <!-- test.WebElementCommand -->
