<?xml version="1.0" encoding="UTF-8"?>
<!-- Generated by org.testng.reporters.JUnitReportReporter -->
<testsuite hostname="DESKTOP-6RSBDQK" failures="0" tests="1" name="test.StaleElementExample" time="3.090" errors="0" timestamp="2026-04-21T17:38:36 IST" skipped="0">
  <testcase classname="test.StaleElementExample" name="Hiddenexample" time="3.090">
    <system-out>
      <![CDATA[The element with the reference 011ad297-bd05-45cb-ba4d-a2447fc565d0 is stale; either its node document is not the active document, or it is no longer connected to the DOM
For documentation on this error, please visit: https://www.selenium.dev/documentation/webdriver/troubleshooting/errors#staleelementreferenceexception
Build info: version: '4.40.0', revision: 'b3333f1'
System info: os.name: 'Windows 11', os.arch: 'amd64', os.version: '10.0', java.version: '21.0.4'
Driver info: org.openqa.selenium.firefox.FirefoxDriver
Command: [1c453e28-7341-45de-adb0-b0a7ae7d4882, clickElement {id=011ad297-bd05-45cb-ba4d-a2447fc565d0}]
Capabilities {acceptInsecureCerts: true, browserName: firefox, browserVersion: 149.0.2, moz:accessibilityChecks: false, moz:buildID: 20260403140140, moz:geckodriverVersion: 0.36.0, moz:headless: false, moz:platformVersion: 10.0, moz:processID: 30068, moz:profile: C:\Users\DELLEN~1\AppData\L..., moz:shutdownTimeout: 60000, moz:webdriverClick: true, moz:windowless: false, pageLoadStrategy: normal, platformName: windows, proxy: Proxy(), setWindowRect: true, strictFileInteractability: false, timeouts: {implicit: 0, pageLoad: 300000, script: 30000}, unhandledPromptBehavior: dismiss and notify, userAgent: Mozilla/5.0 (Windows NT 10....}
Element: [[FirefoxDriver: firefox on windows (1c453e28-7341-45de-adb0-b0a7ae7d4882)] -> name: email]
Session ID: 1c453e28-7341-45de-adb0-b0a7ae7d4882]]>
    </system-out>
  </testcase> <!-- Hiddenexample -->
  <system-out>
    <![CDATA[The element with the reference 011ad297-bd05-45cb-ba4d-a2447fc565d0 is stale; either its node document is not the active document, or it is no longer connected to the DOM
For documentation on this error, please visit: https://www.selenium.dev/documentation/webdriver/troubleshooting/errors#staleelementreferenceexception
Build info: version: '4.40.0', revision: 'b3333f1'
System info: os.name: 'Windows 11', os.arch: 'amd64', os.version: '10.0', java.version: '21.0.4'
Driver info: org.openqa.selenium.firefox.FirefoxDriver
Command: [1c453e28-7341-45de-adb0-b0a7ae7d4882, clickElement {id=011ad297-bd05-45cb-ba4d-a2447fc565d0}]
Capabilities {acceptInsecureCerts: true, browserName: firefox, browserVersion: 149.0.2, moz:accessibilityChecks: false, moz:buildID: 20260403140140, moz:geckodriverVersion: 0.36.0, moz:headless: false, moz:platformVersion: 10.0, moz:processID: 30068, moz:profile: C:\Users\DELLEN~1\AppData\L..., moz:shutdownTimeout: 60000, moz:webdriverClick: true, moz:windowless: false, pageLoadStrategy: normal, platformName: windows, proxy: Proxy(), setWindowRect: true, strictFileInteractability: false, timeouts: {implicit: 0, pageLoad: 300000, script: 30000}, unhandledPromptBehavior: dismiss and notify, userAgent: Mozilla/5.0 (Windows NT 10....}
Element: [[FirefoxDriver: firefox on windows (1c453e28-7341-45de-adb0-b0a7ae7d4882)] -> name: email]
Session ID: 1c453e28-7341-45de-adb0-b0a7ae7d4882]]>
  </system-out>
</testsuite> <!-- test.StaleElementExample -->
