<?xml version="1.0" encoding="UTF-8"?>
<!-- Generated by org.testng.reporters.JUnitReportReporter -->
<testsuite hostname="DESKTOP-6RSBDQK" failures="0" tests="1" name="test.Sr7_StaleEle" time="5.168" errors="0" timestamp="2026-09-10T15:40:06 IST" skipped="0">
  <testcase classname="test.Sr7_StaleEle" name="Fb_Hiddenele" time="5.168">
    <system-out>
      <![CDATA[The element with the reference 336d6ec7-1f24-452d-97aa-e60a71dcc7ef is stale; either its node document is not the active document, or it is no longer connected to the DOM
For documentation on this error, please visit: https://www.selenium.dev/documentation/webdriver/troubleshooting/errors#staleelementreferenceexception
Build info: version: '4.48.0', revision: '27f5213 27f5213055e28398a5105b7892b7a3bb2012a6ef'
System info: os.name: 'Windows 11', os.arch: 'amd64', os.version: '10.0', java.version: '21.0.4'
Driver info: org.openqa.selenium.firefox.FirefoxDriver
Command: [0ce1a4ea-c1f1-4371-b1c6-eb2cbf59f9ae, clickElement {id=336d6ec7-1f24-452d-97aa-e60a71dcc7ef}]
Capabilities {acceptInsecureCerts: true, browserName: firefox, browserVersion: 155.0.1, moz:accessibilityChecks: false, moz:buildID: 20260903215306, moz:geckodriverVersion: 0.37.1, moz:headless: false, moz:platformVersion: 10.0, moz:processID: 23908, moz:profile: C:\Users\DELLEN~1\AppData\L..., moz:shutdownTimeout: 60000, moz:webdriverClick: true, moz:windowless: false, pageLoadStrategy: normal, platformName: windows, proxy: Proxy(), setWindowRect: true, strictFileInteractability: false, timeouts: {implicit: 0, pageLoad: 300000, script: 30000}, unhandledPromptBehavior: dismiss and notify, userAgent: Mozilla/5.0 (Windows NT 10....}
Element: [[FirefoxDriver: firefox on windows (0ce1a4ea-c1f1-4371-b1c6-eb2cbf59f9ae)] -> name: email]
Session ID: 0ce1a4ea-c1f1-4371-b1c6-eb2cbf59f9ae]]>
    </system-out>
  </testcase> <!-- Fb_Hiddenele -->
  <system-out>
    <![CDATA[Username =Software Testing
Passowrd =Method Testing
Username =Testing software
Passowrd =testing Method
Username =Testing software123
Passowrd =testing Method123
Current URL=
Tooltips of link=
Login button name=Log in
Button width=546px
Current URL=(768, 333)
768Co-ordinate of controls on page=333
Login size=(546, 44)
44Login button =546
TagName =div
is emaild displayed or not=true
is Email enabled or not=true
Hidden element NOT present in DOM
Enter an email or phone number
Username=software@qa.com
Password=mypassword
a = 6
URL :https://www.amazon.in/vivo-X300-FE-Additional-Exchange/dp/B0GX9L2H28?ref=dlx_deals_dg_dcl_B0GX9L2H28_dt_sl10_33_pi&pf_rd_r=9JZET1FJ25XHVNW7BR37&pf_rd_p=a1f490ce-fe55-425e-9932-455f92f72533&sbo=RZvfv%2F%2FHxDF%2BO5021pAnSA%3D%3D
URL :https://www.amazon.in/vivo-X300-FE-Additional-Exchange/dp/B0GX9L2H28?ref=dlx_deals_dg_dcl_B0GX9L2H28_dt_sl10_33&pf_rd_r=9JZET1FJ25XHVNW7BR37&pf_rd_p=a1f490ce-fe55-425e-9932-455f92f72533&sbo=RZvfv%2F%2FHxDF%2BO5021pAnSA%3D%3D
URL :https://www.amazon.in/vivo-X300-FE-Additional-Exchange/dp/B0GX9L2H28?ref=dlx_deals_dg_dcl_B0GX9L2H28_dt_sl10_33_rv&pf_rd_r=9JZET1FJ25XHVNW7BR37&pf_rd_p=a1f490ce-fe55-425e-9932-455f92f72533&sbo=RZvfv%2F%2FHxDF%2BO5021pAnSA%3D%3D#customerReviews
URL :https://www.amazon.in/vivo-X300-FE-Additional-Exchange/dp/B0GX9L2H28?ref=dlx_deals_dg_dcl_B0GX9L2H28_dt_sl10_33_rv&pf_rd_r=9JZET1FJ25XHVNW7BR37&pf_rd_p=a1f490ce-fe55-425e-9932-455f92f72533&sbo=RZvfv%2F%2FHxDF%2BO5021pAnSA%3D%3D#averageCustomerReviewsAnchor
 HTTP status code: 500=Internal Server Error
https://www.amazon.in/vivo-X300-FE-Additional-Exchange/dp/B0GX9L2H28?ref=dlx_deals_dg_dcl_B0GX9L2H28_dt_sl10_33_cs&pf_rd_r=9JZET1FJ25XHVNW7BR37&pf_rd_p=a1f490ce-fe55-425e-9932-455f92f72533 is a broken link.
URL :https://www.amazon.in/dp/B0H8Y81CCD?ref=dlx_deals_dg_dcl_B0H8Y81CCD_dt_sl10_33_cs&pf_rd_r=9JZET1FJ25XHVNW7BR37&pf_rd_p=a1f490ce-fe55-425e-9932-455f92f72533
URL :https://www.amazon.in/dp/B0H9KHX5WQ?ref=dlx_deals_dg_dcl_B0H9KHX5WQ_dt_sl10_33_cs&pf_rd_r=9JZET1FJ25XHVNW7BR37&pf_rd_p=a1f490ce-fe55-425e-9932-455f92f72533
URL :https://www.amazon.in/ASUS-Vivobook-i5-13420H-Keyboard-X1502VA-BQ1297WS/dp/B0FN97FRVS?ref=dlx_deals_dg_dcl_B0FN97FRVS_dt_sl10_33_pi&pf_rd_r=9JZET1FJ25XHVNW7BR37&pf_rd_p=a1f490ce-fe55-425e-9932-455f92f72533&sbo=RZvfv%2F%2FHxDF%2BO5021pAnSA%3D%3D
URL :https://www.amazon.in/ASUS-Vivobook-i5-13420H-Keyboard-X1502VA-BQ1297WS/dp/B0FN97FRVS?ref=dlx_deals_dg_dcl_B0FN97FRVS_dt_sl10_33&pf_rd_r=9JZET1FJ25XHVNW7BR37&pf_rd_p=a1f490ce-fe55-425e-9932-455f92f72533&sbo=RZvfv%2F%2FHxDF%2BO5021pAnSA%3D%3D
URL :https://www.amazon.in/ASUS-Vivobook-i5-13420H-Keyboard-X1502VA-BQ1297WS/dp/B0FN97FRVS?ref=dlx_deals_dg_dcl_B0FN97FRVS_dt_sl10_33_rv&pf_rd_r=9JZET1FJ25XHVNW7BR37&pf_rd_p=a1f490ce-fe55-425e-9932-455f92f72533&sbo=RZvfv%2F%2FHxDF%2BO5021pAnSA%3D%3D#customerReviews
URL :https://www.amazon.in/ASUS-Vivobook-i5-13420H-Keyboard-X1502VA-BQ1297WS/dp/B0FN97FRVS?ref=dlx_deals_dg_dcl_B0FN97FRVS_dt_sl10_33_rv&pf_rd_r=9JZET1FJ25XHVNW7BR37&pf_rd_p=a1f490ce-fe55-425e-9932-455f92f72533&sbo=RZvfv%2F%2FHxDF%2BO5021pAnSA%3D%3D#averageCustomerReviewsAnchor
URL :https://www.amazon.in/ECOVACS-N30-White-Technology-TrueMapping/dp/B0FL2458CF?ref=dlx_deals_dg_dcl_B0FL2458CF_dt_sl10_33_pi&pf_rd_r=9JZET1FJ25XHVNW7BR37&pf_rd_p=a1f490ce-fe55-425e-9932-455f92f72533&sbo=RZvfv%2F%2FHxDF%2BO5021pAnSA%3D%3D
URL :https://www.amazon.in/ECOVACS-N30-White-Technology-TrueMapping/dp/B0FL2458CF?ref=dlx_deals_dg_dcl_B0FL2458CF_dt_sl10_33&pf_rd_r=9JZET1FJ25XHVNW7BR37&pf_rd_p=a1f490ce-fe55-425e-9932-455f92f72533&sbo=RZvfv%2F%2FHxDF%2BO5021pAnSA%3D%3D
URL :https://www.amazon.in/ECOVACS-N30-White-Technology-TrueMapping/dp/B0FL2458CF?ref=dlx_deals_dg_dcl_B0FL2458CF_dt_sl10_33_rv&pf_rd_r=9JZET1FJ25XHVNW7BR37&pf_rd_p=a1f490ce-fe55-425e-9932-455f92f72533&sbo=RZvfv%2F%2FHxDF%2BO5021pAnSA%3D%3D#customerReviews
URL :https://www.amazon.in/ECOVACS-N30-White-Technology-TrueMapping/dp/B0FL2458CF?ref=dlx_deals_dg_dcl_B0FL2458CF_dt_sl10_33_rv&pf_rd_r=9JZET1FJ25XHVNW7BR37&pf_rd_p=a1f490ce-fe55-425e-9932-455f92f72533&sbo=RZvfv%2F%2FHxDF%2BO5021pAnSA%3D%3D#averageCustomerReviewsAnchor
URL :https://www.amazon.in/Haier-Automatic-HWM70-AEN-Moonlight-Stainless/dp/B0HBB7FLH4?ref=dlx_deals_dg_dcl_B0HBB7FLH4_dt_sl10_33_pi&pf_rd_r=9JZET1FJ25XHVNW7BR37&pf_rd_p=a1f490ce-fe55-425e-9932-455f92f72533&sbo=RZvfv%2F%2FHxDF%2BO5021pAnSA%3D%3D
URL :https://www.amazon.in/Haier-Automatic-HWM70-AEN-Moonlight-Stainless/dp/B0HBB7FLH4?ref=dlx_deals_dg_dcl_B0HBB7FLH4_dt_sl10_33&pf_rd_r=9JZET1FJ25XHVNW7BR37&pf_rd_p=a1f490ce-fe55-425e-9932-455f92f72533&sbo=RZvfv%2F%2FHxDF%2BO5021pAnSA%3D%3D
URL :https://www.amazon.in/Haier-Automatic-HWM70-AEN-Moonlight-Stainless/dp/B0HBB7FLH4?ref=dlx_deals_dg_dcl_B0HBB7FLH4_dt_sl10_33_rv&pf_rd_r=9JZET1FJ25XHVNW7BR37&pf_rd_p=a1f490ce-fe55-425e-9932-455f92f72533&sbo=RZvfv%2F%2FHxDF%2BO5021pAnSA%3D%3D#customerReviews
URL :https://www.amazon.in/Haier-Automatic-HWM70-AEN-Moonlight-Stainless/dp/B0HBB7FLH4?ref=dlx_deals_dg_dcl_B0HBB7FLH4_dt_sl10_33_rv&pf_rd_r=9JZET1FJ25XHVNW7BR37&pf_rd_p=a1f490ce-fe55-425e-9932-455f92f72533&sbo=RZvfv%2F%2FHxDF%2BO5021pAnSA%3D%3D#averageCustomerReviewsAnchor
URL :https://www.amazon.in/Tecno-Midnight-6500mAh-Charger-Protection/dp/B0GW5XR5J6?ref=dlx_deals_dg_dcl_B0GW5XR5J6_dt_sl10_33_pi&pf_rd_r=9JZET1FJ25XHVNW7BR37&pf_rd_p=a1f490ce-fe55-425e-9932-455f92f72533&sbo=RZvfv%2F%2FHxDF%2BO5021pAnSA%3D%3D
URL :https://www.amazon.in/Tecno-Midnight-6500mAh-Charger-Protection/dp/B0GW5XR5J6?ref=dlx_deals_dg_dcl_B0GW5XR5J6_dt_sl10_33&pf_rd_r=9JZET1FJ25XHVNW7BR37&pf_rd_p=a1f490ce-fe55-425e-9932-455f92f72533&sbo=RZvfv%2F%2FHxDF%2BO5021pAnSA%3D%3D
URL :https://www.amazon.in/Tecno-Midnight-6500mAh-Charger-Protection/dp/B0GW5XR5J6?ref=dlx_deals_dg_dcl_B0GW5XR5J6_dt_sl10_33_rv&pf_rd_r=9JZET1FJ25XHVNW7BR37&pf_rd_p=a1f490ce-fe55-425e-9932-455f92f72533&sbo=RZvfv%2F%2FHxDF%2BO5021pAnSA%3D%3D#customerReviews
URL :https://www.amazon.in/Tecno-Midnight-6500mAh-Charger-Protection/dp/B0GW5XR5J6?ref=dlx_deals_dg_dcl_B0GW5XR5J6_dt_sl10_33_rv&pf_rd_r=9JZET1FJ25XHVNW7BR37&pf_rd_p=a1f490ce-fe55-425e-9932-455f92f72533&sbo=RZvfv%2F%2FHxDF%2BO5021pAnSA%3D%3D#averageCustomerReviewsAnchor
URL :https://www.amazon.in/Tecno-Midnight-6500mAh-Charger-Protection/dp/B0GW5XR5J6?ref=dlx_deals_dg_dcl_B0GW5XR5J6_dt_sl10_33_cs&pf_rd_r=9JZET1FJ25XHVNW7BR37&pf_rd_p=a1f490ce-fe55-425e-9932-455f92f72533
URL :https://www.amazon.in/dp/B0GW61YKQK?ref=dlx_deals_dg_dcl_B0GW61YKQK_dt_sl10_33_cs&pf_rd_r=9JZET1FJ25XHVNW7BR37&pf_rd_p=a1f490ce-fe55-425e-9932-455f92f72533
product links: [[[FirefoxDriver: firefox on windows (c27da0b7-4a71-4d6d-9a0e-5998c28cb5fe)] -> xpath: //a[contains(@href, '/dp/')]], [[FirefoxDriver: firefox on windows (c27da0b7-4a71-4d6d-9a0e-5998c28cb5fe)] -> xpath: //a[contains(@href, '/dp/')]], [[FirefoxDriver: firefox on windows (c27da0b7-4a71-4d6d-9a0e-5998c28cb5fe)] -> xpath: //a[contains(@href, '/dp/')]], [[FirefoxDriver: firefox on windows (c27da0b7-4a71-4d6d-9a0e-5998c28cb5fe)] -> xpath: //a[contains(@href, '/dp/')]], [[FirefoxDriver: firefox on windows (c27da0b7-4a71-4d6d-9a0e-5998c28cb5fe)] -> xpath: //a[contains(@href, '/dp/')]], [[FirefoxDriver: firefox on windows (c27da0b7-4a71-4d6d-9a0e-5998c28cb5fe)] -> xpath: //a[contains(@href, '/dp/')]], [[FirefoxDriver: firefox on windows (c27da0b7-4a71-4d6d-9a0e-5998c28cb5fe)] -> xpath: //a[contains(@href, '/dp/')]], [[FirefoxDriver: firefox on windows (c27da0b7-4a71-4d6d-9a0e-5998c28cb5fe)] -> xpath: //a[contains(@href, '/dp/')]], [[FirefoxDriver: firefox on windows (c27da0b7-4a71-4d6d-9a0e-5998c28cb5fe)] -> xpath: //a[contains(@href, '/dp/')]], [[FirefoxDriver: firefox on windows (c27da0b7-4a71-4d6d-9a0e-5998c28cb5fe)] -> xpath: //a[contains(@href, '/dp/')]], [[FirefoxDriver: firefox on windows (c27da0b7-4a71-4d6d-9a0e-5998c28cb5fe)] -> xpath: //a[contains(@href, '/dp/')]], [[FirefoxDriver: firefox on windows (c27da0b7-4a71-4d6d-9a0e-5998c28cb5fe)] -> xpath: //a[contains(@href, '/dp/')]], [[FirefoxDriver: firefox on windows (c27da0b7-4a71-4d6d-9a0e-5998c28cb5fe)] -> xpath: //a[contains(@href, '/dp/')]], [[FirefoxDriver: firefox on windows (c27da0b7-4a71-4d6d-9a0e-5998c28cb5fe)] -> xpath: //a[contains(@href, '/dp/')]], [[FirefoxDriver: firefox on windows (c27da0b7-4a71-4d6d-9a0e-5998c28cb5fe)] -> xpath: //a[contains(@href, '/dp/')]], [[FirefoxDriver: firefox on windows (c27da0b7-4a71-4d6d-9a0e-5998c28cb5fe)] -> xpath: //a[contains(@href, '/dp/')]], [[FirefoxDriver: firefox on windows (c27da0b7-4a71-4d6d-9a0e-5998c28cb5fe)] -> xpath: //a[contains(@href, '/dp/')]], [[FirefoxDriver: firefox on windows (c27da0b7-4a71-4d6d-9a0e-5998c28cb5fe)] -> xpath: //a[contains(@href, '/dp/')]], [[FirefoxDriver: firefox on windows (c27da0b7-4a71-4d6d-9a0e-5998c28cb5fe)] -> xpath: //a[contains(@href, '/dp/')]], [[FirefoxDriver: firefox on windows (c27da0b7-4a71-4d6d-9a0e-5998c28cb5fe)] -> xpath: //a[contains(@href, '/dp/')]], [[FirefoxDriver: firefox on windows (c27da0b7-4a71-4d6d-9a0e-5998c28cb5fe)] -> xpath: //a[contains(@href, '/dp/')]], [[FirefoxDriver: firefox on windows (c27da0b7-4a71-4d6d-9a0e-5998c28cb5fe)] -> xpath: //a[contains(@href, '/dp/')]], [[FirefoxDriver: firefox on windows (c27da0b7-4a71-4d6d-9a0e-5998c28cb5fe)] -> xpath: //a[contains(@href, '/dp/')]], [[FirefoxDriver: firefox on windows (c27da0b7-4a71-4d6d-9a0e-5998c28cb5fe)] -> xpath: //a[contains(@href, '/dp/')]], [[FirefoxDriver: firefox on windows (c27da0b7-4a71-4d6d-9a0e-5998c28cb5fe)] -> xpath: //a[contains(@href, '/dp/')]], [[FirefoxDriver: firefox on windows (c27da0b7-4a71-4d6d-9a0e-5998c28cb5fe)] -> xpath: //a[contains(@href, '/dp/')]], [[FirefoxDriver: firefox on windows (c27da0b7-4a71-4d6d-9a0e-5998c28cb5fe)] -> xpath: //a[contains(@href, '/dp/')]], [[FirefoxDriver: firefox on windows (c27da0b7-4a71-4d6d-9a0e-5998c28cb5fe)] -> xpath: //a[contains(@href, '/dp/')]], [[FirefoxDriver: firefox on windows (c27da0b7-4a71-4d6d-9a0e-5998c28cb5fe)] -> xpath: //a[contains(@href, '/dp/')]], [[FirefoxDriver: firefox on windows (c27da0b7-4a71-4d6d-9a0e-5998c28cb5fe)] -> xpath: //a[contains(@href, '/dp/')]], [[FirefoxDriver: firefox on windows (c27da0b7-4a71-4d6d-9a0e-5998c28cb5fe)] -> xpath: //a[contains(@href, '/dp/')]], [[FirefoxDriver: firefox on windows (c27da0b7-4a71-4d6d-9a0e-5998c28cb5fe)] -> xpath: //a[contains(@href, '/dp/')]], [[FirefoxDriver: firefox on windows (c27da0b7-4a71-4d6d-9a0e-5998c28cb5fe)] -> xpath: //a[contains(@href, '/dp/')]], [[FirefoxDriver: firefox on windows (c27da0b7-4a71-4d6d-9a0e-5998c28cb5fe)] -> xpath: //a[contains(@href, '/dp/')]], [[FirefoxDriver: firefox on windows (c27da0b7-4a71-4d6d-9a0e-5998c28cb5fe)] -> xpath: //a[contains(@href, '/dp/')]], [[FirefoxDriver: firefox on windows (c27da0b7-4a71-4d6d-9a0e-5998c28cb5fe)] -> xpath: //a[contains(@href, '/dp/')]], [[FirefoxDriver: firefox on windows (c27da0b7-4a71-4d6d-9a0e-5998c28cb5fe)] -> xpath: //a[contains(@href, '/dp/')]], [[FirefoxDriver: firefox on windows (c27da0b7-4a71-4d6d-9a0e-5998c28cb5fe)] -> xpath: //a[contains(@href, '/dp/')]]]
found=https://www.amazon.in/Destinio-Large-Umbrella-Women-Close/dp/B089GM5Q7Z?pd_rd_w=wh11U&content-id=amzn1.sym.ae851f32-bade-4296-8906-358e9c0154ae&pf_rd_p=ae851f32-bade-4296-8906-358e9c0154ae&pf_rd_r=G6RFC4TG0F44XEHPV439&pd_rd_wg=oTRQw&pd_rd_r=f00fa30b-5400-46ca-9d92-eae526651c54&pd_rd_i=B089GM5Q7Z&ref_=BMSM_primeDeals_B089GM5Q7Z
found=https://www.amazon.in/FLYNGO-Carabiner-Protection-Windproof-Reinforced/dp/B0H7S93Q4Q?pd_rd_w=wh11U&content-id=amzn1.sym.ae851f32-bade-4296-8906-358e9c0154ae&pf_rd_p=ae851f32-bade-4296-8906-358e9c0154ae&pf_rd_r=G6RFC4TG0F44XEHPV439&pd_rd_wg=oTRQw&pd_rd_r=f00fa30b-5400-46ca-9d92-eae526651c54&pd_rd_i=B0H7S93Q4Q&ref_=BMSM_primeDeals_B0H7S93Q4Q
found=https://www.amazon.in/ZEEL-Sealed-Raincoat-Waterproof-Carrying/dp/B08947GQCM?pd_rd_w=wh11U&content-id=amzn1.sym.ae851f32-bade-4296-8906-358e9c0154ae&pf_rd_p=ae851f32-bade-4296-8906-358e9c0154ae&pf_rd_r=G6RFC4TG0F44XEHPV439&pd_rd_wg=oTRQw&pd_rd_r=f00fa30b-5400-46ca-9d92-eae526651c54&pd_rd_i=B08947GQCM&ref_=BMSM_primeDeals_B08947GQCM
found=https://www.amazon.in/Citizen-Reversible-Raincoat-Matching-Lightweight/dp/B0CPSLYDRD?pd_rd_w=wh11U&content-id=amzn1.sym.ae851f32-bade-4296-8906-358e9c0154ae&pf_rd_p=ae851f32-bade-4296-8906-358e9c0154ae&pf_rd_r=G6RFC4TG0F44XEHPV439&pd_rd_wg=oTRQw&pd_rd_r=f00fa30b-5400-46ca-9d92-eae526651c54&pd_rd_i=B0CPSLYDRD&ref_=BMSM_primeDeals_B0CPSLYDRD
found=https://www.amazon.in/Crocs-Womens-Platform-Barely-Women/dp/B0G596SGTJ?pd_rd_w=wh11U&content-id=amzn1.sym.ae851f32-bade-4296-8906-358e9c0154ae&pf_rd_p=ae851f32-bade-4296-8906-358e9c0154ae&pf_rd_r=G6RFC4TG0F44XEHPV439&pd_rd_wg=oTRQw&pd_rd_r=f00fa30b-5400-46ca-9d92-eae526651c54&pd_rd_i=B0G596SGTJ&ref_=BMSM_primeDeals_B0G596SGTJ
found=https://www.amazon.in/American-Tourister-BACKPACK-COMPARTMENT-ORGANIZER/dp/B0BTD4S4XF?pd_rd_w=wh11U&content-id=amzn1.sym.ae851f32-bade-4296-8906-358e9c0154ae&pf_rd_p=ae851f32-bade-4296-8906-358e9c0154ae&pf_rd_r=G6RFC4TG0F44XEHPV439&pd_rd_wg=oTRQw&pd_rd_r=f00fa30b-5400-46ca-9d92-eae526651c54&pd_rd_i=B0BTD4S4XF&ref_=BMSM_primeDeals_B0BTD4S4XF
found=https://www.amazon.in/MAXOSHINE-Microfiber-Bath-Soft-Towel-Absorbent-Bath/dp/B0CCPPTB93?pd_rd_w=wh11U&content-id=amzn1.sym.ae851f32-bade-4296-8906-358e9c0154ae&pf_rd_p=ae851f32-bade-4296-8906-358e9c0154ae&pf_rd_r=G6RFC4TG0F44XEHPV439&pd_rd_wg=oTRQw&pd_rd_r=f00fa30b-5400-46ca-9d92-eae526651c54&pd_rd_i=B0CCPPTB93&ref_=BMSM_primeDeals_B0CCPPTB93
found=https://www.amazon.in/LiMETRO-STEEL-Stand-Cloth-Black/dp/B0GNGZ6FBB?pd_rd_w=wh11U&content-id=amzn1.sym.ae851f32-bade-4296-8906-358e9c0154ae&pf_rd_p=ae851f32-bade-4296-8906-358e9c0154ae&pf_rd_r=G6RFC4TG0F44XEHPV439&pd_rd_wg=oTRQw&pd_rd_r=f00fa30b-5400-46ca-9d92-eae526651c54&pd_rd_i=B0GNGZ6FBB&ref_=BMSM_primeDeals_B0GNGZ6FBB
found=https://www.amazon.in/Bajaj-Advance-Soleplate-Anti-bacterial-Technology/dp/B00F159RIK?pd_rd_w=wh11U&content-id=amzn1.sym.ae851f32-bade-4296-8906-358e9c0154ae&pf_rd_p=ae851f32-bade-4296-8906-358e9c0154ae&pf_rd_r=G6RFC4TG0F44XEHPV439&pd_rd_wg=oTRQw&pd_rd_r=f00fa30b-5400-46ca-9d92-eae526651c54&pd_rd_i=B00F159RIK&ref_=BMSM_primeDeals_B00F159RIK
found=https://www.amazon.in/vivo-X300-FE-Additional-Exchange/dp/B0GX9L2H28?ref=dlx_deals_dg_dcl_B0GX9L2H28_dt_sl10_33_pi&pf_rd_r=G6RFC4TG0F44XEHPV439&pf_rd_p=a1f490ce-fe55-425e-9932-455f92f72533&sbo=RZvfv%2F%2FHxDF%2BO5021pAnSA%3D%3D
found=https://www.amazon.in/vivo-X300-FE-Additional-Exchange/dp/B0GX9L2H28?ref=dlx_deals_dg_dcl_B0GX9L2H28_dt_sl10_33&pf_rd_r=G6RFC4TG0F44XEHPV439&pf_rd_p=a1f490ce-fe55-425e-9932-455f92f72533&sbo=RZvfv%2F%2FHxDF%2BO5021pAnSA%3D%3D
found=https://www.amazon.in/vivo-X300-FE-Additional-Exchange/dp/B0GX9L2H28?ref=dlx_deals_dg_dcl_B0GX9L2H28_dt_sl10_33_rv&pf_rd_r=G6RFC4TG0F44XEHPV439&pf_rd_p=a1f490ce-fe55-425e-9932-455f92f72533&sbo=RZvfv%2F%2FHxDF%2BO5021pAnSA%3D%3D#customerReviews
found=https://www.amazon.in/vivo-X300-FE-Additional-Exchange/dp/B0GX9L2H28?ref=dlx_deals_dg_dcl_B0GX9L2H28_dt_sl10_33_rv&pf_rd_r=G6RFC4TG0F44XEHPV439&pf_rd_p=a1f490ce-fe55-425e-9932-455f92f72533&sbo=RZvfv%2F%2FHxDF%2BO5021pAnSA%3D%3D#averageCustomerReviewsAnchor
found=https://www.amazon.in/vivo-X300-FE-Additional-Exchange/dp/B0GX9L2H28?ref=dlx_deals_dg_dcl_B0GX9L2H28_dt_sl10_33_cs&pf_rd_r=G6RFC4TG0F44XEHPV439&pf_rd_p=a1f490ce-fe55-425e-9932-455f92f72533
found=https://www.amazon.in/dp/B0H8Y81CCD?ref=dlx_deals_dg_dcl_B0H8Y81CCD_dt_sl10_33_cs&pf_rd_r=G6RFC4TG0F44XEHPV439&pf_rd_p=a1f490ce-fe55-425e-9932-455f92f72533
found=https://www.amazon.in/dp/B0H9KHX5WQ?ref=dlx_deals_dg_dcl_B0H9KHX5WQ_dt_sl10_33_cs&pf_rd_r=G6RFC4TG0F44XEHPV439&pf_rd_p=a1f490ce-fe55-425e-9932-455f92f72533
found=https://www.amazon.in/ASUS-Vivobook-i5-13420H-Keyboard-X1502VA-BQ1297WS/dp/B0FN97FRVS?ref=dlx_deals_dg_dcl_B0FN97FRVS_dt_sl10_33_pi&pf_rd_r=G6RFC4TG0F44XEHPV439&pf_rd_p=a1f490ce-fe55-425e-9932-455f92f72533&sbo=RZvfv%2F%2FHxDF%2BO5021pAnSA%3D%3D
found=https://www.amazon.in/ASUS-Vivobook-i5-13420H-Keyboard-X1502VA-BQ1297WS/dp/B0FN97FRVS?ref=dlx_deals_dg_dcl_B0FN97FRVS_dt_sl10_33&pf_rd_r=G6RFC4TG0F44XEHPV439&pf_rd_p=a1f490ce-fe55-425e-9932-455f92f72533&sbo=RZvfv%2F%2FHxDF%2BO5021pAnSA%3D%3D
found=https://www.amazon.in/ASUS-Vivobook-i5-13420H-Keyboard-X1502VA-BQ1297WS/dp/B0FN97FRVS?ref=dlx_deals_dg_dcl_B0FN97FRVS_dt_sl10_33_rv&pf_rd_r=G6RFC4TG0F44XEHPV439&pf_rd_p=a1f490ce-fe55-425e-9932-455f92f72533&sbo=RZvfv%2F%2FHxDF%2BO5021pAnSA%3D%3D#customerReviews
found=https://www.amazon.in/ASUS-Vivobook-i5-13420H-Keyboard-X1502VA-BQ1297WS/dp/B0FN97FRVS?ref=dlx_deals_dg_dcl_B0FN97FRVS_dt_sl10_33_rv&pf_rd_r=G6RFC4TG0F44XEHPV439&pf_rd_p=a1f490ce-fe55-425e-9932-455f92f72533&sbo=RZvfv%2F%2FHxDF%2BO5021pAnSA%3D%3D#averageCustomerReviewsAnchor
found=https://www.amazon.in/ECOVACS-N30-White-Technology-TrueMapping/dp/B0FL2458CF?ref=dlx_deals_dg_dcl_B0FL2458CF_dt_sl10_33_pi&pf_rd_r=G6RFC4TG0F44XEHPV439&pf_rd_p=a1f490ce-fe55-425e-9932-455f92f72533&sbo=RZvfv%2F%2FHxDF%2BO5021pAnSA%3D%3D
found=https://www.amazon.in/ECOVACS-N30-White-Technology-TrueMapping/dp/B0FL2458CF?ref=dlx_deals_dg_dcl_B0FL2458CF_dt_sl10_33&pf_rd_r=G6RFC4TG0F44XEHPV439&pf_rd_p=a1f490ce-fe55-425e-9932-455f92f72533&sbo=RZvfv%2F%2FHxDF%2BO5021pAnSA%3D%3D
found=https://www.amazon.in/ECOVACS-N30-White-Technology-TrueMapping/dp/B0FL2458CF?ref=dlx_deals_dg_dcl_B0FL2458CF_dt_sl10_33_rv&pf_rd_r=G6RFC4TG0F44XEHPV439&pf_rd_p=a1f490ce-fe55-425e-9932-455f92f72533&sbo=RZvfv%2F%2FHxDF%2BO5021pAnSA%3D%3D#customerReviews
found=https://www.amazon.in/ECOVACS-N30-White-Technology-TrueMapping/dp/B0FL2458CF?ref=dlx_deals_dg_dcl_B0FL2458CF_dt_sl10_33_rv&pf_rd_r=G6RFC4TG0F44XEHPV439&pf_rd_p=a1f490ce-fe55-425e-9932-455f92f72533&sbo=RZvfv%2F%2FHxDF%2BO5021pAnSA%3D%3D#averageCustomerReviewsAnchor
found=https://www.amazon.in/Haier-Automatic-HWM70-AEN-Moonlight-Stainless/dp/B0HBB7FLH4?ref=dlx_deals_dg_dcl_B0HBB7FLH4_dt_sl10_33_pi&pf_rd_r=G6RFC4TG0F44XEHPV439&pf_rd_p=a1f490ce-fe55-425e-9932-455f92f72533&sbo=RZvfv%2F%2FHxDF%2BO5021pAnSA%3D%3D
found=https://www.amazon.in/Haier-Automatic-HWM70-AEN-Moonlight-Stainless/dp/B0HBB7FLH4?ref=dlx_deals_dg_dcl_B0HBB7FLH4_dt_sl10_33&pf_rd_r=G6RFC4TG0F44XEHPV439&pf_rd_p=a1f490ce-fe55-425e-9932-455f92f72533&sbo=RZvfv%2F%2FHxDF%2BO5021pAnSA%3D%3D
found=https://www.amazon.in/Haier-Automatic-HWM70-AEN-Moonlight-Stainless/dp/B0HBB7FLH4?ref=dlx_deals_dg_dcl_B0HBB7FLH4_dt_sl10_33_rv&pf_rd_r=G6RFC4TG0F44XEHPV439&pf_rd_p=a1f490ce-fe55-425e-9932-455f92f72533&sbo=RZvfv%2F%2FHxDF%2BO5021pAnSA%3D%3D#customerReviews
found=https://www.amazon.in/Haier-Automatic-HWM70-AEN-Moonlight-Stainless/dp/B0HBB7FLH4?ref=dlx_deals_dg_dcl_B0HBB7FLH4_dt_sl10_33_rv&pf_rd_r=G6RFC4TG0F44XEHPV439&pf_rd_p=a1f490ce-fe55-425e-9932-455f92f72533&sbo=RZvfv%2F%2FHxDF%2BO5021pAnSA%3D%3D#averageCustomerReviewsAnchor
found=https://www.amazon.in/Tecno-Midnight-6500mAh-Charger-Protection/dp/B0GW5XR5J6?ref=dlx_deals_dg_dcl_B0GW5XR5J6_dt_sl10_33_pi&pf_rd_r=G6RFC4TG0F44XEHPV439&pf_rd_p=a1f490ce-fe55-425e-9932-455f92f72533&sbo=RZvfv%2F%2FHxDF%2BO5021pAnSA%3D%3D
found=https://www.amazon.in/Tecno-Midnight-6500mAh-Charger-Protection/dp/B0GW5XR5J6?ref=dlx_deals_dg_dcl_B0GW5XR5J6_dt_sl10_33&pf_rd_r=G6RFC4TG0F44XEHPV439&pf_rd_p=a1f490ce-fe55-425e-9932-455f92f72533&sbo=RZvfv%2F%2FHxDF%2BO5021pAnSA%3D%3D
found=https://www.amazon.in/Tecno-Midnight-6500mAh-Charger-Protection/dp/B0GW5XR5J6?ref=dlx_deals_dg_dcl_B0GW5XR5J6_dt_sl10_33_rv&pf_rd_r=G6RFC4TG0F44XEHPV439&pf_rd_p=a1f490ce-fe55-425e-9932-455f92f72533&sbo=RZvfv%2F%2FHxDF%2BO5021pAnSA%3D%3D#customerReviews
found=https://www.amazon.in/Tecno-Midnight-6500mAh-Charger-Protection/dp/B0GW5XR5J6?ref=dlx_deals_dg_dcl_B0GW5XR5J6_dt_sl10_33_rv&pf_rd_r=G6RFC4TG0F44XEHPV439&pf_rd_p=a1f490ce-fe55-425e-9932-455f92f72533&sbo=RZvfv%2F%2FHxDF%2BO5021pAnSA%3D%3D#averageCustomerReviewsAnchor
found=https://www.amazon.in/Tecno-Midnight-6500mAh-Charger-Protection/dp/B0GW5XR5J6?ref=dlx_deals_dg_dcl_B0GW5XR5J6_dt_sl10_33_cs&pf_rd_r=G6RFC4TG0F44XEHPV439&pf_rd_p=a1f490ce-fe55-425e-9932-455f92f72533
found=https://www.amazon.in/dp/B0GW61YKQK?ref=dlx_deals_dg_dcl_B0GW61YKQK_dt_sl10_33_cs&pf_rd_r=G6RFC4TG0F44XEHPV439&pf_rd_p=a1f490ce-fe55-425e-9932-455f92f72533
a = 48
page title:  Facebook
current window id - 9937dfd5-3a29-4038-894e-16e285dd8dc2
total window id's [9937dfd5-3a29-4038-894e-16e285dd8dc2]

********************* After opening the insta page ********************************
page title: Instagram
current window id - 9937dfd5-3a29-4038-894e-16e285dd8dc2
total window id's [9937dfd5-3a29-4038-894e-16e285dd8dc2, 8ab3bc5e-ed60-46b5-9e95-5c8721d7551d]

********************* After switching to the insta page ********************************
page title: Instagram
current window id - 9937dfd5-3a29-4038-894e-16e285dd8dc2
total window id's [9937dfd5-3a29-4038-894e-16e285dd8dc2, 8ab3bc5e-ed60-46b5-9e95-5c8721d7551d]

********************* After switching to the fb page ********************************
page title: Instagram
current window id - 9937dfd5-3a29-4038-894e-16e285dd8dc2
total window id's [9937dfd5-3a29-4038-894e-16e285dd8dc2, 8ab3bc5e-ed60-46b5-9e95-5c8721d7551d]
The element with the reference 336d6ec7-1f24-452d-97aa-e60a71dcc7ef is stale; either its node document is not the active document, or it is no longer connected to the DOM
For documentation on this error, please visit: https://www.selenium.dev/documentation/webdriver/troubleshooting/errors#staleelementreferenceexception
Build info: version: '4.48.0', revision: '27f5213 27f5213055e28398a5105b7892b7a3bb2012a6ef'
System info: os.name: 'Windows 11', os.arch: 'amd64', os.version: '10.0', java.version: '21.0.4'
Driver info: org.openqa.selenium.firefox.FirefoxDriver
Command: [0ce1a4ea-c1f1-4371-b1c6-eb2cbf59f9ae, clickElement {id=336d6ec7-1f24-452d-97aa-e60a71dcc7ef}]
Capabilities {acceptInsecureCerts: true, browserName: firefox, browserVersion: 155.0.1, moz:accessibilityChecks: false, moz:buildID: 20260903215306, moz:geckodriverVersion: 0.37.1, moz:headless: false, moz:platformVersion: 10.0, moz:processID: 23908, moz:profile: C:\Users\DELLEN~1\AppData\L..., moz:shutdownTimeout: 60000, moz:webdriverClick: true, moz:windowless: false, pageLoadStrategy: normal, platformName: windows, proxy: Proxy(), setWindowRect: true, strictFileInteractability: false, timeouts: {implicit: 0, pageLoad: 300000, script: 30000}, unhandledPromptBehavior: dismiss and notify, userAgent: Mozilla/5.0 (Windows NT 10....}
Element: [[FirefoxDriver: firefox on windows (0ce1a4ea-c1f1-4371-b1c6-eb2cbf59f9ae)] -> name: email]
Session ID: 0ce1a4ea-c1f1-4371-b1c6-eb2cbf59f9ae]]>
  </system-out>
</testsuite> <!-- test.Sr7_StaleEle -->
